SIMLOG:: Cycle           4 PC: 00000000 I: 0000c06f R: 0   0 00000000 M: 0 0 00000000 0000xxxx
SIMLOG:: Cycle           5 PC: 00000002 I: 00009052 R: 0   0 00000000 M: 0 0 00000000 0000xxxx
SIMLOG:: Cycle           6 PC: 00000004 I: 0000c17f R: 0   0 00000000 M: 0 0 00000000 0000xxxx
SIMLOG:: Cycle           7 PC: 00000006 I: 000091f6 R: 0   0 00000000 M: 0 0 0000006f 0000xxxx
SIMLOG:: Cycle           8 PC: 00000008 I: 0000c29f R: 1   0 0000006f M: 0 0 00006f52 0000xxxx
SIMLOG:: Cycle           9 PC: 0000000a I: 00009249 R: 1   0 00006f52 M: 0 0 0000007f 0000xxxx
SIMLOG:: Cycle          10 PC: 0000000c I: 0000c365 R: 1   1 0000007f M: 0 0 00007ff6 0000xxxx
SIMLOG:: Cycle          11 PC: 0000000e I: 00009379 R: 1   1 00007ff6 M: 0 0 0000ff9f 0000xxxx
SIMLOG:: Cycle          12 PC: 00000010 I: 0000c461 R: 1   2 0000ff9f M: 0 0 00009f49 0000xxxx
SIMLOG:: Cycle          13 PC: 00000012 I: 00009454 R: 1   2 00009f49 M: 0 0 00000065 0000xxxx
SIMLOG:: Cycle          14 PC: 00000014 I: 0000c5cd R: 1   3 00000065 M: 0 0 00006579 0000xxxx
SIMLOG:: Cycle          15 PC: 00000016 I: 00009581 R: 1   3 00006579 M: 0 0 00000061 0000xxxx
SIMLOG:: Cycle          16 PC: 00000018 I: 0000c65b R: 1   4 00000061 M: 0 0 00006154 0000xxxx
SIMLOG:: Cycle          17 PC: 0000001a I: 0000961d R: 1   4 00006154 M: 0 0 0000ffcd 0000xxxx
SIMLOG:: Cycle          18 PC: 0000001c I: 0000c76c R: 1   5 0000ffcd M: 0 0 0000cd81 0000xxxx
SIMLOG:: Cycle          19 PC: 0000001e I: 00009746 R: 1   5 0000cd81 M: 0 0 0000005b 0000xxxx
SIMLOG:: Cycle          20 PC: 00000020 I: 0000502f R: 1   6 0000005b M: 0 0 00005b1d 0000xxxx
SIMLOG:: Cycle          21 PC: 00000022 I: 0000546d R: 1   6 00005b1d M: 0 0 0000006c 0000xxxx
SIMLOG:: Cycle          22 PC: 00000024 I: 000051ee R: 1   7 0000006c M: 0 0 00006c46 0000xxxx
SIMLOG:: Cycle          23 PC: 00000026 I: 0000500a R: 1   7 00006c46 M: 0 0 00006f5d 0000xxxx
SIMLOG:: Cycle          24 PC: 00000028 I: 000057ef R: 1   1 00006f5d M: 0 0 00006159 0000xxxx
SIMLOG:: Cycle          25 PC: 0000002a I: 00005723 R: 1   3 00006159 M: 0 0 00006f53 0000xxxx
SIMLOG:: Cycle          26 PC: 0000002c I: 00005149 R: 1   7 00006f53 M: 0 0 00006f58 0000xxxx
SIMLOG:: Cycle          27 PC: 0000002e I: 0000506f R: 1   0 00006f58 M: 0 0 00006f5c 0000xxxx
SIMLOG:: Cycle          28 PC: 00000030 I: 000054a8 R: 1   7 00006f5c M: 0 0 00006f5f 0000xxxx
SIMLOG:: Cycle          29 PC: 00000032 I: 000050c0 R: 1   1 00006f5f M: 0 0 00006f56 0000xxxx
SIMLOG:: Cycle          30 PC: 00000034 I: 000053ca R: 1   2 00006f56 M: 0 0 00006f57 0000xxxx
SIMLOG:: Cycle          31 PC: 00000036 I: 00005569 R: 1   3 00006f57 M: 0 0 0000615c 0000xxxx
SIMLOG:: Cycle          32 PC: 00000038 I: 000055e1 R: 1   5 0000615c M: 0 0 00006f58 0000xxxx
SIMLOG:: Cycle          33 PC: 0000003a I: 000056a3 R: 1   6 00006f58 M: 0 0 00006f5d 0000xxxx
SIMLOG:: Cycle          34 PC: 0000003c I: 00005209 R: 1   6 00006f5d M: 0 0 00006155 0000xxxx
SIMLOG:: Cycle          35 PC: 0000003e I: 0000546a R: 1   3 00006155 M: 0 0 0000615d 0000xxxx
SIMLOG:: Cycle          36 PC: 00000040 I: 00000000 R: 1   7 0000615d M: 0 0 00006f5e 0000xxxx
SIMLOG:: Cycle          37 PC: 00000042 I: 00000000 R: 1   5 00006f5e M: 0 0 00006f5f 0000xxxx
SIMLOG:: Cycle          38 PC: 00000042 I: 00000000 R: 1   0 00006f5f M: 0 0 0000615e 0000xxxx
SIMLOG:: Cycle          39 PC: 00000042 I: 00000000 R: 1   3 0000615e M: 0 0 00000000 0000xxxx
SIMLOG:: Cycle          40 PC: 00000042 I: 00000000 R: 0   0 00000000 M: 0 0 00000000 0000xxxx
SIMLOG:: Processor halted

SIMLOG:: sim_cycles          40

SIMLOG:: inst_count          33

SIMLOG:: dcachehit_count           0

SIMLOG:: icachehit_count           0

SIMLOG:: dcachereq_count           0

SIMLOG:: icachereq_count           0

