/u/s/i/sinclair/courses/cs552/spring2023/handouts/testprograms/public/rand_final/ldld_rand_large.asm SUCCESS CPI:6.2 CYCLES:6400 ICOUNT:1035 IHITRATE: 33.1 DHITRATE: 96.8
/u/s/i/sinclair/courses/cs552/spring2023/handouts/testprograms/public/rand_final/ldld_rand_small.asm SUCCESS CPI:6.2 CYCLES:6400 ICOUNT:1035 IHITRATE: 33.1 DHITRATE: 96.8
/u/s/i/sinclair/courses/cs552/spring2023/handouts/testprograms/public/rand_final/ldst_rand_large.asm SUCCESS CPI:5.4 CYCLES:7660 ICOUNT:1417 IHITRATE: 33.0 DHITRATE: 91.4
/u/s/i/sinclair/courses/cs552/spring2023/handouts/testprograms/public/rand_final/ldst_rand_small.asm SUCCESS CPI:5.3 CYCLES:7468 ICOUNT:1417 IHITRATE: 33.0 DHITRATE: 95.0
/u/s/i/sinclair/courses/cs552/spring2023/handouts/testprograms/public/rand_final/t_100_all.asm SUCCESS CPI:6.1 CYCLES:2044 ICOUNT:334 IHITRATE: 14.9 DHITRATE: 70.4
/u/s/i/sinclair/courses/cs552/spring2023/handouts/testprograms/public/rand_final/t_100_ctrl.asm SUCCESS CPI:6.1 CYCLES:3919 ICOUNT:647 IHITRATE: 14.5 DHITRATE: 78.0
/u/s/i/sinclair/courses/cs552/spring2023/handouts/testprograms/public/rand_final/t_100_icache.asm SUCCESS CPI:46.4 CYCLES:928 ICOUNT:20 IHITRATE: 1.1 DHITRATE: 0
/u/s/i/sinclair/courses/cs552/spring2023/handouts/testprograms/public/rand_final/t_100_idcache.asm SUCCESS CPI:9.7 CYCLES:3871 ICOUNT:401 IHITRATE: 22.8 DHITRATE: 35.2
/u/s/i/sinclair/courses/cs552/spring2023/handouts/testprograms/public/rand_final/t_100_mem.asm SUCCESS CPI:9.1 CYCLES:12988 ICOUNT:1427 IHITRATE: 20.8 DHITRATE: 94.4
/u/s/i/sinclair/courses/cs552/spring2023/handouts/testprograms/public/rand_final/t_101_all.asm SUCCESS CPI:6.0 CYCLES:2692 ICOUNT:449 IHITRATE: 15.2 DHITRATE: 71.4
/u/s/i/sinclair/courses/cs552/spring2023/handouts/testprograms/public/rand_final/t_101_ctrl.asm SUCCESS CPI:5.9 CYCLES:4984 ICOUNT:850 IHITRATE: 15.4 DHITRATE: 81.7
/u/s/i/sinclair/courses/cs552/spring2023/handouts/testprograms/public/rand_final/t_101_icache.asm SUCCESS CPI:26.8 CYCLES:1126 ICOUNT:42 IHITRATE: 2.6 DHITRATE: 0
/u/s/i/sinclair/courses/cs552/spring2023/handouts/testprograms/public/rand_final/t_101_idcache.asm SUCCESS CPI:9.5 CYCLES:3931 ICOUNT:413 IHITRATE: 24.0 DHITRATE: 35.1
/u/s/i/sinclair/courses/cs552/spring2023/handouts/testprograms/public/rand_final/t_101_mem.asm SUCCESS CPI:9.2 CYCLES:13054 ICOUNT:1422 IHITRATE: 20.8 DHITRATE: 94.7
/u/s/i/sinclair/courses/cs552/spring2023/handouts/testprograms/public/rand_final/t_102_all.asm SUCCESS CPI:6.1 CYCLES:2215 ICOUNT:365 IHITRATE: 15.1 DHITRATE: 61.3
/u/s/i/sinclair/courses/cs552/spring2023/handouts/testprograms/public/rand_final/t_102_ctrl.asm SUCCESS CPI:5.9 CYCLES:5014 ICOUNT:856 IHITRATE: 15.4 DHITRATE: 74.0
/u/s/i/sinclair/courses/cs552/spring2023/handouts/testprograms/public/rand_final/t_102_icache.asm SUCCESS CPI:21.9 CYCLES:1312 ICOUNT:60 IHITRATE: 3.3 DHITRATE: 0
/u/s/i/sinclair/courses/cs552/spring2023/handouts/testprograms/public/rand_final/t_102_idcache.asm SUCCESS CPI:10.4 CYCLES:3484 ICOUNT:335 IHITRATE: 22.6 DHITRATE: 31.1
/u/s/i/sinclair/courses/cs552/spring2023/handouts/testprograms/public/rand_final/t_102_mem.asm SUCCESS CPI:8.7 CYCLES:13228 ICOUNT:1529 IHITRATE: 20.5 DHITRATE: 96.5
/u/s/i/sinclair/courses/cs552/spring2023/handouts/testprograms/public/rand_final/t_103_all.asm SUCCESS CPI:5.6 CYCLES:2551 ICOUNT:453 IHITRATE: 15.3 DHITRATE: 57.7
/u/s/i/sinclair/courses/cs552/spring2023/handouts/testprograms/public/rand_final/t_103_ctrl.asm SUCCESS CPI:6.0 CYCLES:4885 ICOUNT:815 IHITRATE: 15.4 DHITRATE: 76.5
/u/s/i/sinclair/courses/cs552/spring2023/handouts/testprograms/public/rand_final/t_103_icache.asm SUCCESS CPI:11.7 CYCLES:1450 ICOUNT:124 IHITRATE: 5.9 DHITRATE: 0
/u/s/i/sinclair/courses/cs552/spring2023/handouts/testprograms/public/rand_final/t_103_idcache.asm SUCCESS CPI:9.6 CYCLES:3607 ICOUNT:374 IHITRATE: 22.8 DHITRATE: 36.7
/u/s/i/sinclair/courses/cs552/spring2023/handouts/testprograms/public/rand_final/t_103_mem.asm SUCCESS CPI:8.9 CYCLES:12997 ICOUNT:1468 IHITRATE: 20.5 DHITRATE: 97.3
/u/s/i/sinclair/courses/cs552/spring2023/handouts/testprograms/public/rand_final/t_104_all.asm SUCCESS CPI:5.8 CYCLES:2662 ICOUNT:456 IHITRATE: 15.2 DHITRATE: 63.0
/u/s/i/sinclair/courses/cs552/spring2023/handouts/testprograms/public/rand_final/t_104_ctrl.asm SUCCESS CPI:5.9 CYCLES:4552 ICOUNT:766 IHITRATE: 15.1 DHITRATE: 72.1
/u/s/i/sinclair/courses/cs552/spring2023/handouts/testprograms/public/rand_final/t_104_icache.asm SUCCESS CPI:21.7 CYCLES:1018 ICOUNT:47 IHITRATE: 2.6 DHITRATE: 0
/u/s/i/sinclair/courses/cs552/spring2023/handouts/testprograms/public/rand_final/t_104_idcache.asm SUCCESS CPI:10.8 CYCLES:3352 ICOUNT:311 IHITRATE: 22.7 DHITRATE: 21.1
/u/s/i/sinclair/courses/cs552/spring2023/handouts/testprograms/public/rand_final/t_104_mem.asm SUCCESS CPI:8.6 CYCLES:13348 ICOUNT:1550 IHITRATE: 20.5 DHITRATE: 96.1
/u/s/i/sinclair/courses/cs552/spring2023/handouts/testprograms/public/rand_final/t_105_all.asm SUCCESS CPI:5.9 CYCLES:2674 ICOUNT:453 IHITRATE: 15.4 DHITRATE: 60.7
/u/s/i/sinclair/courses/cs552/spring2023/handouts/testprograms/public/rand_final/t_105_ctrl.asm SUCCESS CPI:6.0 CYCLES:4750 ICOUNT:798 IHITRATE: 15.1 DHITRATE: 72.4
/u/s/i/sinclair/courses/cs552/spring2023/handouts/testprograms/public/rand_final/t_105_icache.asm SUCCESS CPI:15.5 CYCLES:1165 ICOUNT:75 IHITRATE: 4.4 DHITRATE: 0
/u/s/i/sinclair/courses/cs552/spring2023/handouts/testprograms/public/rand_final/t_105_idcache.asm SUCCESS CPI:10.3 CYCLES:3466 ICOUNT:335 IHITRATE: 22.8 DHITRATE: 22.5
/u/s/i/sinclair/courses/cs552/spring2023/handouts/testprograms/public/rand_final/t_105_mem.asm SUCCESS CPI:9.0 CYCLES:12922 ICOUNT:1440 IHITRATE: 20.7 DHITRATE: 95.7
/u/s/i/sinclair/courses/cs552/spring2023/handouts/testprograms/public/rand_final/t_106_all.asm SUCCESS CPI:5.8 CYCLES:2761 ICOUNT:472 IHITRATE: 15.2 DHITRATE: 70.7
/u/s/i/sinclair/courses/cs552/spring2023/handouts/testprograms/public/rand_final/t_106_ctrl.asm SUCCESS CPI:5.8 CYCLES:4738 ICOUNT:812 IHITRATE: 15.6 DHITRATE: 73.2
/u/s/i/sinclair/courses/cs552/spring2023/handouts/testprograms/public/rand_final/t_106_icache.asm SUCCESS CPI:30.3 CYCLES:1150 ICOUNT:38 IHITRATE: 2.2 DHITRATE: 0
/u/s/i/sinclair/courses/cs552/spring2023/handouts/testprograms/public/rand_final/t_106_idcache.asm SUCCESS CPI:10.8 CYCLES:3535 ICOUNT:326 IHITRATE: 22.1 DHITRATE: 26.7
/u/s/i/sinclair/courses/cs552/spring2023/handouts/testprograms/public/rand_final/t_106_mem.asm SUCCESS CPI:9.1 CYCLES:12979 ICOUNT:1427 IHITRATE: 20.8 DHITRATE: 94.8
/u/s/i/sinclair/courses/cs552/spring2023/handouts/testprograms/public/rand_final/t_107_all.asm SUCCESS CPI:5.8 CYCLES:2497 ICOUNT:428 IHITRATE: 15.0 DHITRATE: 65.6
/u/s/i/sinclair/courses/cs552/spring2023/handouts/testprograms/public/rand_final/t_107_ctrl.asm SUCCESS CPI:5.9 CYCLES:4669 ICOUNT:792 IHITRATE: 15.2 DHITRATE: 76.9
/u/s/i/sinclair/courses/cs552/spring2023/handouts/testprograms/public/rand_final/t_107_icache.asm SUCCESS CPI:21.2 CYCLES:1105 ICOUNT:52 IHITRATE: 3.3 DHITRATE: 0
/u/s/i/sinclair/courses/cs552/spring2023/handouts/testprograms/public/rand_final/t_107_idcache.asm SUCCESS CPI:11.0 CYCLES:3577 ICOUNT:326 IHITRATE: 21.8 DHITRATE: 25.9
/u/s/i/sinclair/courses/cs552/spring2023/handouts/testprograms/public/rand_final/t_107_mem.asm SUCCESS CPI:9.1 CYCLES:12853 ICOUNT:1417 IHITRATE: 20.8 DHITRATE: 95.2
/u/s/i/sinclair/courses/cs552/spring2023/handouts/testprograms/public/rand_final/t_108_all.asm SUCCESS CPI:5.7 CYCLES:2632 ICOUNT:464 IHITRATE: 15.9 DHITRATE: 64.9
/u/s/i/sinclair/courses/cs552/spring2023/handouts/testprograms/public/rand_final/t_108_ctrl.asm SUCCESS CPI:5.8 CYCLES:4822 ICOUNT:836 IHITRATE: 15.1 DHITRATE: 78.9
/u/s/i/sinclair/courses/cs552/spring2023/handouts/testprograms/public/rand_final/t_108_icache.asm SUCCESS CPI:31.0 CYCLES:868 ICOUNT:28 IHITRATE: 1.6 DHITRATE: 0
/u/s/i/sinclair/courses/cs552/spring2023/handouts/testprograms/public/rand_final/t_108_idcache.asm SUCCESS CPI:10.7 CYCLES:3637 ICOUNT:341 IHITRATE: 22.6 DHITRATE: 31.2
/u/s/i/sinclair/courses/cs552/spring2023/handouts/testprograms/public/rand_final/t_108_mem.asm SUCCESS CPI:8.6 CYCLES:13387 ICOUNT:1562 IHITRATE: 20.6 DHITRATE: 94.8
/u/s/i/sinclair/courses/cs552/spring2023/handouts/testprograms/public/rand_final/t_109_all.asm SUCCESS CPI:6.0 CYCLES:2041 ICOUNT:339 IHITRATE: 15.2 DHITRATE: 83.3
/u/s/i/sinclair/courses/cs552/spring2023/handouts/testprograms/public/rand_final/t_109_ctrl.asm SUCCESS CPI:5.9 CYCLES:4930 ICOUNT:840 IHITRATE: 15.2 DHITRATE: 86.4
/u/s/i/sinclair/courses/cs552/spring2023/handouts/testprograms/public/rand_final/t_109_icache.asm SUCCESS CPI:23.7 CYCLES:1162 ICOUNT:49 IHITRATE: 2.8 DHITRATE: 0
/u/s/i/sinclair/courses/cs552/spring2023/handouts/testprograms/public/rand_final/t_109_idcache.asm SUCCESS CPI:10.4 CYCLES:3619 ICOUNT:347 IHITRATE: 23.1 DHITRATE: 17.4
/u/s/i/sinclair/courses/cs552/spring2023/handouts/testprograms/public/rand_final/t_109_mem.asm SUCCESS CPI:9.3 CYCLES:12826 ICOUNT:1385 IHITRATE: 20.8 DHITRATE: 95.5
/u/s/i/sinclair/courses/cs552/spring2023/handouts/testprograms/public/rand_final/t_10_mem.asm SUCCESS CPI:8.5 CYCLES:13456 ICOUNT:1576 IHITRATE: 20.4 DHITRATE: 96.4
/u/s/i/sinclair/courses/cs552/spring2023/handouts/testprograms/public/rand_final/t_110_all.asm SUCCESS CPI:5.7 CYCLES:2599 ICOUNT:457 IHITRATE: 15.3 DHITRATE: 84.6
/u/s/i/sinclair/courses/cs552/spring2023/handouts/testprograms/public/rand_final/t_110_ctrl.asm SUCCESS CPI:5.7 CYCLES:5215 ICOUNT:915 IHITRATE: 15.7 DHITRATE: 80.0
/u/s/i/sinclair/courses/cs552/spring2023/handouts/testprograms/public/rand_final/t_110_icache.asm SUCCESS CPI:40.2 CYCLES:1126 ICOUNT:28 IHITRATE: 1.7 DHITRATE: 0
/u/s/i/sinclair/courses/cs552/spring2023/handouts/testprograms/public/rand_final/t_110_idcache.asm SUCCESS CPI:10.2 CYCLES:3943 ICOUNT:386 IHITRATE: 22.9 DHITRATE: 27.2
/u/s/i/sinclair/courses/cs552/spring2023/handouts/testprograms/public/rand_final/t_110_mem.asm SUCCESS CPI:8.7 CYCLES:13036 ICOUNT:1502 IHITRATE: 20.6 DHITRATE: 95.4
/u/s/i/sinclair/courses/cs552/spring2023/handouts/testprograms/public/rand_final/t_111_all.asm SUCCESS CPI:6.2 CYCLES:2443 ICOUNT:396 IHITRATE: 14.6 DHITRATE: 73.7
/u/s/i/sinclair/courses/cs552/spring2023/handouts/testprograms/public/rand_final/t_111_ctrl.asm SUCCESS CPI:5.8 CYCLES:5287 ICOUNT:912 IHITRATE: 15.3 DHITRATE: 74.1
/u/s/i/sinclair/courses/cs552/spring2023/handouts/testprograms/public/rand_final/t_111_icache.asm SUCCESS CPI:27.2 CYCLES:1087 ICOUNT:40 IHITRATE: 2.3 DHITRATE: 0
/u/s/i/sinclair/courses/cs552/spring2023/handouts/testprograms/public/rand_final/t_111_idcache.asm SUCCESS CPI:10.3 CYCLES:4036 ICOUNT:392 IHITRATE: 23.9 DHITRATE: 17.9
/u/s/i/sinclair/courses/cs552/spring2023/handouts/testprograms/public/rand_final/t_111_mem.asm FAILED
/u/s/i/sinclair/courses/cs552/spring2023/handouts/testprograms/public/rand_final/t_112_all.asm SUCCESS CPI:6.0 CYCLES:2251 ICOUNT:375 IHITRATE: 14.9 DHITRATE: 62.1
/u/s/i/sinclair/courses/cs552/spring2023/handouts/testprograms/public/rand_final/t_112_ctrl.asm SUCCESS CPI:5.9 CYCLES:4417 ICOUNT:751 IHITRATE: 15.0 DHITRATE: 69.8
/u/s/i/sinclair/courses/cs552/spring2023/handouts/testprograms/public/rand_final/t_112_icache.asm SUCCESS CPI:12.5 CYCLES:1234 ICOUNT:99 IHITRATE: 5.5 DHITRATE: 0
/u/s/i/sinclair/courses/cs552/spring2023/handouts/testprograms/public/rand_final/t_112_idcache.asm SUCCESS CPI:10.1 CYCLES:4102 ICOUNT:407 IHITRATE: 23.4 DHITRATE: 24.1
/u/s/i/sinclair/courses/cs552/spring2023/handouts/testprograms/public/rand_final/t_112_mem.asm SUCCESS CPI:9.3 CYCLES:12154 ICOUNT:1310 IHITRATE: 20.8 DHITRATE: 97.5
/u/s/i/sinclair/courses/cs552/spring2023/handouts/testprograms/public/rand_final/t_113_all.asm SUCCESS CPI:6.0 CYCLES:2065 ICOUNT:347 IHITRATE: 15.3 DHITRATE: 77.1
/u/s/i/sinclair/courses/cs552/spring2023/handouts/testprograms/public/rand_final/t_113_ctrl.asm SUCCESS CPI:6.1 CYCLES:4627 ICOUNT:762 IHITRATE: 15.4 DHITRATE: 73.0
/u/s/i/sinclair/courses/cs552/spring2023/handouts/testprograms/public/rand_final/t_113_icache.asm SUCCESS CPI:16.0 CYCLES:1489 ICOUNT:93 IHITRATE: 4.4 DHITRATE: 0
/u/s/i/sinclair/courses/cs552/spring2023/handouts/testprograms/public/rand_final/t_113_idcache.asm SUCCESS CPI:9.4 CYCLES:3805 ICOUNT:404 IHITRATE: 22.6 DHITRATE: 30.1
/u/s/i/sinclair/courses/cs552/spring2023/handouts/testprograms/public/rand_final/t_113_mem.asm SUCCESS CPI:8.8 CYCLES:13141 ICOUNT:1496 IHITRATE: 20.6 DHITRATE: 96.2
/u/s/i/sinclair/courses/cs552/spring2023/handouts/testprograms/public/rand_final/t_114_all.asm SUCCESS CPI:5.4 CYCLES:3259 ICOUNT:605 IHITRATE: 15.8 DHITRATE: 72.5
/u/s/i/sinclair/courses/cs552/spring2023/handouts/testprograms/public/rand_final/t_114_ctrl.asm SUCCESS CPI:5.8 CYCLES:5110 ICOUNT:887 IHITRATE: 15.5 DHITRATE: 88.5
/u/s/i/sinclair/courses/cs552/spring2023/handouts/testprograms/public/rand_final/t_114_icache.asm SUCCESS CPI:26.0 CYCLES:1039 ICOUNT:40 IHITRATE: 2.6 DHITRATE: 0
/u/s/i/sinclair/courses/cs552/spring2023/handouts/testprograms/public/rand_final/t_114_idcache.asm SUCCESS CPI:9.9 CYCLES:3523 ICOUNT:356 IHITRATE: 22.6 DHITRATE: 30.4
/u/s/i/sinclair/courses/cs552/spring2023/handouts/testprograms/public/rand_final/t_114_mem.asm SUCCESS CPI:8.8 CYCLES:12787 ICOUNT:1449 IHITRATE: 20.7 DHITRATE: 96.2
/u/s/i/sinclair/courses/cs552/spring2023/handouts/testprograms/public/rand_final/t_115_all.asm SUCCESS CPI:5.8 CYCLES:2620 ICOUNT:455 IHITRATE: 15.2 DHITRATE: 77.8
/u/s/i/sinclair/courses/cs552/spring2023/handouts/testprograms/public/rand_final/t_115_ctrl.asm SUCCESS CPI:5.9 CYCLES:5188 ICOUNT:881 IHITRATE: 15.7 DHITRATE: 74.7
/u/s/i/sinclair/courses/cs552/spring2023/handouts/testprograms/public/rand_final/t_115_icache.asm SUCCESS CPI:16.5 CYCLES:1009 ICOUNT:61 IHITRATE: 4.4 DHITRATE: 0
/u/s/i/sinclair/courses/cs552/spring2023/handouts/testprograms/public/rand_final/t_115_idcache.asm SUCCESS CPI:9.5 CYCLES:4051 ICOUNT:428 IHITRATE: 22.8 DHITRATE: 37.2
/u/s/i/sinclair/courses/cs552/spring2023/handouts/testprograms/public/rand_final/t_115_mem.asm SUCCESS CPI:9.0 CYCLES:12718 ICOUNT:1414 IHITRATE: 20.7 DHITRATE: 97.4
/u/s/i/sinclair/courses/cs552/spring2023/handouts/testprograms/public/rand_final/t_116_all.asm SUCCESS CPI:5.5 CYCLES:3238 ICOUNT:587 IHITRATE: 16.0 DHITRATE: 75.0
/u/s/i/sinclair/courses/cs552/spring2023/handouts/testprograms/public/rand_final/t_116_ctrl.asm SUCCESS CPI:5.5 CYCLES:6040 ICOUNT:1102 IHITRATE: 15.8 DHITRATE: 81.4
/u/s/i/sinclair/courses/cs552/spring2023/handouts/testprograms/public/rand_final/t_116_icache.asm SUCCESS CPI:15.1 CYCLES:1375 ICOUNT:91 IHITRATE: 4.2 DHITRATE: 0
/u/s/i/sinclair/courses/cs552/spring2023/handouts/testprograms/public/rand_final/t_116_idcache.asm SUCCESS CPI:10.4 CYCLES:3640 ICOUNT:350 IHITRATE: 22.9 DHITRATE: 32.0
/u/s/i/sinclair/courses/cs552/spring2023/handouts/testprograms/public/rand_final/t_116_mem.asm SUCCESS CPI:8.9 CYCLES:13267 ICOUNT:1492 IHITRATE: 20.8 DHITRATE: 93.9
/u/s/i/sinclair/courses/cs552/spring2023/handouts/testprograms/public/rand_final/t_117_all.asm SUCCESS CPI:5.9 CYCLES:2794 ICOUNT:475 IHITRATE: 16.0 DHITRATE: 63.8
/u/s/i/sinclair/courses/cs552/spring2023/handouts/testprograms/public/rand_final/t_117_ctrl.asm SUCCESS CPI:5.9 CYCLES:5272 ICOUNT:898 IHITRATE: 15.6 DHITRATE: 69.6
/u/s/i/sinclair/courses/cs552/spring2023/handouts/testprograms/public/rand_final/t_117_icache.asm SUCCESS CPI:14.3 CYCLES:1261 ICOUNT:88 IHITRATE: 5.2 DHITRATE: 0
/u/s/i/sinclair/courses/cs552/spring2023/handouts/testprograms/public/rand_final/t_117_idcache.asm SUCCESS CPI:9.5 CYCLES:3967 ICOUNT:416 IHITRATE: 22.7 DHITRATE: 33.9
/u/s/i/sinclair/courses/cs552/spring2023/handouts/testprograms/public/rand_final/t_117_mem.asm SUCCESS CPI:8.7 CYCLES:13618 ICOUNT:1572 IHITRATE: 20.6 DHITRATE: 95.8
/u/s/i/sinclair/courses/cs552/spring2023/handouts/testprograms/public/rand_final/t_118_all.asm SUCCESS CPI:5.7 CYCLES:3040 ICOUNT:531 IHITRATE: 15.5 DHITRATE: 70.2
/u/s/i/sinclair/courses/cs552/spring2023/handouts/testprograms/public/rand_final/t_118_ctrl.asm SUCCESS CPI:5.9 CYCLES:4666 ICOUNT:793 IHITRATE: 15.4 DHITRATE: 70.5
/u/s/i/sinclair/courses/cs552/spring2023/handouts/testprograms/public/rand_final/t_118_icache.asm SUCCESS CPI:41.1 CYCLES:1069 ICOUNT:26 IHITRATE: 1.4 DHITRATE: 0
/u/s/i/sinclair/courses/cs552/spring2023/handouts/testprograms/public/rand_final/t_118_idcache.asm SUCCESS CPI:10.2 CYCLES:3280 ICOUNT:323 IHITRATE: 22.8 DHITRATE: 22.5
/u/s/i/sinclair/courses/cs552/spring2023/handouts/testprograms/public/rand_final/t_118_mem.asm SUCCESS CPI:9.2 CYCLES:12544 ICOUNT:1359 IHITRATE: 20.7 DHITRATE: 96.8
/u/s/i/sinclair/courses/cs552/spring2023/handouts/testprograms/public/rand_final/t_119_all.asm SUCCESS CPI:5.8 CYCLES:2494 ICOUNT:427 IHITRATE: 15.4 DHITRATE: 69.4
/u/s/i/sinclair/courses/cs552/spring2023/handouts/testprograms/public/rand_final/t_119_ctrl.asm SUCCESS CPI:5.9 CYCLES:4474 ICOUNT:760 IHITRATE: 15.2 DHITRATE: 72.5
/u/s/i/sinclair/courses/cs552/spring2023/handouts/testprograms/public/rand_final/t_119_icache.asm SUCCESS CPI:27.1 CYCLES:814 ICOUNT:30 IHITRATE: 1.4 DHITRATE: 0
/u/s/i/sinclair/courses/cs552/spring2023/handouts/testprograms/public/rand_final/t_119_idcache.asm SUCCESS CPI:12.6 CYCLES:1696 ICOUNT:135 IHITRATE: 11.7 DHITRATE: 20.8
/u/s/i/sinclair/courses/cs552/spring2023/handouts/testprograms/public/rand_final/t_119_mem.asm SUCCESS CPI:8.6 CYCLES:13444 ICOUNT:1567 IHITRATE: 20.6 DHITRATE: 93.9
/u/s/i/sinclair/courses/cs552/spring2023/handouts/testprograms/public/rand_final/t_11_mem.asm SUCCESS CPI:8.7 CYCLES:13687 ICOUNT:1571 IHITRATE: 20.6 DHITRATE: 93.2
/u/s/i/sinclair/courses/cs552/spring2023/handouts/testprograms/public/rand_final/t_120_all.asm SUCCESS CPI:6.1 CYCLES:2422 ICOUNT:395 IHITRATE: 14.6 DHITRATE: 80.8
/u/s/i/sinclair/courses/cs552/spring2023/handouts/testprograms/public/rand_final/t_120_ctrl.asm SUCCESS CPI:5.7 CYCLES:5155 ICOUNT:903 IHITRATE: 15.4 DHITRATE: 77.5
/u/s/i/sinclair/courses/cs552/spring2023/handouts/testprograms/public/rand_final/t_120_icache.asm SUCCESS CPI:33.8 CYCLES:1117 ICOUNT:33 IHITRATE: 2.1 DHITRATE: 0
/u/s/i/sinclair/courses/cs552/spring2023/handouts/testprograms/public/rand_final/t_120_idcache.asm SUCCESS CPI:10.0 CYCLES:3670 ICOUNT:368 IHITRATE: 22.4 DHITRATE: 32.7
/u/s/i/sinclair/courses/cs552/spring2023/handouts/testprograms/public/rand_final/t_120_mem.asm SUCCESS CPI:8.9 CYCLES:13090 ICOUNT:1474 IHITRATE: 20.6 DHITRATE: 96.4
/u/s/i/sinclair/courses/cs552/spring2023/handouts/testprograms/public/rand_final/t_121_all.asm SUCCESS CPI:6.2 CYCLES:2014 ICOUNT:327 IHITRATE: 14.8 DHITRATE: 65.2
/u/s/i/sinclair/courses/cs552/spring2023/handouts/testprograms/public/rand_final/t_122_all.asm SUCCESS CPI:6.0 CYCLES:2020 ICOUNT:335 IHITRATE: 15.2 DHITRATE: 69.2
/u/s/i/sinclair/courses/cs552/spring2023/handouts/testprograms/public/rand_final/t_123_all.asm SUCCESS CPI:5.7 CYCLES:2950 ICOUNT:515 IHITRATE: 15.5 DHITRATE: 63.2
/u/s/i/sinclair/courses/cs552/spring2023/handouts/testprograms/public/rand_final/t_124_all.asm SUCCESS CPI:5.7 CYCLES:2116 ICOUNT:371 IHITRATE: 15.9 DHITRATE: 65.4
/u/s/i/sinclair/courses/cs552/spring2023/handouts/testprograms/public/rand_final/t_125_all.asm SUCCESS CPI:6.0 CYCLES:3076 ICOUNT:514 IHITRATE: 15.8 DHITRATE: 55.2
/u/s/i/sinclair/courses/cs552/spring2023/handouts/testprograms/public/rand_final/t_126_all.asm SUCCESS CPI:5.6 CYCLES:3496 ICOUNT:623 IHITRATE: 16.0 DHITRATE: 55.8
/u/s/i/sinclair/courses/cs552/spring2023/handouts/testprograms/public/rand_final/t_127_all.asm SUCCESS CPI:5.6 CYCLES:2659 ICOUNT:473 IHITRATE: 15.6 DHITRATE: 72.7
/u/s/i/sinclair/courses/cs552/spring2023/handouts/testprograms/public/rand_final/t_128_all.asm SUCCESS CPI:6.0 CYCLES:2656 ICOUNT:440 IHITRATE: 14.8 DHITRATE: 64.5
/u/s/i/sinclair/courses/cs552/spring2023/handouts/testprograms/public/rand_final/t_129_all.asm SUCCESS CPI:5.9 CYCLES:2650 ICOUNT:450 IHITRATE: 15.8 DHITRATE: 70.8
/u/s/i/sinclair/courses/cs552/spring2023/handouts/testprograms/public/rand_final/t_12_mem.asm SUCCESS CPI:9.1 CYCLES:13042 ICOUNT:1426 IHITRATE: 20.7 DHITRATE: 96.5
/u/s/i/sinclair/courses/cs552/spring2023/handouts/testprograms/public/rand_final/t_130_all.asm SUCCESS CPI:5.5 CYCLES:3688 ICOUNT:667 IHITRATE: 16.6 DHITRATE: 70.9
/u/s/i/sinclair/courses/cs552/spring2023/handouts/testprograms/public/rand_final/t_131_all.asm SUCCESS CPI:5.5 CYCLES:3151 ICOUNT:570 IHITRATE: 15.9 DHITRATE: 83.3
/u/s/i/sinclair/courses/cs552/spring2023/handouts/testprograms/public/rand_final/t_132_all.asm SUCCESS CPI:5.7 CYCLES:2767 ICOUNT:489 IHITRATE: 15.7 DHITRATE: 63.9
/u/s/i/sinclair/courses/cs552/spring2023/handouts/testprograms/public/rand_final/t_133_all.asm SUCCESS CPI:5.7 CYCLES:2614 ICOUNT:462 IHITRATE: 16.1 DHITRATE: 64.1
/u/s/i/sinclair/courses/cs552/spring2023/handouts/testprograms/public/rand_final/t_134_all.asm SUCCESS CPI:5.6 CYCLES:2791 ICOUNT:495 IHITRATE: 16.3 DHITRATE: 68.2
/u/s/i/sinclair/courses/cs552/spring2023/handouts/testprograms/public/rand_final/t_135_all.asm SUCCESS CPI:5.6 CYCLES:3478 ICOUNT:625 IHITRATE: 16.3 DHITRATE: 65.4
/u/s/i/sinclair/courses/cs552/spring2023/handouts/testprograms/public/rand_final/t_136_all.asm SUCCESS CPI:5.8 CYCLES:2521 ICOUNT:433 IHITRATE: 15.4 DHITRATE: 69.2
/u/s/i/sinclair/courses/cs552/spring2023/handouts/testprograms/public/rand_final/t_137_all.asm SUCCESS CPI:5.6 CYCLES:3100 ICOUNT:555 IHITRATE: 16.1 DHITRATE: 65.8
/u/s/i/sinclair/courses/cs552/spring2023/handouts/testprograms/public/rand_final/t_138_all.asm SUCCESS CPI:5.7 CYCLES:3610 ICOUNT:637 IHITRATE: 16.1 DHITRATE: 73.7
/u/s/i/sinclair/courses/cs552/spring2023/handouts/testprograms/public/rand_final/t_139_all.asm SUCCESS CPI:6.1 CYCLES:2308 ICOUNT:379 IHITRATE: 14.8 DHITRATE: 52.2
/u/s/i/sinclair/courses/cs552/spring2023/handouts/testprograms/public/rand_final/t_13_mem.asm SUCCESS CPI:8.9 CYCLES:12988 ICOUNT:1455 IHITRATE: 20.7 DHITRATE: 95.8
/u/s/i/sinclair/courses/cs552/spring2023/handouts/testprograms/public/rand_final/t_140_all.asm SUCCESS CPI:5.6 CYCLES:2359 ICOUNT:418 IHITRATE: 15.6 DHITRATE: 64.5
/u/s/i/sinclair/courses/cs552/spring2023/handouts/testprograms/public/rand_final/t_141_all.asm SUCCESS CPI:5.5 CYCLES:2800 ICOUNT:511 IHITRATE: 16.2 DHITRATE: 84.4
/u/s/i/sinclair/courses/cs552/spring2023/handouts/testprograms/public/rand_final/t_142_all.asm SUCCESS CPI:5.8 CYCLES:2335 ICOUNT:404 IHITRATE: 15.7 DHITRATE: 73.3
/u/s/i/sinclair/courses/cs552/spring2023/handouts/testprograms/public/rand_final/t_143_all.asm SUCCESS CPI:5.5 CYCLES:2878 ICOUNT:526 IHITRATE: 16.2 DHITRATE: 70.6
/u/s/i/sinclair/courses/cs552/spring2023/handouts/testprograms/public/rand_final/t_144_all.asm SUCCESS CPI:5.9 CYCLES:2611 ICOUNT:442 IHITRATE: 15.0 DHITRATE: 60.0
/u/s/i/sinclair/courses/cs552/spring2023/handouts/testprograms/public/rand_final/t_145_all.asm SUCCESS CPI:5.7 CYCLES:2596 ICOUNT:456 IHITRATE: 15.9 DHITRATE: 63.9
/u/s/i/sinclair/courses/cs552/spring2023/handouts/testprograms/public/rand_final/t_146_all.asm SUCCESS CPI:5.7 CYCLES:3577 ICOUNT:630 IHITRATE: 16.3 DHITRATE: 73.7
/u/s/i/sinclair/courses/cs552/spring2023/handouts/testprograms/public/rand_final/t_147_all.asm SUCCESS CPI:5.6 CYCLES:2581 ICOUNT:458 IHITRATE: 15.7 DHITRATE: 73.3
/u/s/i/sinclair/courses/cs552/spring2023/handouts/testprograms/public/rand_final/t_148_all.asm SUCCESS CPI:5.8 CYCLES:2716 ICOUNT:471 IHITRATE: 15.8 DHITRATE: 70.7
/u/s/i/sinclair/courses/cs552/spring2023/handouts/testprograms/public/rand_final/t_149_all.asm SUCCESS CPI:5.6 CYCLES:2593 ICOUNT:465 IHITRATE: 15.8 DHITRATE: 67.9
/u/s/i/sinclair/courses/cs552/spring2023/handouts/testprograms/public/rand_final/t_14_mem.asm SUCCESS CPI:9.2 CYCLES:12793 ICOUNT:1385 IHITRATE: 20.8 DHITRATE: 94.2
/u/s/i/sinclair/courses/cs552/spring2023/handouts/testprograms/public/rand_final/t_150_all.asm SUCCESS CPI:5.7 CYCLES:3001 ICOUNT:524 IHITRATE: 15.3 DHITRATE: 75.0
/u/s/i/sinclair/courses/cs552/spring2023/handouts/testprograms/public/rand_final/t_15_mem.asm SUCCESS CPI:9.0 CYCLES:13108 ICOUNT:1459 IHITRATE: 20.6 DHITRATE: 97.0
/u/s/i/sinclair/courses/cs552/spring2023/handouts/testprograms/public/rand_final/t_16_mem.asm SUCCESS CPI:8.9 CYCLES:13051 ICOUNT:1466 IHITRATE: 20.6 DHITRATE: 96.9
/u/s/i/sinclair/courses/cs552/spring2023/handouts/testprograms/public/rand_final/t_17_mem.asm SUCCESS CPI:8.7 CYCLES:13201 ICOUNT:1515 IHITRATE: 20.6 DHITRATE: 95.7
/u/s/i/sinclair/courses/cs552/spring2023/handouts/testprograms/public/rand_final/t_18_mem.asm SUCCESS CPI:9.0 CYCLES:12838 ICOUNT:1423 IHITRATE: 20.8 DHITRATE: 95.1
/u/s/i/sinclair/courses/cs552/spring2023/handouts/testprograms/public/rand_final/t_19_mem.asm SUCCESS CPI:9.1 CYCLES:12754 ICOUNT:1400 IHITRATE: 20.8 DHITRATE: 96.0
