/u/s/i/sinclair/courses/cs552/spring2023/handouts/testprograms/public/rand_ldst/ldld.asm SUCCESS CPI:7.6 CYCLES:442 ICOUNT:58 IHITRATE: 30.3 DHITRATE: 72.7
/u/s/i/sinclair/courses/cs552/spring2023/handouts/testprograms/public/rand_ldst/ldld_rand_large.asm SUCCESS CPI:6.2 CYCLES:6400 ICOUNT:1035 IHITRATE: 33.1 DHITRATE: 96.8
/u/s/i/sinclair/courses/cs552/spring2023/handouts/testprograms/public/rand_ldst/ldld_rand_large_1.asm SUCCESS CPI:6.1 CYCLES:6334 ICOUNT:1035 IHITRATE: 33.1 DHITRATE: 98.1
/u/s/i/sinclair/courses/cs552/spring2023/handouts/testprograms/public/rand_ldst/ldld_rand_large_2.asm SUCCESS CPI:6.0 CYCLES:6259 ICOUNT:1035 IHITRATE: 33.1 DHITRATE: 99.5
/u/s/i/sinclair/courses/cs552/spring2023/handouts/testprograms/public/rand_ldst/ldld_rand_large_3.asm SUCCESS CPI:6.1 CYCLES:6316 ICOUNT:1035 IHITRATE: 33.1 DHITRATE: 98.4
/u/s/i/sinclair/courses/cs552/spring2023/handouts/testprograms/public/rand_ldst/ldld_rand_large_4.asm SUCCESS CPI:6.2 CYCLES:6388 ICOUNT:1035 IHITRATE: 33.1 DHITRATE: 97.1
/u/s/i/sinclair/courses/cs552/spring2023/handouts/testprograms/public/rand_ldst/ldld_rand_large_5.asm SUCCESS CPI:6.2 CYCLES:6400 ICOUNT:1035 IHITRATE: 33.1 DHITRATE: 96.8
/u/s/i/sinclair/courses/cs552/spring2023/handouts/testprograms/public/rand_ldst/ldld_rand_large_6.asm SUCCESS CPI:6.2 CYCLES:6394 ICOUNT:1035 IHITRATE: 33.1 DHITRATE: 96.9
/u/s/i/sinclair/courses/cs552/spring2023/handouts/testprograms/public/rand_ldst/ldld_rand_large_7.asm SUCCESS CPI:6.2 CYCLES:6430 ICOUNT:1035 IHITRATE: 33.1 DHITRATE: 96.3
/u/s/i/sinclair/courses/cs552/spring2023/handouts/testprograms/public/rand_ldst/ldld_rand_large_8.asm SUCCESS CPI:6.1 CYCLES:6340 ICOUNT:1035 IHITRATE: 33.1 DHITRATE: 98.0
/u/s/i/sinclair/courses/cs552/spring2023/handouts/testprograms/public/rand_ldst/ldld_rand_large_9.asm SUCCESS CPI:6.1 CYCLES:6328 ICOUNT:1035 IHITRATE: 33.1 DHITRATE: 98.2
/u/s/i/sinclair/courses/cs552/spring2023/handouts/testprograms/public/rand_ldst/ldld_rand_small.asm SUCCESS CPI:6.2 CYCLES:6400 ICOUNT:1035 IHITRATE: 33.1 DHITRATE: 96.8
/u/s/i/sinclair/courses/cs552/spring2023/handouts/testprograms/public/rand_ldst/ldld_rand_small_1.asm SUCCESS CPI:6.1 CYCLES:6334 ICOUNT:1035 IHITRATE: 33.1 DHITRATE: 98.1
/u/s/i/sinclair/courses/cs552/spring2023/handouts/testprograms/public/rand_ldst/ldld_rand_small_2.asm SUCCESS CPI:6.0 CYCLES:6259 ICOUNT:1035 IHITRATE: 33.1 DHITRATE: 99.5
/u/s/i/sinclair/courses/cs552/spring2023/handouts/testprograms/public/rand_ldst/ldld_rand_small_3.asm SUCCESS CPI:6.1 CYCLES:6316 ICOUNT:1035 IHITRATE: 33.1 DHITRATE: 98.4
/u/s/i/sinclair/courses/cs552/spring2023/handouts/testprograms/public/rand_ldst/ldld_rand_small_4.asm SUCCESS CPI:6.2 CYCLES:6388 ICOUNT:1035 IHITRATE: 33.1 DHITRATE: 97.1
/u/s/i/sinclair/courses/cs552/spring2023/handouts/testprograms/public/rand_ldst/ldld_rand_small_5.asm SUCCESS CPI:6.2 CYCLES:6400 ICOUNT:1035 IHITRATE: 33.1 DHITRATE: 96.8
/u/s/i/sinclair/courses/cs552/spring2023/handouts/testprograms/public/rand_ldst/ldld_rand_small_6.asm SUCCESS CPI:6.2 CYCLES:6394 ICOUNT:1035 IHITRATE: 33.1 DHITRATE: 96.9
/u/s/i/sinclair/courses/cs552/spring2023/handouts/testprograms/public/rand_ldst/ldld_rand_small_7.asm SUCCESS CPI:6.2 CYCLES:6430 ICOUNT:1035 IHITRATE: 33.1 DHITRATE: 96.3
/u/s/i/sinclair/courses/cs552/spring2023/handouts/testprograms/public/rand_ldst/ldld_rand_small_8.asm SUCCESS CPI:6.1 CYCLES:6340 ICOUNT:1035 IHITRATE: 33.1 DHITRATE: 98.0
/u/s/i/sinclair/courses/cs552/spring2023/handouts/testprograms/public/rand_ldst/ldld_rand_small_9.asm SUCCESS CPI:6.1 CYCLES:6328 ICOUNT:1035 IHITRATE: 33.1 DHITRATE: 98.2
/u/s/i/sinclair/courses/cs552/spring2023/handouts/testprograms/public/rand_ldst/ldst.asm SUCCESS CPI:6.9 CYCLES:706 ICOUNT:102 IHITRATE: 31.0 DHITRATE: 86.4
/u/s/i/sinclair/courses/cs552/spring2023/handouts/testprograms/public/rand_ldst/ldst_rand_large.asm SUCCESS CPI:5.4 CYCLES:7660 ICOUNT:1417 IHITRATE: 33.0 DHITRATE: 91.4
/u/s/i/sinclair/courses/cs552/spring2023/handouts/testprograms/public/rand_ldst/ldst_rand_large_1.asm SUCCESS CPI:5.2 CYCLES:7336 ICOUNT:1417 IHITRATE: 33.0 DHITRATE: 97.4
/u/s/i/sinclair/courses/cs552/spring2023/handouts/testprograms/public/rand_ldst/ldst_rand_large_2.asm SUCCESS CPI:5.2 CYCLES:7312 ICOUNT:1417 IHITRATE: 33.0 DHITRATE: 97.9
/u/s/i/sinclair/courses/cs552/spring2023/handouts/testprograms/public/rand_ldst/ldst_rand_large_3.asm SUCCESS CPI:5.2 CYCLES:7372 ICOUNT:1417 IHITRATE: 33.0 DHITRATE: 96.8
/u/s/i/sinclair/courses/cs552/spring2023/handouts/testprograms/public/rand_ldst/ldst_rand_large_4.asm SUCCESS CPI:5.2 CYCLES:7312 ICOUNT:1417 IHITRATE: 33.0 DHITRATE: 97.9
/u/s/i/sinclair/courses/cs552/spring2023/handouts/testprograms/public/rand_ldst/ldst_rand_large_5.asm SUCCESS CPI:5.4 CYCLES:7612 ICOUNT:1417 IHITRATE: 33.0 DHITRATE: 92.3
/u/s/i/sinclair/courses/cs552/spring2023/handouts/testprograms/public/rand_ldst/ldst_rand_large_6.asm SUCCESS CPI:5.3 CYCLES:7492 ICOUNT:1417 IHITRATE: 33.0 DHITRATE: 94.5
/u/s/i/sinclair/courses/cs552/spring2023/handouts/testprograms/public/rand_ldst/ldst_rand_large_7.asm SUCCESS CPI:5.3 CYCLES:7492 ICOUNT:1417 IHITRATE: 33.0 DHITRATE: 94.5
/u/s/i/sinclair/courses/cs552/spring2023/handouts/testprograms/public/rand_ldst/ldst_rand_large_8.asm SUCCESS CPI:5.4 CYCLES:7624 ICOUNT:1417 IHITRATE: 33.0 DHITRATE: 92.0
/u/s/i/sinclair/courses/cs552/spring2023/handouts/testprograms/public/rand_ldst/ldst_rand_large_9.asm SUCCESS CPI:5.2 CYCLES:7324 ICOUNT:1417 IHITRATE: 33.0 DHITRATE: 97.6
/u/s/i/sinclair/courses/cs552/spring2023/handouts/testprograms/public/rand_ldst/ldst_rand_small.asm SUCCESS CPI:5.3 CYCLES:7468 ICOUNT:1417 IHITRATE: 33.0 DHITRATE: 95.0
/u/s/i/sinclair/courses/cs552/spring2023/handouts/testprograms/public/rand_ldst/ldst_rand_small_1.asm SUCCESS CPI:5.2 CYCLES:7336 ICOUNT:1417 IHITRATE: 33.0 DHITRATE: 97.4
/u/s/i/sinclair/courses/cs552/spring2023/handouts/testprograms/public/rand_ldst/ldst_rand_small_2.asm SUCCESS CPI:5.2 CYCLES:7312 ICOUNT:1417 IHITRATE: 33.0 DHITRATE: 97.9
/u/s/i/sinclair/courses/cs552/spring2023/handouts/testprograms/public/rand_ldst/ldst_rand_small_3.asm SUCCESS CPI:5.2 CYCLES:7372 ICOUNT:1417 IHITRATE: 33.0 DHITRATE: 96.8
/u/s/i/sinclair/courses/cs552/spring2023/handouts/testprograms/public/rand_ldst/ldst_rand_small_4.asm SUCCESS CPI:5.2 CYCLES:7312 ICOUNT:1417 IHITRATE: 33.0 DHITRATE: 97.9
/u/s/i/sinclair/courses/cs552/spring2023/handouts/testprograms/public/rand_ldst/ldst_rand_small_5.asm SUCCESS CPI:5.4 CYCLES:7612 ICOUNT:1417 IHITRATE: 33.0 DHITRATE: 92.3
/u/s/i/sinclair/courses/cs552/spring2023/handouts/testprograms/public/rand_ldst/ldst_rand_small_6.asm SUCCESS CPI:5.3 CYCLES:7492 ICOUNT:1417 IHITRATE: 33.0 DHITRATE: 94.5
/u/s/i/sinclair/courses/cs552/spring2023/handouts/testprograms/public/rand_ldst/ldst_rand_small_7.asm SUCCESS CPI:5.3 CYCLES:7492 ICOUNT:1417 IHITRATE: 33.0 DHITRATE: 94.5
/u/s/i/sinclair/courses/cs552/spring2023/handouts/testprograms/public/rand_ldst/ldst_rand_small_8.asm SUCCESS CPI:5.4 CYCLES:7624 ICOUNT:1417 IHITRATE: 33.0 DHITRATE: 92.0
/u/s/i/sinclair/courses/cs552/spring2023/handouts/testprograms/public/rand_ldst/ldst_rand_small_9.asm SUCCESS CPI:5.2 CYCLES:7324 ICOUNT:1417 IHITRATE: 33.0 DHITRATE: 97.6
/u/s/i/sinclair/courses/cs552/spring2023/handouts/testprograms/public/rand_ldst/rpt_ld_test_0.asm SUCCESS CPI:7.6 CYCLES:76 ICOUNT:10 IHITRATE: 20.5 DHITRATE: 85.7
/u/s/i/sinclair/courses/cs552/spring2023/handouts/testprograms/public/rand_ldst/rpt_ld_test_1.asm SUCCESS CPI:10.8 CYCLES:76 ICOUNT:7 IHITRATE: 16.4 DHITRATE: 75.0
/u/s/i/sinclair/courses/cs552/spring2023/handouts/testprograms/public/rand_ldst/rpt_reg_test_0.asm SUCCESS CPI:5.8 CYCLES:52 ICOUNT:9 IHITRATE: 14.3 DHITRATE: 0
/u/s/i/sinclair/courses/cs552/spring2023/handouts/testprograms/public/rand_ldst/rpt_reg_test_1.asm SUCCESS CPI:8.7 CYCLES:61 ICOUNT:7 IHITRATE: 12.1 DHITRATE: 0
/u/s/i/sinclair/courses/cs552/spring2023/handouts/testprograms/public/rand_ldst/rpt_st_test_0.asm SUCCESS CPI:7.6 CYCLES:76 ICOUNT:10 IHITRATE: 20.5 DHITRATE: 85.7
/u/s/i/sinclair/courses/cs552/spring2023/handouts/testprograms/public/rand_ldst/rpt_st_test_1.asm SUCCESS CPI:10.8 CYCLES:76 ICOUNT:7 IHITRATE: 16.4 DHITRATE: 75.0
