INST:    1100 0000 0001 0000 lbi r0, 16  
ARCH:    INUM:        0 PC: 0x0000 REG: 0 VALUE: 0x0010
VERILOG: INUM:        0 PC: 0x0000 REG: 0 VALUE: 0x0010
INST:    1100 0001 0000 0001 lbi r1, 1  
ARCH:    INUM:        1 PC: 0x0002 REG: 1 VALUE: 0x0001
VERILOG: INUM:        1 PC: 0x0002 REG: 1 VALUE: 0x0001
INST:    1100 0010 0000 0010 lbi r2, 2  
ARCH:    INUM:        2 PC: 0x0004 REG: 2 VALUE: 0x0002
VERILOG: INUM:        2 PC: 0x0004 REG: 2 VALUE: 0x0002
INST:    1100 0011 0000 0100 lbi r3, 4  
ARCH:    INUM:        3 PC: 0x0006 REG: 3 VALUE: 0x0004
VERILOG: INUM:        3 PC: 0x0006 REG: 3 VALUE: 0x0004
INST:    1100 0100 0000 1000 lbi r4, 8  
ARCH:    INUM:        4 PC: 0x0008 REG: 4 VALUE: 0x0008
VERILOG: INUM:        4 PC: 0x0008 REG: 4 VALUE: 0x0008
INST:    1100 0101 0001 0000 lbi r5, 16  
ARCH:    INUM:        5 PC: 0x000a REG: 5 VALUE: 0x0010
VERILOG: INUM:        5 PC: 0x000a REG: 5 VALUE: 0x0010
INST:    1101 0001 0000 0110 rol r1, r1, r0  
ARCH:    INUM:        6 PC: 0x000c REG: 1 VALUE: 0x0001
VERILOG: INUM:        6 PC: 0x000c REG: 1 VALUE: 0x0001
INST:    1101 0010 0000 1010 rol r2, r2, r0  
ARCH:    INUM:        7 PC: 0x000e REG: 2 VALUE: 0x0002
VERILOG: INUM:        7 PC: 0x000e REG: 2 VALUE: 0x0002
INST:    1101 0011 0000 1110 rol r3, r3, r0  
ARCH:    INUM:        8 PC: 0x0010 REG: 3 VALUE: 0x0004
VERILOG: INUM:        8 PC: 0x0010 REG: 3 VALUE: 0x0004
INST:    1101 0100 0001 0010 rol r4, r4, r0  
ARCH:    INUM:        9 PC: 0x0012 REG: 4 VALUE: 0x0008
VERILOG: INUM:        9 PC: 0x0012 REG: 4 VALUE: 0x0008
INST:    1101 0101 0001 0110 rol r5, r5, r0  
ARCH:    INUM:       10 PC: 0x0014 REG: 5 VALUE: 0x0010
VERILOG: INUM:       10 PC: 0x0014 REG: 5 VALUE: 0x0010
INST:    0100 0000 0001 1111 addi r0, r0, -1  
ARCH:    INUM:       11 PC: 0x0016 REG: 0 VALUE: 0x000f
VERILOG: INUM:       11 PC: 0x0016 REG: 0 VALUE: 0x000f
INST:    0110 1000 1111 0010 bnez r0, .loop  
ARCH:    INUM:       12 PC: 0x0018
VERILOG: INUM:       12 PC: 0x0018
INST:    1101 0001 0000 0110 rol r1, r1, r0  
ARCH:    INUM:       13 PC: 0x000c REG: 1 VALUE: 0x8000
VERILOG: INUM:       13 PC: 0x000c REG: 1 VALUE: 0x8000
INST:    1101 0010 0000 1010 rol r2, r2, r0  
ARCH:    INUM:       14 PC: 0x000e REG: 2 VALUE: 0x0001
VERILOG: INUM:       14 PC: 0x000e REG: 2 VALUE: 0x0001
INST:    1101 0011 0000 1110 rol r3, r3, r0  
ARCH:    INUM:       15 PC: 0x0010 REG: 3 VALUE: 0x0002
VERILOG: INUM:       15 PC: 0x0010 REG: 3 VALUE: 0x0002
INST:    1101 0100 0001 0010 rol r4, r4, r0  
ARCH:    INUM:       16 PC: 0x0012 REG: 4 VALUE: 0x0004
VERILOG: INUM:       16 PC: 0x0012 REG: 4 VALUE: 0x0004
INST:    1101 0101 0001 0110 rol r5, r5, r0  
ARCH:    INUM:       17 PC: 0x0014 REG: 5 VALUE: 0x0008
VERILOG: INUM:       17 PC: 0x0014 REG: 5 VALUE: 0x0008
INST:    0100 0000 0001 1111 addi r0, r0, -1  
ARCH:    INUM:       18 PC: 0x0016 REG: 0 VALUE: 0x000e
VERILOG: INUM:       18 PC: 0x0016 REG: 0 VALUE: 0x000e
INST:    0110 1000 1111 0010 bnez r0, .loop  
ARCH:    INUM:       19 PC: 0x0018
VERILOG: INUM:       19 PC: 0x0018
INST:    1101 0001 0000 0110 rol r1, r1, r0  
ARCH:    INUM:       20 PC: 0x000c REG: 1 VALUE: 0x2000
VERILOG: INUM:       20 PC: 0x000c REG: 1 VALUE: 0x2000
INST:    1101 0010 0000 1010 rol r2, r2, r0  
ARCH:    INUM:       21 PC: 0x000e REG: 2 VALUE: 0x4000
VERILOG: INUM:       21 PC: 0x000e REG: 2 VALUE: 0x4000
INST:    1101 0011 0000 1110 rol r3, r3, r0  
ARCH:    INUM:       22 PC: 0x0010 REG: 3 VALUE: 0x8000
VERILOG: INUM:       22 PC: 0x0010 REG: 3 VALUE: 0x8000
INST:    1101 0100 0001 0010 rol r4, r4, r0  
ARCH:    INUM:       23 PC: 0x0012 REG: 4 VALUE: 0x0001
VERILOG: INUM:       23 PC: 0x0012 REG: 4 VALUE: 0x0001
INST:    1101 0101 0001 0110 rol r5, r5, r0  
ARCH:    INUM:       24 PC: 0x0014 REG: 5 VALUE: 0x0002
VERILOG: INUM:       24 PC: 0x0014 REG: 5 VALUE: 0x0002
INST:    0100 0000 0001 1111 addi r0, r0, -1  
ARCH:    INUM:       25 PC: 0x0016 REG: 0 VALUE: 0x000d
VERILOG: INUM:       25 PC: 0x0016 REG: 0 VALUE: 0x000d
INST:    0110 1000 1111 0010 bnez r0, .loop  
ARCH:    INUM:       26 PC: 0x0018
VERILOG: INUM:       26 PC: 0x0018
INST:    1101 0001 0000 0110 rol r1, r1, r0  
ARCH:    INUM:       27 PC: 0x000c REG: 1 VALUE: 0x0400
VERILOG: INUM:       27 PC: 0x000c REG: 1 VALUE: 0x0400
INST:    1101 0010 0000 1010 rol r2, r2, r0  
ARCH:    INUM:       28 PC: 0x000e REG: 2 VALUE: 0x0800
VERILOG: INUM:       28 PC: 0x000e REG: 2 VALUE: 0x0800
INST:    1101 0011 0000 1110 rol r3, r3, r0  
ARCH:    INUM:       29 PC: 0x0010 REG: 3 VALUE: 0x1000
VERILOG: INUM:       29 PC: 0x0010 REG: 3 VALUE: 0x1000
INST:    1101 0100 0001 0010 rol r4, r4, r0  
ARCH:    INUM:       30 PC: 0x0012 REG: 4 VALUE: 0x2000
VERILOG: INUM:       30 PC: 0x0012 REG: 4 VALUE: 0x2000
INST:    1101 0101 0001 0110 rol r5, r5, r0  
ARCH:    INUM:       31 PC: 0x0014 REG: 5 VALUE: 0x4000
VERILOG: INUM:       31 PC: 0x0014 REG: 5 VALUE: 0x4000
INST:    0100 0000 0001 1111 addi r0, r0, -1  
ARCH:    INUM:       32 PC: 0x0016 REG: 0 VALUE: 0x000c
VERILOG: INUM:       32 PC: 0x0016 REG: 0 VALUE: 0x000c
INST:    0110 1000 1111 0010 bnez r0, .loop  
ARCH:    INUM:       33 PC: 0x0018
VERILOG: INUM:       33 PC: 0x0018
INST:    1101 0001 0000 0110 rol r1, r1, r0  
ARCH:    INUM:       34 PC: 0x000c REG: 1 VALUE: 0x0040
VERILOG: INUM:       34 PC: 0x000c REG: 1 VALUE: 0x0040
INST:    1101 0010 0000 1010 rol r2, r2, r0  
ARCH:    INUM:       35 PC: 0x000e REG: 2 VALUE: 0x0080
VERILOG: INUM:       35 PC: 0x000e REG: 2 VALUE: 0x0080
INST:    1101 0011 0000 1110 rol r3, r3, r0  
ARCH:    INUM:       36 PC: 0x0010 REG: 3 VALUE: 0x0100
VERILOG: INUM:       36 PC: 0x0010 REG: 3 VALUE: 0x0100
INST:    1101 0100 0001 0010 rol r4, r4, r0  
ARCH:    INUM:       37 PC: 0x0012 REG: 4 VALUE: 0x0200
VERILOG: INUM:       37 PC: 0x0012 REG: 4 VALUE: 0x0200
INST:    1101 0101 0001 0110 rol r5, r5, r0  
ARCH:    INUM:       38 PC: 0x0014 REG: 5 VALUE: 0x0400
VERILOG: INUM:       38 PC: 0x0014 REG: 5 VALUE: 0x0400
INST:    0100 0000 0001 1111 addi r0, r0, -1  
ARCH:    INUM:       39 PC: 0x0016 REG: 0 VALUE: 0x000b
VERILOG: INUM:       39 PC: 0x0016 REG: 0 VALUE: 0x000b
INST:    0110 1000 1111 0010 bnez r0, .loop  
ARCH:    INUM:       40 PC: 0x0018
VERILOG: INUM:       40 PC: 0x0018
INST:    1101 0001 0000 0110 rol r1, r1, r0  
ARCH:    INUM:       41 PC: 0x000c REG: 1 VALUE: 0x0002
VERILOG: INUM:       41 PC: 0x000c REG: 1 VALUE: 0x0002
INST:    1101 0010 0000 1010 rol r2, r2, r0  
ARCH:    INUM:       42 PC: 0x000e REG: 2 VALUE: 0x0004
VERILOG: INUM:       42 PC: 0x000e REG: 2 VALUE: 0x0004
INST:    1101 0011 0000 1110 rol r3, r3, r0  
ARCH:    INUM:       43 PC: 0x0010 REG: 3 VALUE: 0x0008
VERILOG: INUM:       43 PC: 0x0010 REG: 3 VALUE: 0x0008
INST:    1101 0100 0001 0010 rol r4, r4, r0  
ARCH:    INUM:       44 PC: 0x0012 REG: 4 VALUE: 0x0010
VERILOG: INUM:       44 PC: 0x0012 REG: 4 VALUE: 0x0010
INST:    1101 0101 0001 0110 rol r5, r5, r0  
ARCH:    INUM:       45 PC: 0x0014 REG: 5 VALUE: 0x0020
VERILOG: INUM:       45 PC: 0x0014 REG: 5 VALUE: 0x0020
INST:    0100 0000 0001 1111 addi r0, r0, -1  
ARCH:    INUM:       46 PC: 0x0016 REG: 0 VALUE: 0x000a
VERILOG: INUM:       46 PC: 0x0016 REG: 0 VALUE: 0x000a
INST:    0110 1000 1111 0010 bnez r0, .loop  
ARCH:    INUM:       47 PC: 0x0018
VERILOG: INUM:       47 PC: 0x0018
INST:    1101 0001 0000 0110 rol r1, r1, r0  
ARCH:    INUM:       48 PC: 0x000c REG: 1 VALUE: 0x0800
VERILOG: INUM:       48 PC: 0x000c REG: 1 VALUE: 0x0800
INST:    1101 0010 0000 1010 rol r2, r2, r0  
ARCH:    INUM:       49 PC: 0x000e REG: 2 VALUE: 0x1000
VERILOG: INUM:       49 PC: 0x000e REG: 2 VALUE: 0x1000
INST:    1101 0011 0000 1110 rol r3, r3, r0  
ARCH:    INUM:       50 PC: 0x0010 REG: 3 VALUE: 0x2000
VERILOG: INUM:       50 PC: 0x0010 REG: 3 VALUE: 0x2000
INST:    1101 0100 0001 0010 rol r4, r4, r0  
ARCH:    INUM:       51 PC: 0x0012 REG: 4 VALUE: 0x4000
VERILOG: INUM:       51 PC: 0x0012 REG: 4 VALUE: 0x4000
INST:    1101 0101 0001 0110 rol r5, r5, r0  
ARCH:    INUM:       52 PC: 0x0014 REG: 5 VALUE: 0x8000
VERILOG: INUM:       52 PC: 0x0014 REG: 5 VALUE: 0x8000
INST:    0100 0000 0001 1111 addi r0, r0, -1  
ARCH:    INUM:       53 PC: 0x0016 REG: 0 VALUE: 0x0009
VERILOG: INUM:       53 PC: 0x0016 REG: 0 VALUE: 0x0009
INST:    0110 1000 1111 0010 bnez r0, .loop  
ARCH:    INUM:       54 PC: 0x0018
VERILOG: INUM:       54 PC: 0x0018
INST:    1101 0001 0000 0110 rol r1, r1, r0  
ARCH:    INUM:       55 PC: 0x000c REG: 1 VALUE: 0x0010
VERILOG: INUM:       55 PC: 0x000c REG: 1 VALUE: 0x0010
INST:    1101 0010 0000 1010 rol r2, r2, r0  
ARCH:    INUM:       56 PC: 0x000e REG: 2 VALUE: 0x0020
VERILOG: INUM:       56 PC: 0x000e REG: 2 VALUE: 0x0020
INST:    1101 0011 0000 1110 rol r3, r3, r0  
ARCH:    INUM:       57 PC: 0x0010 REG: 3 VALUE: 0x0040
VERILOG: INUM:       57 PC: 0x0010 REG: 3 VALUE: 0x0040
INST:    1101 0100 0001 0010 rol r4, r4, r0  
ARCH:    INUM:       58 PC: 0x0012 REG: 4 VALUE: 0x0080
VERILOG: INUM:       58 PC: 0x0012 REG: 4 VALUE: 0x0080
INST:    1101 0101 0001 0110 rol r5, r5, r0  
ARCH:    INUM:       59 PC: 0x0014 REG: 5 VALUE: 0x0100
VERILOG: INUM:       59 PC: 0x0014 REG: 5 VALUE: 0x0100
INST:    0100 0000 0001 1111 addi r0, r0, -1  
ARCH:    INUM:       60 PC: 0x0016 REG: 0 VALUE: 0x0008
VERILOG: INUM:       60 PC: 0x0016 REG: 0 VALUE: 0x0008
INST:    0110 1000 1111 0010 bnez r0, .loop  
ARCH:    INUM:       61 PC: 0x0018
VERILOG: INUM:       61 PC: 0x0018
INST:    1101 0001 0000 0110 rol r1, r1, r0  
ARCH:    INUM:       62 PC: 0x000c REG: 1 VALUE: 0x1000
VERILOG: INUM:       62 PC: 0x000c REG: 1 VALUE: 0x1000
INST:    1101 0010 0000 1010 rol r2, r2, r0  
ARCH:    INUM:       63 PC: 0x000e REG: 2 VALUE: 0x2000
VERILOG: INUM:       63 PC: 0x000e REG: 2 VALUE: 0x2000
INST:    1101 0011 0000 1110 rol r3, r3, r0  
ARCH:    INUM:       64 PC: 0x0010 REG: 3 VALUE: 0x4000
VERILOG: INUM:       64 PC: 0x0010 REG: 3 VALUE: 0x4000
INST:    1101 0100 0001 0010 rol r4, r4, r0  
ARCH:    INUM:       65 PC: 0x0012 REG: 4 VALUE: 0x8000
VERILOG: INUM:       65 PC: 0x0012 REG: 4 VALUE: 0x8000
INST:    1101 0101 0001 0110 rol r5, r5, r0  
ARCH:    INUM:       66 PC: 0x0014 REG: 5 VALUE: 0x0001
VERILOG: INUM:       66 PC: 0x0014 REG: 5 VALUE: 0x0001
INST:    0100 0000 0001 1111 addi r0, r0, -1  
ARCH:    INUM:       67 PC: 0x0016 REG: 0 VALUE: 0x0007
VERILOG: INUM:       67 PC: 0x0016 REG: 0 VALUE: 0x0007
INST:    0110 1000 1111 0010 bnez r0, .loop  
ARCH:    INUM:       68 PC: 0x0018
VERILOG: INUM:       68 PC: 0x0018
INST:    1101 0001 0000 0110 rol r1, r1, r0  
ARCH:    INUM:       69 PC: 0x000c REG: 1 VALUE: 0x0008
VERILOG: INUM:       69 PC: 0x000c REG: 1 VALUE: 0x0008
INST:    1101 0010 0000 1010 rol r2, r2, r0  
ARCH:    INUM:       70 PC: 0x000e REG: 2 VALUE: 0x0010
VERILOG: INUM:       70 PC: 0x000e REG: 2 VALUE: 0x0010
INST:    1101 0011 0000 1110 rol r3, r3, r0  
ARCH:    INUM:       71 PC: 0x0010 REG: 3 VALUE: 0x0020
VERILOG: INUM:       71 PC: 0x0010 REG: 3 VALUE: 0x0020
INST:    1101 0100 0001 0010 rol r4, r4, r0  
ARCH:    INUM:       72 PC: 0x0012 REG: 4 VALUE: 0x0040
VERILOG: INUM:       72 PC: 0x0012 REG: 4 VALUE: 0x0040
INST:    1101 0101 0001 0110 rol r5, r5, r0  
ARCH:    INUM:       73 PC: 0x0014 REG: 5 VALUE: 0x0080
VERILOG: INUM:       73 PC: 0x0014 REG: 5 VALUE: 0x0080
INST:    0100 0000 0001 1111 addi r0, r0, -1  
ARCH:    INUM:       74 PC: 0x0016 REG: 0 VALUE: 0x0006
VERILOG: INUM:       74 PC: 0x0016 REG: 0 VALUE: 0x0006
INST:    0110 1000 1111 0010 bnez r0, .loop  
ARCH:    INUM:       75 PC: 0x0018
VERILOG: INUM:       75 PC: 0x0018
INST:    1101 0001 0000 0110 rol r1, r1, r0  
ARCH:    INUM:       76 PC: 0x000c REG: 1 VALUE: 0x0200
VERILOG: INUM:       76 PC: 0x000c REG: 1 VALUE: 0x0200
INST:    1101 0010 0000 1010 rol r2, r2, r0  
ARCH:    INUM:       77 PC: 0x000e REG: 2 VALUE: 0x0400
VERILOG: INUM:       77 PC: 0x000e REG: 2 VALUE: 0x0400
INST:    1101 0011 0000 1110 rol r3, r3, r0  
ARCH:    INUM:       78 PC: 0x0010 REG: 3 VALUE: 0x0800
VERILOG: INUM:       78 PC: 0x0010 REG: 3 VALUE: 0x0800
INST:    1101 0100 0001 0010 rol r4, r4, r0  
ARCH:    INUM:       79 PC: 0x0012 REG: 4 VALUE: 0x1000
VERILOG: INUM:       79 PC: 0x0012 REG: 4 VALUE: 0x1000
INST:    1101 0101 0001 0110 rol r5, r5, r0  
ARCH:    INUM:       80 PC: 0x0014 REG: 5 VALUE: 0x2000
VERILOG: INUM:       80 PC: 0x0014 REG: 5 VALUE: 0x2000
INST:    0100 0000 0001 1111 addi r0, r0, -1  
ARCH:    INUM:       81 PC: 0x0016 REG: 0 VALUE: 0x0005
VERILOG: INUM:       81 PC: 0x0016 REG: 0 VALUE: 0x0005
INST:    0110 1000 1111 0010 bnez r0, .loop  
ARCH:    INUM:       82 PC: 0x0018
VERILOG: INUM:       82 PC: 0x0018
INST:    1101 0001 0000 0110 rol r1, r1, r0  
ARCH:    INUM:       83 PC: 0x000c REG: 1 VALUE: 0x4000
VERILOG: INUM:       83 PC: 0x000c REG: 1 VALUE: 0x4000
INST:    1101 0010 0000 1010 rol r2, r2, r0  
ARCH:    INUM:       84 PC: 0x000e REG: 2 VALUE: 0x8000
VERILOG: INUM:       84 PC: 0x000e REG: 2 VALUE: 0x8000
INST:    1101 0011 0000 1110 rol r3, r3, r0  
ARCH:    INUM:       85 PC: 0x0010 REG: 3 VALUE: 0x0001
VERILOG: INUM:       85 PC: 0x0010 REG: 3 VALUE: 0x0001
INST:    1101 0100 0001 0010 rol r4, r4, r0  
ARCH:    INUM:       86 PC: 0x0012 REG: 4 VALUE: 0x0002
VERILOG: INUM:       86 PC: 0x0012 REG: 4 VALUE: 0x0002
INST:    1101 0101 0001 0110 rol r5, r5, r0  
ARCH:    INUM:       87 PC: 0x0014 REG: 5 VALUE: 0x0004
VERILOG: INUM:       87 PC: 0x0014 REG: 5 VALUE: 0x0004
INST:    0100 0000 0001 1111 addi r0, r0, -1  
ARCH:    INUM:       88 PC: 0x0016 REG: 0 VALUE: 0x0004
VERILOG: INUM:       88 PC: 0x0016 REG: 0 VALUE: 0x0004
INST:    0110 1000 1111 0010 bnez r0, .loop  
ARCH:    INUM:       89 PC: 0x0018
VERILOG: INUM:       89 PC: 0x0018
INST:    1101 0001 0000 0110 rol r1, r1, r0  
ARCH:    INUM:       90 PC: 0x000c REG: 1 VALUE: 0x0004
VERILOG: INUM:       90 PC: 0x000c REG: 1 VALUE: 0x0004
INST:    1101 0010 0000 1010 rol r2, r2, r0  
ARCH:    INUM:       91 PC: 0x000e REG: 2 VALUE: 0x0008
VERILOG: INUM:       91 PC: 0x000e REG: 2 VALUE: 0x0008
INST:    1101 0011 0000 1110 rol r3, r3, r0  
ARCH:    INUM:       92 PC: 0x0010 REG: 3 VALUE: 0x0010
VERILOG: INUM:       92 PC: 0x0010 REG: 3 VALUE: 0x0010
INST:    1101 0100 0001 0010 rol r4, r4, r0  
ARCH:    INUM:       93 PC: 0x0012 REG: 4 VALUE: 0x0020
VERILOG: INUM:       93 PC: 0x0012 REG: 4 VALUE: 0x0020
INST:    1101 0101 0001 0110 rol r5, r5, r0  
ARCH:    INUM:       94 PC: 0x0014 REG: 5 VALUE: 0x0040
VERILOG: INUM:       94 PC: 0x0014 REG: 5 VALUE: 0x0040
INST:    0100 0000 0001 1111 addi r0, r0, -1  
ARCH:    INUM:       95 PC: 0x0016 REG: 0 VALUE: 0x0003
VERILOG: INUM:       95 PC: 0x0016 REG: 0 VALUE: 0x0003
INST:    0110 1000 1111 0010 bnez r0, .loop  
ARCH:    INUM:       96 PC: 0x0018
VERILOG: INUM:       96 PC: 0x0018
INST:    1101 0001 0000 0110 rol r1, r1, r0  
ARCH:    INUM:       97 PC: 0x000c REG: 1 VALUE: 0x0020
VERILOG: INUM:       97 PC: 0x000c REG: 1 VALUE: 0x0020
INST:    1101 0010 0000 1010 rol r2, r2, r0  
ARCH:    INUM:       98 PC: 0x000e REG: 2 VALUE: 0x0040
VERILOG: INUM:       98 PC: 0x000e REG: 2 VALUE: 0x0040
INST:    1101 0011 0000 1110 rol r3, r3, r0  
ARCH:    INUM:       99 PC: 0x0010 REG: 3 VALUE: 0x0080
VERILOG: INUM:       99 PC: 0x0010 REG: 3 VALUE: 0x0080
INST:    1101 0100 0001 0010 rol r4, r4, r0  
ARCH:    INUM:      100 PC: 0x0012 REG: 4 VALUE: 0x0100
VERILOG: INUM:      100 PC: 0x0012 REG: 4 VALUE: 0x0100
INST:    1101 0101 0001 0110 rol r5, r5, r0  
ARCH:    INUM:      101 PC: 0x0014 REG: 5 VALUE: 0x0200
VERILOG: INUM:      101 PC: 0x0014 REG: 5 VALUE: 0x0200
INST:    0100 0000 0001 1111 addi r0, r0, -1  
ARCH:    INUM:      102 PC: 0x0016 REG: 0 VALUE: 0x0002
VERILOG: INUM:      102 PC: 0x0016 REG: 0 VALUE: 0x0002
INST:    0110 1000 1111 0010 bnez r0, .loop  
ARCH:    INUM:      103 PC: 0x0018
VERILOG: INUM:      103 PC: 0x0018
INST:    1101 0001 0000 0110 rol r1, r1, r0  
ARCH:    INUM:      104 PC: 0x000c REG: 1 VALUE: 0x0080
VERILOG: INUM:      104 PC: 0x000c REG: 1 VALUE: 0x0080
INST:    1101 0010 0000 1010 rol r2, r2, r0  
ARCH:    INUM:      105 PC: 0x000e REG: 2 VALUE: 0x0100
VERILOG: INUM:      105 PC: 0x000e REG: 2 VALUE: 0x0100
INST:    1101 0011 0000 1110 rol r3, r3, r0  
ARCH:    INUM:      106 PC: 0x0010 REG: 3 VALUE: 0x0200
VERILOG: INUM:      106 PC: 0x0010 REG: 3 VALUE: 0x0200
INST:    1101 0100 0001 0010 rol r4, r4, r0  
ARCH:    INUM:      107 PC: 0x0012 REG: 4 VALUE: 0x0400
VERILOG: INUM:      107 PC: 0x0012 REG: 4 VALUE: 0x0400
INST:    1101 0101 0001 0110 rol r5, r5, r0  
ARCH:    INUM:      108 PC: 0x0014 REG: 5 VALUE: 0x0800
VERILOG: INUM:      108 PC: 0x0014 REG: 5 VALUE: 0x0800
INST:    0100 0000 0001 1111 addi r0, r0, -1  
ARCH:    INUM:      109 PC: 0x0016 REG: 0 VALUE: 0x0001
VERILOG: INUM:      109 PC: 0x0016 REG: 0 VALUE: 0x0001
INST:    0110 1000 1111 0010 bnez r0, .loop  
ARCH:    INUM:      110 PC: 0x0018
VERILOG: INUM:      110 PC: 0x0018
INST:    1101 0001 0000 0110 rol r1, r1, r0  
ARCH:    INUM:      111 PC: 0x000c REG: 1 VALUE: 0x0100
VERILOG: INUM:      111 PC: 0x000c REG: 1 VALUE: 0x0100
INST:    1101 0010 0000 1010 rol r2, r2, r0  
ARCH:    INUM:      112 PC: 0x000e REG: 2 VALUE: 0x0200
VERILOG: INUM:      112 PC: 0x000e REG: 2 VALUE: 0x0200
INST:    1101 0011 0000 1110 rol r3, r3, r0  
ARCH:    INUM:      113 PC: 0x0010 REG: 3 VALUE: 0x0400
VERILOG: INUM:      113 PC: 0x0010 REG: 3 VALUE: 0x0400
INST:    1101 0100 0001 0010 rol r4, r4, r0  
ARCH:    INUM:      114 PC: 0x0012 REG: 4 VALUE: 0x0800
VERILOG: INUM:      114 PC: 0x0012 REG: 4 VALUE: 0x0800
INST:    1101 0101 0001 0110 rol r5, r5, r0  
ARCH:    INUM:      115 PC: 0x0014 REG: 5 VALUE: 0x1000
VERILOG: INUM:      115 PC: 0x0014 REG: 5 VALUE: 0x1000
INST:    0100 0000 0001 1111 addi r0, r0, -1  
ARCH:    INUM:      116 PC: 0x0016 REG: 0 VALUE: 0x0000
VERILOG: INUM:      116 PC: 0x0016 REG: 0 VALUE: 0x0000
INST:    0110 1000 1111 0010 bnez r0, .loop  
ARCH:    INUM:      117 PC: 0x0018
VERILOG: INUM:      117 PC: 0x0018
INST:    1010 0001 0010 1000 roli r1, r1, 8  
ARCH:    INUM:      118 PC: 0x001a REG: 1 VALUE: 0x0001
VERILOG: INUM:      118 PC: 0x001a REG: 1 VALUE: 0x0001
INST:    1010 0010 0100 1000 roli r2, r2, 8  
ARCH:    INUM:      119 PC: 0x001c REG: 2 VALUE: 0x0002
VERILOG: INUM:      119 PC: 0x001c REG: 2 VALUE: 0x0002
INST:    1010 0011 0110 1000 roli r3, r3, 8  
ARCH:    INUM:      120 PC: 0x001e REG: 3 VALUE: 0x0004
VERILOG: INUM:      120 PC: 0x001e REG: 3 VALUE: 0x0004
INST:    1010 0100 1000 1000 roli r4, r4, 8  
ARCH:    INUM:      121 PC: 0x0020 REG: 4 VALUE: 0x0008
VERILOG: INUM:      121 PC: 0x0020 REG: 4 VALUE: 0x0008
INST:    1010 0101 1010 1000 roli r5, r5, 8  
ARCH:    INUM:      122 PC: 0x0022 REG: 5 VALUE: 0x0010
VERILOG: INUM:      122 PC: 0x0022 REG: 5 VALUE: 0x0010
INST:    1101 1001 0100 0100 add r1, r1, r2  
ARCH:    INUM:      123 PC: 0x0024 REG: 1 VALUE: 0x0003
VERILOG: INUM:      123 PC: 0x0024 REG: 1 VALUE: 0x0003
INST:    1101 1001 0110 0100 add r1, r1, r3  
ARCH:    INUM:      124 PC: 0x0026 REG: 1 VALUE: 0x0007
VERILOG: INUM:      124 PC: 0x0026 REG: 1 VALUE: 0x0007
INST:    1101 1001 1000 0100 add r1, r1, r4  
ARCH:    INUM:      125 PC: 0x0028 REG: 1 VALUE: 0x000f
VERILOG: INUM:      125 PC: 0x0028 REG: 1 VALUE: 0x000f
INST:    1101 1001 1010 0100 add r1, r1, r5  
ARCH:    INUM:      126 PC: 0x002a REG: 1 VALUE: 0x001f
VERILOG: INUM:      126 PC: 0x002a REG: 1 VALUE: 0x001f
INST:    0100 0001 0010 0001 addi r1, r1, 1  
ARCH:    INUM:      127 PC: 0x002c REG: 1 VALUE: 0x0020
VERILOG: INUM:      127 PC: 0x002c REG: 1 VALUE: 0x0020
INST:    1010 0001 0010 1011 roli r1, r1, 11  
ARCH:    INUM:      128 PC: 0x002e REG: 1 VALUE: 0x0001
VERILOG: INUM:      128 PC: 0x002e REG: 1 VALUE: 0x0001
INST:    1100 0000 0000 0000 lbi r0, U.DataArea  
ARCH:    INUM:      129 PC: 0x0030 REG: 0 VALUE: 0x0000
VERILOG: INUM:      129 PC: 0x0030 REG: 0 VALUE: 0x0000
INST:    1001 0000 1001 0100 slbi r0, L.DataArea  
ARCH:    INUM:      130 PC: 0x0032 REG: 0 VALUE: 0x0094
VERILOG: INUM:      130 PC: 0x0032 REG: 0 VALUE: 0x0094
INST:    1000 0000 0010 0000 st r1, r0, 0  
ARCH:    INUM:      131 PC: 0x0034 ADDR: 0x0094 VALUE: 0x0001
VERILOG: INUM:      131 PC: 0x0034 ADDR: 0x0094 VALUE: 0x0001
INST:    1100 0001 0000 0110 lbi r1, 6  
ARCH:    INUM:      132 PC: 0x0036 REG: 1 VALUE: 0x0006
VERILOG: INUM:      132 PC: 0x0036 REG: 1 VALUE: 0x0006
INST:    0100 0001 1000 0000 addi r4,r1,0  
ARCH:    INUM:      133 PC: 0x0038 REG: 4 VALUE: 0x0006
VERILOG: INUM:      133 PC: 0x0038 REG: 4 VALUE: 0x0006
INST:    0100 0001 1011 1110 addi r5,r1,-2  
ARCH:    INUM:      134 PC: 0x003a REG: 5 VALUE: 0x0004
VERILOG: INUM:      134 PC: 0x003a REG: 5 VALUE: 0x0004
INST:    0100 0100 1100 0000 addi r6,r4,0  
ARCH:    INUM:      135 PC: 0x003c REG: 6 VALUE: 0x0006
VERILOG: INUM:      135 PC: 0x003c REG: 6 VALUE: 0x0006
INST:    0110 0101 0000 1010 beqz r5,.storeresult  
ARCH:    INUM:      136 PC: 0x003e
VERILOG: INUM:      136 PC: 0x003e
INST:    1101 1100 1101 0000 add r4,r4,r6  
ARCH:    INUM:      137 PC: 0x0040 REG: 4 VALUE: 0x000c
VERILOG: INUM:      137 PC: 0x0040 REG: 4 VALUE: 0x000c
INST:    0100 0101 1011 1111 addi r5,r5,-1  
ARCH:    INUM:      138 PC: 0x0042 REG: 5 VALUE: 0x0003
VERILOG: INUM:      138 PC: 0x0042 REG: 5 VALUE: 0x0003
INST:    0110 1101 1111 1010 bnez r5,.multiplyloop  
ARCH:    INUM:      139 PC: 0x0044
VERILOG: INUM:      139 PC: 0x0044
INST:    1101 1100 1101 0000 add r4,r4,r6  
ARCH:    INUM:      140 PC: 0x0040 REG: 4 VALUE: 0x0012
VERILOG: INUM:      140 PC: 0x0040 REG: 4 VALUE: 0x0012
INST:    0100 0101 1011 1111 addi r5,r5,-1  
ARCH:    INUM:      141 PC: 0x0042 REG: 5 VALUE: 0x0002
VERILOG: INUM:      141 PC: 0x0042 REG: 5 VALUE: 0x0002
INST:    0110 1101 1111 1010 bnez r5,.multiplyloop  
ARCH:    INUM:      142 PC: 0x0044
VERILOG: INUM:      142 PC: 0x0044
INST:    1101 1100 1101 0000 add r4,r4,r6  
ARCH:    INUM:      143 PC: 0x0040 REG: 4 VALUE: 0x0018
VERILOG: INUM:      143 PC: 0x0040 REG: 4 VALUE: 0x0018
INST:    0100 0101 1011 1111 addi r5,r5,-1  
ARCH:    INUM:      144 PC: 0x0042 REG: 5 VALUE: 0x0001
VERILOG: INUM:      144 PC: 0x0042 REG: 5 VALUE: 0x0001
INST:    0110 1101 1111 1010 bnez r5,.multiplyloop  
ARCH:    INUM:      145 PC: 0x0044
VERILOG: INUM:      145 PC: 0x0044
INST:    1101 1100 1101 0000 add r4,r4,r6  
ARCH:    INUM:      146 PC: 0x0040 REG: 4 VALUE: 0x001e
VERILOG: INUM:      146 PC: 0x0040 REG: 4 VALUE: 0x001e
INST:    0100 0101 1011 1111 addi r5,r5,-1  
ARCH:    INUM:      147 PC: 0x0042 REG: 5 VALUE: 0x0000
VERILOG: INUM:      147 PC: 0x0042 REG: 5 VALUE: 0x0000
INST:    0110 1101 1111 1010 bnez r5,.multiplyloop  
ARCH:    INUM:      148 PC: 0x0044
VERILOG: INUM:      148 PC: 0x0044
INST:    0100 0001 0011 1111 addi r1,r1,-1  
ARCH:    INUM:      149 PC: 0x0046 REG: 1 VALUE: 0x0005
VERILOG: INUM:      149 PC: 0x0046 REG: 1 VALUE: 0x0005
INST:    0010 0111 1111 0000 j .factorialloop  
ARCH:    INUM:      150 PC: 0x0048
VERILOG: INUM:      150 PC: 0x0048
INST:    0100 0001 1011 1110 addi r5,r1,-2  
ARCH:    INUM:      151 PC: 0x003a REG: 5 VALUE: 0x0003
VERILOG: INUM:      151 PC: 0x003a REG: 5 VALUE: 0x0003
INST:    0100 0100 1100 0000 addi r6,r4,0  
ARCH:    INUM:      152 PC: 0x003c REG: 6 VALUE: 0x001e
VERILOG: INUM:      152 PC: 0x003c REG: 6 VALUE: 0x001e
INST:    0110 0101 0000 1010 beqz r5,.storeresult  
ARCH:    INUM:      153 PC: 0x003e
VERILOG: INUM:      153 PC: 0x003e
INST:    1101 1100 1101 0000 add r4,r4,r6  
ARCH:    INUM:      154 PC: 0x0040 REG: 4 VALUE: 0x003c
VERILOG: INUM:      154 PC: 0x0040 REG: 4 VALUE: 0x003c
INST:    0100 0101 1011 1111 addi r5,r5,-1  
ARCH:    INUM:      155 PC: 0x0042 REG: 5 VALUE: 0x0002
VERILOG: INUM:      155 PC: 0x0042 REG: 5 VALUE: 0x0002
INST:    0110 1101 1111 1010 bnez r5,.multiplyloop  
ARCH:    INUM:      156 PC: 0x0044
VERILOG: INUM:      156 PC: 0x0044
INST:    1101 1100 1101 0000 add r4,r4,r6  
ARCH:    INUM:      157 PC: 0x0040 REG: 4 VALUE: 0x005a
VERILOG: INUM:      157 PC: 0x0040 REG: 4 VALUE: 0x005a
INST:    0100 0101 1011 1111 addi r5,r5,-1  
ARCH:    INUM:      158 PC: 0x0042 REG: 5 VALUE: 0x0001
VERILOG: INUM:      158 PC: 0x0042 REG: 5 VALUE: 0x0001
INST:    0110 1101 1111 1010 bnez r5,.multiplyloop  
ARCH:    INUM:      159 PC: 0x0044
VERILOG: INUM:      159 PC: 0x0044
INST:    1101 1100 1101 0000 add r4,r4,r6  
ARCH:    INUM:      160 PC: 0x0040 REG: 4 VALUE: 0x0078
VERILOG: INUM:      160 PC: 0x0040 REG: 4 VALUE: 0x0078
INST:    0100 0101 1011 1111 addi r5,r5,-1  
ARCH:    INUM:      161 PC: 0x0042 REG: 5 VALUE: 0x0000
VERILOG: INUM:      161 PC: 0x0042 REG: 5 VALUE: 0x0000
INST:    0110 1101 1111 1010 bnez r5,.multiplyloop  
ARCH:    INUM:      162 PC: 0x0044
VERILOG: INUM:      162 PC: 0x0044
INST:    0100 0001 0011 1111 addi r1,r1,-1  
ARCH:    INUM:      163 PC: 0x0046 REG: 1 VALUE: 0x0004
VERILOG: INUM:      163 PC: 0x0046 REG: 1 VALUE: 0x0004
INST:    0010 0111 1111 0000 j .factorialloop  
ARCH:    INUM:      164 PC: 0x0048
VERILOG: INUM:      164 PC: 0x0048
INST:    0100 0001 1011 1110 addi r5,r1,-2  
ARCH:    INUM:      165 PC: 0x003a REG: 5 VALUE: 0x0002
VERILOG: INUM:      165 PC: 0x003a REG: 5 VALUE: 0x0002
INST:    0100 0100 1100 0000 addi r6,r4,0  
ARCH:    INUM:      166 PC: 0x003c REG: 6 VALUE: 0x0078
VERILOG: INUM:      166 PC: 0x003c REG: 6 VALUE: 0x0078
INST:    0110 0101 0000 1010 beqz r5,.storeresult  
ARCH:    INUM:      167 PC: 0x003e
VERILOG: INUM:      167 PC: 0x003e
INST:    1101 1100 1101 0000 add r4,r4,r6  
ARCH:    INUM:      168 PC: 0x0040 REG: 4 VALUE: 0x00f0
VERILOG: INUM:      168 PC: 0x0040 REG: 4 VALUE: 0x00f0
INST:    0100 0101 1011 1111 addi r5,r5,-1  
ARCH:    INUM:      169 PC: 0x0042 REG: 5 VALUE: 0x0001
VERILOG: INUM:      169 PC: 0x0042 REG: 5 VALUE: 0x0001
INST:    0110 1101 1111 1010 bnez r5,.multiplyloop  
ARCH:    INUM:      170 PC: 0x0044
VERILOG: INUM:      170 PC: 0x0044
INST:    1101 1100 1101 0000 add r4,r4,r6  
ARCH:    INUM:      171 PC: 0x0040 REG: 4 VALUE: 0x0168
VERILOG: INUM:      171 PC: 0x0040 REG: 4 VALUE: 0x0168
INST:    0100 0101 1011 1111 addi r5,r5,-1  
ARCH:    INUM:      172 PC: 0x0042 REG: 5 VALUE: 0x0000
VERILOG: INUM:      172 PC: 0x0042 REG: 5 VALUE: 0x0000
INST:    0110 1101 1111 1010 bnez r5,.multiplyloop  
ARCH:    INUM:      173 PC: 0x0044
VERILOG: INUM:      173 PC: 0x0044
INST:    0100 0001 0011 1111 addi r1,r1,-1  
ARCH:    INUM:      174 PC: 0x0046 REG: 1 VALUE: 0x0003
VERILOG: INUM:      174 PC: 0x0046 REG: 1 VALUE: 0x0003
INST:    0010 0111 1111 0000 j .factorialloop  
ARCH:    INUM:      175 PC: 0x0048
VERILOG: INUM:      175 PC: 0x0048
INST:    0100 0001 1011 1110 addi r5,r1,-2  
ARCH:    INUM:      176 PC: 0x003a REG: 5 VALUE: 0x0001
VERILOG: INUM:      176 PC: 0x003a REG: 5 VALUE: 0x0001
INST:    0100 0100 1100 0000 addi r6,r4,0  
ARCH:    INUM:      177 PC: 0x003c REG: 6 VALUE: 0x0168
VERILOG: INUM:      177 PC: 0x003c REG: 6 VALUE: 0x0168
INST:    0110 0101 0000 1010 beqz r5,.storeresult  
ARCH:    INUM:      178 PC: 0x003e
VERILOG: INUM:      178 PC: 0x003e
INST:    1101 1100 1101 0000 add r4,r4,r6  
ARCH:    INUM:      179 PC: 0x0040 REG: 4 VALUE: 0x02d0
VERILOG: INUM:      179 PC: 0x0040 REG: 4 VALUE: 0x02d0
INST:    0100 0101 1011 1111 addi r5,r5,-1  
ARCH:    INUM:      180 PC: 0x0042 REG: 5 VALUE: 0x0000
VERILOG: INUM:      180 PC: 0x0042 REG: 5 VALUE: 0x0000
INST:    0110 1101 1111 1010 bnez r5,.multiplyloop  
ARCH:    INUM:      181 PC: 0x0044
VERILOG: INUM:      181 PC: 0x0044
INST:    0100 0001 0011 1111 addi r1,r1,-1  
ARCH:    INUM:      182 PC: 0x0046 REG: 1 VALUE: 0x0002
VERILOG: INUM:      182 PC: 0x0046 REG: 1 VALUE: 0x0002
INST:    0010 0111 1111 0000 j .factorialloop  
ARCH:    INUM:      183 PC: 0x0048
VERILOG: INUM:      183 PC: 0x0048
INST:    0100 0001 1011 1110 addi r5,r1,-2  
ARCH:    INUM:      184 PC: 0x003a REG: 5 VALUE: 0x0000
VERILOG: INUM:      184 PC: 0x003a REG: 5 VALUE: 0x0000
INST:    0100 0100 1100 0000 addi r6,r4,0  
ARCH:    INUM:      185 PC: 0x003c REG: 6 VALUE: 0x02d0
VERILOG: INUM:      185 PC: 0x003c REG: 6 VALUE: 0x02d0
INST:    0110 0101 0000 1010 beqz r5,.storeresult  
ARCH:    INUM:      186 PC: 0x003e
VERILOG: INUM:      186 PC: 0x003e
INST:    1100 0111 0000 0000 lbi r7, U.DataArea  
ARCH:    INUM:      187 PC: 0x004a REG: 7 VALUE: 0x0000
VERILOG: INUM:      187 PC: 0x004a REG: 7 VALUE: 0x0000
INST:    1001 0111 1001 0100 slbi r7, L.DataArea  
ARCH:    INUM:      188 PC: 0x004c REG: 7 VALUE: 0x0094
VERILOG: INUM:      188 PC: 0x004c REG: 7 VALUE: 0x0094
INST:    1000 0111 1000 0010 st r4,r7,2  
ARCH:    INUM:      189 PC: 0x004e ADDR: 0x0096 VALUE: 0x02d0
VERILOG: INUM:      189 PC: 0x004e ADDR: 0x0096 VALUE: 0x02d0
INST:    1100 0101 0000 0000 lbi r5, 0  
ARCH:    INUM:      190 PC: 0x0050 REG: 5 VALUE: 0x0000
VERILOG: INUM:      190 PC: 0x0050 REG: 5 VALUE: 0x0000
INST:    1100 0110 0001 0000 lbi r6, 0x10  
ARCH:    INUM:      191 PC: 0x0052 REG: 6 VALUE: 0x0010
VERILOG: INUM:      191 PC: 0x0052 REG: 6 VALUE: 0x0010
INST:    1100 0000 0000 0000 lbi r0, 0  
ARCH:    INUM:      192 PC: 0x0054 REG: 0 VALUE: 0x0000
VERILOG: INUM:      192 PC: 0x0054 REG: 0 VALUE: 0x0000
INST:    1100 0001 0000 0000 lbi r1, 0  
ARCH:    INUM:      193 PC: 0x0056 REG: 1 VALUE: 0x0000
VERILOG: INUM:      193 PC: 0x0056 REG: 1 VALUE: 0x0000
INST:    1000 1101 0100 0000 ld r2, r5, 0  
ARCH:    INUM:      194 PC: 0x0058 REG: 2 VALUE: 0xc010 ADDR: 0x0000
VERILOG: INUM:      194 PC: 0x0058 REG: 2 VALUE: 0xc010 ADDR: 0x0000
INST:    1000 1101 0110 0010 ld r3, r5, 2  
ARCH:    INUM:      195 PC: 0x005a REG: 3 VALUE: 0xc101 ADDR: 0x0002
VERILOG: INUM:      195 PC: 0x005a REG: 3 VALUE: 0xc101 ADDR: 0x0002
INST:    0100 0101 1010 0100 addi r5, r5, 4  
ARCH:    INUM:      196 PC: 0x005c REG: 5 VALUE: 0x0004
VERILOG: INUM:      196 PC: 0x005c REG: 5 VALUE: 0x0004
INST:    0011 0000 0010 0100 jal .Add32  
ARCH:    INUM:      197 PC: 0x005e REG: 7 VALUE: 0x0060
VERILOG: INUM:      197 PC: 0x005e REG: 7 VALUE: 0x0060
INST:    1111 1001 0111 0000 sco r4, r1, r3  
ARCH:    INUM:      198 PC: 0x0084 REG: 4 VALUE: 0x0000
VERILOG: INUM:      198 PC: 0x0084 REG: 4 VALUE: 0x0000
INST:    1101 1001 0110 0100 add r1, r1, r3  
ARCH:    INUM:      199 PC: 0x0086 REG: 1 VALUE: 0xc101
VERILOG: INUM:      199 PC: 0x0086 REG: 1 VALUE: 0xc101
INST:    1101 1000 0100 0000 add r0, r0, r2  
ARCH:    INUM:      200 PC: 0x0088 REG: 0 VALUE: 0xc010
VERILOG: INUM:      200 PC: 0x0088 REG: 0 VALUE: 0xc010
INST:    1101 1000 1000 0000 add r0, r0, r4  
ARCH:    INUM:      201 PC: 0x008a REG: 0 VALUE: 0xc010
VERILOG: INUM:      201 PC: 0x008a REG: 0 VALUE: 0xc010
INST:    0010 1111 0000 0000 jr r7, 0  
ARCH:    INUM:      202 PC: 0x008c
VERILOG: INUM:      202 PC: 0x008c
INST:    0100 0110 1101 1111 addi r6, r6, -1  
ARCH:    INUM:      203 PC: 0x0060 REG: 6 VALUE: 0x000f
VERILOG: INUM:      203 PC: 0x0060 REG: 6 VALUE: 0x000f
INST:    0110 1110 1111 0100 bnez r6, .addloop  
ARCH:    INUM:      204 PC: 0x0062
VERILOG: INUM:      204 PC: 0x0062
INST:    1000 1101 0100 0000 ld r2, r5, 0  
ARCH:    INUM:      205 PC: 0x0058 REG: 2 VALUE: 0xc202 ADDR: 0x0004
VERILOG: INUM:      205 PC: 0x0058 REG: 2 VALUE: 0xc202 ADDR: 0x0004
INST:    1000 1101 0110 0010 ld r3, r5, 2  
ARCH:    INUM:      206 PC: 0x005a REG: 3 VALUE: 0xc304 ADDR: 0x0006
VERILOG: INUM:      206 PC: 0x005a REG: 3 VALUE: 0xc304 ADDR: 0x0006
INST:    0100 0101 1010 0100 addi r5, r5, 4  
ARCH:    INUM:      207 PC: 0x005c REG: 5 VALUE: 0x0008
VERILOG: INUM:      207 PC: 0x005c REG: 5 VALUE: 0x0008
INST:    0011 0000 0010 0100 jal .Add32  
ARCH:    INUM:      208 PC: 0x005e REG: 7 VALUE: 0x0060
VERILOG: INUM:      208 PC: 0x005e REG: 7 VALUE: 0x0060
INST:    1111 1001 0111 0000 sco r4, r1, r3  
ARCH:    INUM:      209 PC: 0x0084 REG: 4 VALUE: 0x0001
VERILOG: INUM:      209 PC: 0x0084 REG: 4 VALUE: 0x0001
INST:    1101 1001 0110 0100 add r1, r1, r3  
ARCH:    INUM:      210 PC: 0x0086 REG: 1 VALUE: 0x8405
VERILOG: INUM:      210 PC: 0x0086 REG: 1 VALUE: 0x8405
INST:    1101 1000 0100 0000 add r0, r0, r2  
ARCH:    INUM:      211 PC: 0x0088 REG: 0 VALUE: 0x8212
VERILOG: INUM:      211 PC: 0x0088 REG: 0 VALUE: 0x8212
INST:    1101 1000 1000 0000 add r0, r0, r4  
ARCH:    INUM:      212 PC: 0x008a REG: 0 VALUE: 0x8213
VERILOG: INUM:      212 PC: 0x008a REG: 0 VALUE: 0x8213
INST:    0010 1111 0000 0000 jr r7, 0  
ARCH:    INUM:      213 PC: 0x008c
VERILOG: INUM:      213 PC: 0x008c
INST:    0100 0110 1101 1111 addi r6, r6, -1  
ARCH:    INUM:      214 PC: 0x0060 REG: 6 VALUE: 0x000e
VERILOG: INUM:      214 PC: 0x0060 REG: 6 VALUE: 0x000e
INST:    0110 1110 1111 0100 bnez r6, .addloop  
ARCH:    INUM:      215 PC: 0x0062
VERILOG: INUM:      215 PC: 0x0062
INST:    1000 1101 0100 0000 ld r2, r5, 0  
ARCH:    INUM:      216 PC: 0x0058 REG: 2 VALUE: 0xc408 ADDR: 0x0008
VERILOG: INUM:      216 PC: 0x0058 REG: 2 VALUE: 0xc408 ADDR: 0x0008
INST:    1000 1101 0110 0010 ld r3, r5, 2  
ARCH:    INUM:      217 PC: 0x005a REG: 3 VALUE: 0xc510 ADDR: 0x000a
VERILOG: INUM:      217 PC: 0x005a REG: 3 VALUE: 0xc510 ADDR: 0x000a
INST:    0100 0101 1010 0100 addi r5, r5, 4  
ARCH:    INUM:      218 PC: 0x005c REG: 5 VALUE: 0x000c
VERILOG: INUM:      218 PC: 0x005c REG: 5 VALUE: 0x000c
INST:    0011 0000 0010 0100 jal .Add32  
ARCH:    INUM:      219 PC: 0x005e REG: 7 VALUE: 0x0060
VERILOG: INUM:      219 PC: 0x005e REG: 7 VALUE: 0x0060
INST:    1111 1001 0111 0000 sco r4, r1, r3  
ARCH:    INUM:      220 PC: 0x0084 REG: 4 VALUE: 0x0001
VERILOG: INUM:      220 PC: 0x0084 REG: 4 VALUE: 0x0001
INST:    1101 1001 0110 0100 add r1, r1, r3  
ARCH:    INUM:      221 PC: 0x0086 REG: 1 VALUE: 0x4915
VERILOG: INUM:      221 PC: 0x0086 REG: 1 VALUE: 0x4915
INST:    1101 1000 0100 0000 add r0, r0, r2  
ARCH:    INUM:      222 PC: 0x0088 REG: 0 VALUE: 0x461b
VERILOG: INUM:      222 PC: 0x0088 REG: 0 VALUE: 0x461b
INST:    1101 1000 1000 0000 add r0, r0, r4  
ARCH:    INUM:      223 PC: 0x008a REG: 0 VALUE: 0x461c
VERILOG: INUM:      223 PC: 0x008a REG: 0 VALUE: 0x461c
INST:    0010 1111 0000 0000 jr r7, 0  
ARCH:    INUM:      224 PC: 0x008c
VERILOG: INUM:      224 PC: 0x008c
INST:    0100 0110 1101 1111 addi r6, r6, -1  
ARCH:    INUM:      225 PC: 0x0060 REG: 6 VALUE: 0x000d
VERILOG: INUM:      225 PC: 0x0060 REG: 6 VALUE: 0x000d
INST:    0110 1110 1111 0100 bnez r6, .addloop  
ARCH:    INUM:      226 PC: 0x0062
VERILOG: INUM:      226 PC: 0x0062
INST:    1000 1101 0100 0000 ld r2, r5, 0  
ARCH:    INUM:      227 PC: 0x0058 REG: 2 VALUE: 0xd106 ADDR: 0x000c
VERILOG: INUM:      227 PC: 0x0058 REG: 2 VALUE: 0xd106 ADDR: 0x000c
INST:    1000 1101 0110 0010 ld r3, r5, 2  
ARCH:    INUM:      228 PC: 0x005a REG: 3 VALUE: 0xd20a ADDR: 0x000e
VERILOG: INUM:      228 PC: 0x005a REG: 3 VALUE: 0xd20a ADDR: 0x000e
INST:    0100 0101 1010 0100 addi r5, r5, 4  
ARCH:    INUM:      229 PC: 0x005c REG: 5 VALUE: 0x0010
VERILOG: INUM:      229 PC: 0x005c REG: 5 VALUE: 0x0010
INST:    0011 0000 0010 0100 jal .Add32  
ARCH:    INUM:      230 PC: 0x005e REG: 7 VALUE: 0x0060
VERILOG: INUM:      230 PC: 0x005e REG: 7 VALUE: 0x0060
INST:    1111 1001 0111 0000 sco r4, r1, r3  
ARCH:    INUM:      231 PC: 0x0084 REG: 4 VALUE: 0x0001
VERILOG: INUM:      231 PC: 0x0084 REG: 4 VALUE: 0x0001
INST:    1101 1001 0110 0100 add r1, r1, r3  
ARCH:    INUM:      232 PC: 0x0086 REG: 1 VALUE: 0x1b1f
VERILOG: INUM:      232 PC: 0x0086 REG: 1 VALUE: 0x1b1f
INST:    1101 1000 0100 0000 add r0, r0, r2  
ARCH:    INUM:      233 PC: 0x0088 REG: 0 VALUE: 0x1722
VERILOG: INUM:      233 PC: 0x0088 REG: 0 VALUE: 0x1722
INST:    1101 1000 1000 0000 add r0, r0, r4  
ARCH:    INUM:      234 PC: 0x008a REG: 0 VALUE: 0x1723
VERILOG: INUM:      234 PC: 0x008a REG: 0 VALUE: 0x1723
INST:    0010 1111 0000 0000 jr r7, 0  
ARCH:    INUM:      235 PC: 0x008c
VERILOG: INUM:      235 PC: 0x008c
INST:    0100 0110 1101 1111 addi r6, r6, -1  
ARCH:    INUM:      236 PC: 0x0060 REG: 6 VALUE: 0x000c
VERILOG: INUM:      236 PC: 0x0060 REG: 6 VALUE: 0x000c
INST:    0110 1110 1111 0100 bnez r6, .addloop  
ARCH:    INUM:      237 PC: 0x0062
VERILOG: INUM:      237 PC: 0x0062
INST:    1000 1101 0100 0000 ld r2, r5, 0  
ARCH:    INUM:      238 PC: 0x0058 REG: 2 VALUE: 0xd30e ADDR: 0x0010
VERILOG: INUM:      238 PC: 0x0058 REG: 2 VALUE: 0xd30e ADDR: 0x0010
INST:    1000 1101 0110 0010 ld r3, r5, 2  
ARCH:    INUM:      239 PC: 0x005a REG: 3 VALUE: 0xd412 ADDR: 0x0012
VERILOG: INUM:      239 PC: 0x005a REG: 3 VALUE: 0xd412 ADDR: 0x0012
INST:    0100 0101 1010 0100 addi r5, r5, 4  
ARCH:    INUM:      240 PC: 0x005c REG: 5 VALUE: 0x0014
VERILOG: INUM:      240 PC: 0x005c REG: 5 VALUE: 0x0014
INST:    0011 0000 0010 0100 jal .Add32  
ARCH:    INUM:      241 PC: 0x005e REG: 7 VALUE: 0x0060
VERILOG: INUM:      241 PC: 0x005e REG: 7 VALUE: 0x0060
INST:    1111 1001 0111 0000 sco r4, r1, r3  
ARCH:    INUM:      242 PC: 0x0084 REG: 4 VALUE: 0x0000
VERILOG: INUM:      242 PC: 0x0084 REG: 4 VALUE: 0x0000
INST:    1101 1001 0110 0100 add r1, r1, r3  
ARCH:    INUM:      243 PC: 0x0086 REG: 1 VALUE: 0xef31
VERILOG: INUM:      243 PC: 0x0086 REG: 1 VALUE: 0xef31
INST:    1101 1000 0100 0000 add r0, r0, r2  
ARCH:    INUM:      244 PC: 0x0088 REG: 0 VALUE: 0xea31
VERILOG: INUM:      244 PC: 0x0088 REG: 0 VALUE: 0xea31
INST:    1101 1000 1000 0000 add r0, r0, r4  
ARCH:    INUM:      245 PC: 0x008a REG: 0 VALUE: 0xea31
VERILOG: INUM:      245 PC: 0x008a REG: 0 VALUE: 0xea31
INST:    0010 1111 0000 0000 jr r7, 0  
ARCH:    INUM:      246 PC: 0x008c
VERILOG: INUM:      246 PC: 0x008c
INST:    0100 0110 1101 1111 addi r6, r6, -1  
ARCH:    INUM:      247 PC: 0x0060 REG: 6 VALUE: 0x000b
VERILOG: INUM:      247 PC: 0x0060 REG: 6 VALUE: 0x000b
INST:    0110 1110 1111 0100 bnez r6, .addloop  
ARCH:    INUM:      248 PC: 0x0062
VERILOG: INUM:      248 PC: 0x0062
INST:    1000 1101 0100 0000 ld r2, r5, 0  
ARCH:    INUM:      249 PC: 0x0058 REG: 2 VALUE: 0xd516 ADDR: 0x0014
VERILOG: INUM:      249 PC: 0x0058 REG: 2 VALUE: 0xd516 ADDR: 0x0014
INST:    1000 1101 0110 0010 ld r3, r5, 2  
ARCH:    INUM:      250 PC: 0x005a REG: 3 VALUE: 0x401f ADDR: 0x0016
VERILOG: INUM:      250 PC: 0x005a REG: 3 VALUE: 0x401f ADDR: 0x0016
INST:    0100 0101 1010 0100 addi r5, r5, 4  
ARCH:    INUM:      251 PC: 0x005c REG: 5 VALUE: 0x0018
VERILOG: INUM:      251 PC: 0x005c REG: 5 VALUE: 0x0018
INST:    0011 0000 0010 0100 jal .Add32  
ARCH:    INUM:      252 PC: 0x005e REG: 7 VALUE: 0x0060
VERILOG: INUM:      252 PC: 0x005e REG: 7 VALUE: 0x0060
INST:    1111 1001 0111 0000 sco r4, r1, r3  
ARCH:    INUM:      253 PC: 0x0084 REG: 4 VALUE: 0x0001
VERILOG: INUM:      253 PC: 0x0084 REG: 4 VALUE: 0x0001
INST:    1101 1001 0110 0100 add r1, r1, r3  
ARCH:    INUM:      254 PC: 0x0086 REG: 1 VALUE: 0x2f50
VERILOG: INUM:      254 PC: 0x0086 REG: 1 VALUE: 0x2f50
INST:    1101 1000 0100 0000 add r0, r0, r2  
ARCH:    INUM:      255 PC: 0x0088 REG: 0 VALUE: 0xbf47
VERILOG: INUM:      255 PC: 0x0088 REG: 0 VALUE: 0xbf47
INST:    1101 1000 1000 0000 add r0, r0, r4  
ARCH:    INUM:      256 PC: 0x008a REG: 0 VALUE: 0xbf48
VERILOG: INUM:      256 PC: 0x008a REG: 0 VALUE: 0xbf48
INST:    0010 1111 0000 0000 jr r7, 0  
ARCH:    INUM:      257 PC: 0x008c
VERILOG: INUM:      257 PC: 0x008c
INST:    0100 0110 1101 1111 addi r6, r6, -1  
ARCH:    INUM:      258 PC: 0x0060 REG: 6 VALUE: 0x000a
VERILOG: INUM:      258 PC: 0x0060 REG: 6 VALUE: 0x000a
INST:    0110 1110 1111 0100 bnez r6, .addloop  
ARCH:    INUM:      259 PC: 0x0062
VERILOG: INUM:      259 PC: 0x0062
INST:    1000 1101 0100 0000 ld r2, r5, 0  
ARCH:    INUM:      260 PC: 0x0058 REG: 2 VALUE: 0x68f2 ADDR: 0x0018
VERILOG: INUM:      260 PC: 0x0058 REG: 2 VALUE: 0x68f2 ADDR: 0x0018
INST:    1000 1101 0110 0010 ld r3, r5, 2  
ARCH:    INUM:      261 PC: 0x005a REG: 3 VALUE: 0xa128 ADDR: 0x001a
VERILOG: INUM:      261 PC: 0x005a REG: 3 VALUE: 0xa128 ADDR: 0x001a
INST:    0100 0101 1010 0100 addi r5, r5, 4  
ARCH:    INUM:      262 PC: 0x005c REG: 5 VALUE: 0x001c
VERILOG: INUM:      262 PC: 0x005c REG: 5 VALUE: 0x001c
INST:    0011 0000 0010 0100 jal .Add32  
ARCH:    INUM:      263 PC: 0x005e REG: 7 VALUE: 0x0060
VERILOG: INUM:      263 PC: 0x005e REG: 7 VALUE: 0x0060
INST:    1111 1001 0111 0000 sco r4, r1, r3  
ARCH:    INUM:      264 PC: 0x0084 REG: 4 VALUE: 0x0000
VERILOG: INUM:      264 PC: 0x0084 REG: 4 VALUE: 0x0000
INST:    1101 1001 0110 0100 add r1, r1, r3  
ARCH:    INUM:      265 PC: 0x0086 REG: 1 VALUE: 0xd078
VERILOG: INUM:      265 PC: 0x0086 REG: 1 VALUE: 0xd078
INST:    1101 1000 0100 0000 add r0, r0, r2  
ARCH:    INUM:      266 PC: 0x0088 REG: 0 VALUE: 0x283a
VERILOG: INUM:      266 PC: 0x0088 REG: 0 VALUE: 0x283a
INST:    1101 1000 1000 0000 add r0, r0, r4  
ARCH:    INUM:      267 PC: 0x008a REG: 0 VALUE: 0x283a
VERILOG: INUM:      267 PC: 0x008a REG: 0 VALUE: 0x283a
INST:    0010 1111 0000 0000 jr r7, 0  
ARCH:    INUM:      268 PC: 0x008c
VERILOG: INUM:      268 PC: 0x008c
INST:    0100 0110 1101 1111 addi r6, r6, -1  
ARCH:    INUM:      269 PC: 0x0060 REG: 6 VALUE: 0x0009
VERILOG: INUM:      269 PC: 0x0060 REG: 6 VALUE: 0x0009
INST:    0110 1110 1111 0100 bnez r6, .addloop  
ARCH:    INUM:      270 PC: 0x0062
VERILOG: INUM:      270 PC: 0x0062
INST:    1000 1101 0100 0000 ld r2, r5, 0  
ARCH:    INUM:      271 PC: 0x0058 REG: 2 VALUE: 0xa248 ADDR: 0x001c
VERILOG: INUM:      271 PC: 0x0058 REG: 2 VALUE: 0xa248 ADDR: 0x001c
INST:    1000 1101 0110 0010 ld r3, r5, 2  
ARCH:    INUM:      272 PC: 0x005a REG: 3 VALUE: 0xa368 ADDR: 0x001e
VERILOG: INUM:      272 PC: 0x005a REG: 3 VALUE: 0xa368 ADDR: 0x001e
INST:    0100 0101 1010 0100 addi r5, r5, 4  
ARCH:    INUM:      273 PC: 0x005c REG: 5 VALUE: 0x0020
VERILOG: INUM:      273 PC: 0x005c REG: 5 VALUE: 0x0020
INST:    0011 0000 0010 0100 jal .Add32  
ARCH:    INUM:      274 PC: 0x005e REG: 7 VALUE: 0x0060
VERILOG: INUM:      274 PC: 0x005e REG: 7 VALUE: 0x0060
INST:    1111 1001 0111 0000 sco r4, r1, r3  
ARCH:    INUM:      275 PC: 0x0084 REG: 4 VALUE: 0x0001
VERILOG: INUM:      275 PC: 0x0084 REG: 4 VALUE: 0x0001
INST:    1101 1001 0110 0100 add r1, r1, r3  
ARCH:    INUM:      276 PC: 0x0086 REG: 1 VALUE: 0x73e0
VERILOG: INUM:      276 PC: 0x0086 REG: 1 VALUE: 0x73e0
INST:    1101 1000 0100 0000 add r0, r0, r2  
ARCH:    INUM:      277 PC: 0x0088 REG: 0 VALUE: 0xca82
VERILOG: INUM:      277 PC: 0x0088 REG: 0 VALUE: 0xca82
INST:    1101 1000 1000 0000 add r0, r0, r4  
ARCH:    INUM:      278 PC: 0x008a REG: 0 VALUE: 0xca83
VERILOG: INUM:      278 PC: 0x008a REG: 0 VALUE: 0xca83
INST:    0010 1111 0000 0000 jr r7, 0  
ARCH:    INUM:      279 PC: 0x008c
VERILOG: INUM:      279 PC: 0x008c
INST:    0100 0110 1101 1111 addi r6, r6, -1  
ARCH:    INUM:      280 PC: 0x0060 REG: 6 VALUE: 0x0008
VERILOG: INUM:      280 PC: 0x0060 REG: 6 VALUE: 0x0008
INST:    0110 1110 1111 0100 bnez r6, .addloop  
ARCH:    INUM:      281 PC: 0x0062
VERILOG: INUM:      281 PC: 0x0062
INST:    1000 1101 0100 0000 ld r2, r5, 0  
ARCH:    INUM:      282 PC: 0x0058 REG: 2 VALUE: 0xa488 ADDR: 0x0020
VERILOG: INUM:      282 PC: 0x0058 REG: 2 VALUE: 0xa488 ADDR: 0x0020
INST:    1000 1101 0110 0010 ld r3, r5, 2  
ARCH:    INUM:      283 PC: 0x005a REG: 3 VALUE: 0xa5a8 ADDR: 0x0022
VERILOG: INUM:      283 PC: 0x005a REG: 3 VALUE: 0xa5a8 ADDR: 0x0022
INST:    0100 0101 1010 0100 addi r5, r5, 4  
ARCH:    INUM:      284 PC: 0x005c REG: 5 VALUE: 0x0024
VERILOG: INUM:      284 PC: 0x005c REG: 5 VALUE: 0x0024
INST:    0011 0000 0010 0100 jal .Add32  
ARCH:    INUM:      285 PC: 0x005e REG: 7 VALUE: 0x0060
VERILOG: INUM:      285 PC: 0x005e REG: 7 VALUE: 0x0060
INST:    1111 1001 0111 0000 sco r4, r1, r3  
ARCH:    INUM:      286 PC: 0x0084 REG: 4 VALUE: 0x0001
VERILOG: INUM:      286 PC: 0x0084 REG: 4 VALUE: 0x0001
INST:    1101 1001 0110 0100 add r1, r1, r3  
ARCH:    INUM:      287 PC: 0x0086 REG: 1 VALUE: 0x1988
VERILOG: INUM:      287 PC: 0x0086 REG: 1 VALUE: 0x1988
INST:    1101 1000 0100 0000 add r0, r0, r2  
ARCH:    INUM:      288 PC: 0x0088 REG: 0 VALUE: 0x6f0b
VERILOG: INUM:      288 PC: 0x0088 REG: 0 VALUE: 0x6f0b
INST:    1101 1000 1000 0000 add r0, r0, r4  
ARCH:    INUM:      289 PC: 0x008a REG: 0 VALUE: 0x6f0c
VERILOG: INUM:      289 PC: 0x008a REG: 0 VALUE: 0x6f0c
INST:    0010 1111 0000 0000 jr r7, 0  
ARCH:    INUM:      290 PC: 0x008c
VERILOG: INUM:      290 PC: 0x008c
INST:    0100 0110 1101 1111 addi r6, r6, -1  
ARCH:    INUM:      291 PC: 0x0060 REG: 6 VALUE: 0x0007
VERILOG: INUM:      291 PC: 0x0060 REG: 6 VALUE: 0x0007
INST:    0110 1110 1111 0100 bnez r6, .addloop  
ARCH:    INUM:      292 PC: 0x0062
VERILOG: INUM:      292 PC: 0x0062
INST:    1000 1101 0100 0000 ld r2, r5, 0  
ARCH:    INUM:      293 PC: 0x0058 REG: 2 VALUE: 0xd944 ADDR: 0x0024
VERILOG: INUM:      293 PC: 0x0058 REG: 2 VALUE: 0xd944 ADDR: 0x0024
INST:    1000 1101 0110 0010 ld r3, r5, 2  
ARCH:    INUM:      294 PC: 0x005a REG: 3 VALUE: 0xd964 ADDR: 0x0026
VERILOG: INUM:      294 PC: 0x005a REG: 3 VALUE: 0xd964 ADDR: 0x0026
INST:    0100 0101 1010 0100 addi r5, r5, 4  
ARCH:    INUM:      295 PC: 0x005c REG: 5 VALUE: 0x0028
VERILOG: INUM:      295 PC: 0x005c REG: 5 VALUE: 0x0028
INST:    0011 0000 0010 0100 jal .Add32  
ARCH:    INUM:      296 PC: 0x005e REG: 7 VALUE: 0x0060
VERILOG: INUM:      296 PC: 0x005e REG: 7 VALUE: 0x0060
INST:    1111 1001 0111 0000 sco r4, r1, r3  
ARCH:    INUM:      297 PC: 0x0084 REG: 4 VALUE: 0x0000
VERILOG: INUM:      297 PC: 0x0084 REG: 4 VALUE: 0x0000
INST:    1101 1001 0110 0100 add r1, r1, r3  
ARCH:    INUM:      298 PC: 0x0086 REG: 1 VALUE: 0xf2ec
VERILOG: INUM:      298 PC: 0x0086 REG: 1 VALUE: 0xf2ec
INST:    1101 1000 0100 0000 add r0, r0, r2  
ARCH:    INUM:      299 PC: 0x0088 REG: 0 VALUE: 0x4850
VERILOG: INUM:      299 PC: 0x0088 REG: 0 VALUE: 0x4850
INST:    1101 1000 1000 0000 add r0, r0, r4  
ARCH:    INUM:      300 PC: 0x008a REG: 0 VALUE: 0x4850
VERILOG: INUM:      300 PC: 0x008a REG: 0 VALUE: 0x4850
INST:    0010 1111 0000 0000 jr r7, 0  
ARCH:    INUM:      301 PC: 0x008c
VERILOG: INUM:      301 PC: 0x008c
INST:    0100 0110 1101 1111 addi r6, r6, -1  
ARCH:    INUM:      302 PC: 0x0060 REG: 6 VALUE: 0x0006
VERILOG: INUM:      302 PC: 0x0060 REG: 6 VALUE: 0x0006
INST:    0110 1110 1111 0100 bnez r6, .addloop  
ARCH:    INUM:      303 PC: 0x0062
VERILOG: INUM:      303 PC: 0x0062
INST:    1000 1101 0100 0000 ld r2, r5, 0  
ARCH:    INUM:      304 PC: 0x0058 REG: 2 VALUE: 0xd984 ADDR: 0x0028
VERILOG: INUM:      304 PC: 0x0058 REG: 2 VALUE: 0xd984 ADDR: 0x0028
INST:    1000 1101 0110 0010 ld r3, r5, 2  
ARCH:    INUM:      305 PC: 0x005a REG: 3 VALUE: 0xd9a4 ADDR: 0x002a
VERILOG: INUM:      305 PC: 0x005a REG: 3 VALUE: 0xd9a4 ADDR: 0x002a
INST:    0100 0101 1010 0100 addi r5, r5, 4  
ARCH:    INUM:      306 PC: 0x005c REG: 5 VALUE: 0x002c
VERILOG: INUM:      306 PC: 0x005c REG: 5 VALUE: 0x002c
INST:    0011 0000 0010 0100 jal .Add32  
ARCH:    INUM:      307 PC: 0x005e REG: 7 VALUE: 0x0060
VERILOG: INUM:      307 PC: 0x005e REG: 7 VALUE: 0x0060
INST:    1111 1001 0111 0000 sco r4, r1, r3  
ARCH:    INUM:      308 PC: 0x0084 REG: 4 VALUE: 0x0001
VERILOG: INUM:      308 PC: 0x0084 REG: 4 VALUE: 0x0001
INST:    1101 1001 0110 0100 add r1, r1, r3  
ARCH:    INUM:      309 PC: 0x0086 REG: 1 VALUE: 0xcc90
VERILOG: INUM:      309 PC: 0x0086 REG: 1 VALUE: 0xcc90
INST:    1101 1000 0100 0000 add r0, r0, r2  
ARCH:    INUM:      310 PC: 0x0088 REG: 0 VALUE: 0x21d4
VERILOG: INUM:      310 PC: 0x0088 REG: 0 VALUE: 0x21d4
INST:    1101 1000 1000 0000 add r0, r0, r4  
ARCH:    INUM:      311 PC: 0x008a REG: 0 VALUE: 0x21d5
VERILOG: INUM:      311 PC: 0x008a REG: 0 VALUE: 0x21d5
INST:    0010 1111 0000 0000 jr r7, 0  
ARCH:    INUM:      312 PC: 0x008c
VERILOG: INUM:      312 PC: 0x008c
INST:    0100 0110 1101 1111 addi r6, r6, -1  
ARCH:    INUM:      313 PC: 0x0060 REG: 6 VALUE: 0x0005
VERILOG: INUM:      313 PC: 0x0060 REG: 6 VALUE: 0x0005
INST:    0110 1110 1111 0100 bnez r6, .addloop  
ARCH:    INUM:      314 PC: 0x0062
VERILOG: INUM:      314 PC: 0x0062
INST:    1000 1101 0100 0000 ld r2, r5, 0  
ARCH:    INUM:      315 PC: 0x0058 REG: 2 VALUE: 0x4121 ADDR: 0x002c
VERILOG: INUM:      315 PC: 0x0058 REG: 2 VALUE: 0x4121 ADDR: 0x002c
INST:    1000 1101 0110 0010 ld r3, r5, 2  
ARCH:    INUM:      316 PC: 0x005a REG: 3 VALUE: 0xa12b ADDR: 0x002e
VERILOG: INUM:      316 PC: 0x005a REG: 3 VALUE: 0xa12b ADDR: 0x002e
INST:    0100 0101 1010 0100 addi r5, r5, 4  
ARCH:    INUM:      317 PC: 0x005c REG: 5 VALUE: 0x0030
VERILOG: INUM:      317 PC: 0x005c REG: 5 VALUE: 0x0030
INST:    0011 0000 0010 0100 jal .Add32  
ARCH:    INUM:      318 PC: 0x005e REG: 7 VALUE: 0x0060
VERILOG: INUM:      318 PC: 0x005e REG: 7 VALUE: 0x0060
INST:    1111 1001 0111 0000 sco r4, r1, r3  
ARCH:    INUM:      319 PC: 0x0084 REG: 4 VALUE: 0x0001
VERILOG: INUM:      319 PC: 0x0084 REG: 4 VALUE: 0x0001
INST:    1101 1001 0110 0100 add r1, r1, r3  
ARCH:    INUM:      320 PC: 0x0086 REG: 1 VALUE: 0x6dbb
VERILOG: INUM:      320 PC: 0x0086 REG: 1 VALUE: 0x6dbb
INST:    1101 1000 0100 0000 add r0, r0, r2  
ARCH:    INUM:      321 PC: 0x0088 REG: 0 VALUE: 0x62f6
VERILOG: INUM:      321 PC: 0x0088 REG: 0 VALUE: 0x62f6
INST:    1101 1000 1000 0000 add r0, r0, r4  
ARCH:    INUM:      322 PC: 0x008a REG: 0 VALUE: 0x62f7
VERILOG: INUM:      322 PC: 0x008a REG: 0 VALUE: 0x62f7
INST:    0010 1111 0000 0000 jr r7, 0  
ARCH:    INUM:      323 PC: 0x008c
VERILOG: INUM:      323 PC: 0x008c
INST:    0100 0110 1101 1111 addi r6, r6, -1  
ARCH:    INUM:      324 PC: 0x0060 REG: 6 VALUE: 0x0004
VERILOG: INUM:      324 PC: 0x0060 REG: 6 VALUE: 0x0004
INST:    0110 1110 1111 0100 bnez r6, .addloop  
ARCH:    INUM:      325 PC: 0x0062
VERILOG: INUM:      325 PC: 0x0062
INST:    1000 1101 0100 0000 ld r2, r5, 0  
ARCH:    INUM:      326 PC: 0x0058 REG: 2 VALUE: 0xc000 ADDR: 0x0030
VERILOG: INUM:      326 PC: 0x0058 REG: 2 VALUE: 0xc000 ADDR: 0x0030
INST:    1000 1101 0110 0010 ld r3, r5, 2  
ARCH:    INUM:      327 PC: 0x005a REG: 3 VALUE: 0x9094 ADDR: 0x0032
VERILOG: INUM:      327 PC: 0x005a REG: 3 VALUE: 0x9094 ADDR: 0x0032
INST:    0100 0101 1010 0100 addi r5, r5, 4  
ARCH:    INUM:      328 PC: 0x005c REG: 5 VALUE: 0x0034
VERILOG: INUM:      328 PC: 0x005c REG: 5 VALUE: 0x0034
INST:    0011 0000 0010 0100 jal .Add32  
ARCH:    INUM:      329 PC: 0x005e REG: 7 VALUE: 0x0060
VERILOG: INUM:      329 PC: 0x005e REG: 7 VALUE: 0x0060
INST:    1111 1001 0111 0000 sco r4, r1, r3  
ARCH:    INUM:      330 PC: 0x0084 REG: 4 VALUE: 0x0000
VERILOG: INUM:      330 PC: 0x0084 REG: 4 VALUE: 0x0000
INST:    1101 1001 0110 0100 add r1, r1, r3  
ARCH:    INUM:      331 PC: 0x0086 REG: 1 VALUE: 0xfe4f
VERILOG: INUM:      331 PC: 0x0086 REG: 1 VALUE: 0xfe4f
INST:    1101 1000 0100 0000 add r0, r0, r2  
ARCH:    INUM:      332 PC: 0x0088 REG: 0 VALUE: 0x22f7
VERILOG: INUM:      332 PC: 0x0088 REG: 0 VALUE: 0x22f7
INST:    1101 1000 1000 0000 add r0, r0, r4  
ARCH:    INUM:      333 PC: 0x008a REG: 0 VALUE: 0x22f7
VERILOG: INUM:      333 PC: 0x008a REG: 0 VALUE: 0x22f7
INST:    0010 1111 0000 0000 jr r7, 0  
ARCH:    INUM:      334 PC: 0x008c
VERILOG: INUM:      334 PC: 0x008c
INST:    0100 0110 1101 1111 addi r6, r6, -1  
ARCH:    INUM:      335 PC: 0x0060 REG: 6 VALUE: 0x0003
VERILOG: INUM:      335 PC: 0x0060 REG: 6 VALUE: 0x0003
INST:    0110 1110 1111 0100 bnez r6, .addloop  
ARCH:    INUM:      336 PC: 0x0062
VERILOG: INUM:      336 PC: 0x0062
INST:    1000 1101 0100 0000 ld r2, r5, 0  
ARCH:    INUM:      337 PC: 0x0058 REG: 2 VALUE: 0x8020 ADDR: 0x0034
VERILOG: INUM:      337 PC: 0x0058 REG: 2 VALUE: 0x8020 ADDR: 0x0034
INST:    1000 1101 0110 0010 ld r3, r5, 2  
ARCH:    INUM:      338 PC: 0x005a REG: 3 VALUE: 0xc106 ADDR: 0x0036
VERILOG: INUM:      338 PC: 0x005a REG: 3 VALUE: 0xc106 ADDR: 0x0036
INST:    0100 0101 1010 0100 addi r5, r5, 4  
ARCH:    INUM:      339 PC: 0x005c REG: 5 VALUE: 0x0038
VERILOG: INUM:      339 PC: 0x005c REG: 5 VALUE: 0x0038
INST:    0011 0000 0010 0100 jal .Add32  
ARCH:    INUM:      340 PC: 0x005e REG: 7 VALUE: 0x0060
VERILOG: INUM:      340 PC: 0x005e REG: 7 VALUE: 0x0060
INST:    1111 1001 0111 0000 sco r4, r1, r3  
ARCH:    INUM:      341 PC: 0x0084 REG: 4 VALUE: 0x0001
VERILOG: INUM:      341 PC: 0x0084 REG: 4 VALUE: 0x0001
INST:    1101 1001 0110 0100 add r1, r1, r3  
ARCH:    INUM:      342 PC: 0x0086 REG: 1 VALUE: 0xbf55
VERILOG: INUM:      342 PC: 0x0086 REG: 1 VALUE: 0xbf55
INST:    1101 1000 0100 0000 add r0, r0, r2  
ARCH:    INUM:      343 PC: 0x0088 REG: 0 VALUE: 0xa317
VERILOG: INUM:      343 PC: 0x0088 REG: 0 VALUE: 0xa317
INST:    1101 1000 1000 0000 add r0, r0, r4  
ARCH:    INUM:      344 PC: 0x008a REG: 0 VALUE: 0xa318
VERILOG: INUM:      344 PC: 0x008a REG: 0 VALUE: 0xa318
INST:    0010 1111 0000 0000 jr r7, 0  
ARCH:    INUM:      345 PC: 0x008c
VERILOG: INUM:      345 PC: 0x008c
INST:    0100 0110 1101 1111 addi r6, r6, -1  
ARCH:    INUM:      346 PC: 0x0060 REG: 6 VALUE: 0x0002
VERILOG: INUM:      346 PC: 0x0060 REG: 6 VALUE: 0x0002
INST:    0110 1110 1111 0100 bnez r6, .addloop  
ARCH:    INUM:      347 PC: 0x0062
VERILOG: INUM:      347 PC: 0x0062
INST:    1000 1101 0100 0000 ld r2, r5, 0  
ARCH:    INUM:      348 PC: 0x0058 REG: 2 VALUE: 0x4180 ADDR: 0x0038
VERILOG: INUM:      348 PC: 0x0058 REG: 2 VALUE: 0x4180 ADDR: 0x0038
INST:    1000 1101 0110 0010 ld r3, r5, 2  
ARCH:    INUM:      349 PC: 0x005a REG: 3 VALUE: 0x41be ADDR: 0x003a
VERILOG: INUM:      349 PC: 0x005a REG: 3 VALUE: 0x41be ADDR: 0x003a
INST:    0100 0101 1010 0100 addi r5, r5, 4  
ARCH:    INUM:      350 PC: 0x005c REG: 5 VALUE: 0x003c
VERILOG: INUM:      350 PC: 0x005c REG: 5 VALUE: 0x003c
INST:    0011 0000 0010 0100 jal .Add32  
ARCH:    INUM:      351 PC: 0x005e REG: 7 VALUE: 0x0060
VERILOG: INUM:      351 PC: 0x005e REG: 7 VALUE: 0x0060
INST:    1111 1001 0111 0000 sco r4, r1, r3  
ARCH:    INUM:      352 PC: 0x0084 REG: 4 VALUE: 0x0001
VERILOG: INUM:      352 PC: 0x0084 REG: 4 VALUE: 0x0001
INST:    1101 1001 0110 0100 add r1, r1, r3  
ARCH:    INUM:      353 PC: 0x0086 REG: 1 VALUE: 0x0113
VERILOG: INUM:      353 PC: 0x0086 REG: 1 VALUE: 0x0113
INST:    1101 1000 0100 0000 add r0, r0, r2  
ARCH:    INUM:      354 PC: 0x0088 REG: 0 VALUE: 0xe498
VERILOG: INUM:      354 PC: 0x0088 REG: 0 VALUE: 0xe498
INST:    1101 1000 1000 0000 add r0, r0, r4  
ARCH:    INUM:      355 PC: 0x008a REG: 0 VALUE: 0xe499
VERILOG: INUM:      355 PC: 0x008a REG: 0 VALUE: 0xe499
INST:    0010 1111 0000 0000 jr r7, 0  
ARCH:    INUM:      356 PC: 0x008c
VERILOG: INUM:      356 PC: 0x008c
INST:    0100 0110 1101 1111 addi r6, r6, -1  
ARCH:    INUM:      357 PC: 0x0060 REG: 6 VALUE: 0x0001
VERILOG: INUM:      357 PC: 0x0060 REG: 6 VALUE: 0x0001
INST:    0110 1110 1111 0100 bnez r6, .addloop  
ARCH:    INUM:      358 PC: 0x0062
VERILOG: INUM:      358 PC: 0x0062
INST:    1000 1101 0100 0000 ld r2, r5, 0  
ARCH:    INUM:      359 PC: 0x0058 REG: 2 VALUE: 0x44c0 ADDR: 0x003c
VERILOG: INUM:      359 PC: 0x0058 REG: 2 VALUE: 0x44c0 ADDR: 0x003c
INST:    1000 1101 0110 0010 ld r3, r5, 2  
ARCH:    INUM:      360 PC: 0x005a REG: 3 VALUE: 0x650a ADDR: 0x003e
VERILOG: INUM:      360 PC: 0x005a REG: 3 VALUE: 0x650a ADDR: 0x003e
INST:    0100 0101 1010 0100 addi r5, r5, 4  
ARCH:    INUM:      361 PC: 0x005c REG: 5 VALUE: 0x0040
VERILOG: INUM:      361 PC: 0x005c REG: 5 VALUE: 0x0040
INST:    0011 0000 0010 0100 jal .Add32  
ARCH:    INUM:      362 PC: 0x005e REG: 7 VALUE: 0x0060
VERILOG: INUM:      362 PC: 0x005e REG: 7 VALUE: 0x0060
INST:    1111 1001 0111 0000 sco r4, r1, r3  
ARCH:    INUM:      363 PC: 0x0084 REG: 4 VALUE: 0x0000
VERILOG: INUM:      363 PC: 0x0084 REG: 4 VALUE: 0x0000
INST:    1101 1001 0110 0100 add r1, r1, r3  
ARCH:    INUM:      364 PC: 0x0086 REG: 1 VALUE: 0x661d
VERILOG: INUM:      364 PC: 0x0086 REG: 1 VALUE: 0x661d
INST:    1101 1000 0100 0000 add r0, r0, r2  
ARCH:    INUM:      365 PC: 0x0088 REG: 0 VALUE: 0x2959
VERILOG: INUM:      365 PC: 0x0088 REG: 0 VALUE: 0x2959
INST:    1101 1000 1000 0000 add r0, r0, r4  
ARCH:    INUM:      366 PC: 0x008a REG: 0 VALUE: 0x2959
VERILOG: INUM:      366 PC: 0x008a REG: 0 VALUE: 0x2959
INST:    0010 1111 0000 0000 jr r7, 0  
ARCH:    INUM:      367 PC: 0x008c
VERILOG: INUM:      367 PC: 0x008c
INST:    0100 0110 1101 1111 addi r6, r6, -1  
ARCH:    INUM:      368 PC: 0x0060 REG: 6 VALUE: 0x0000
VERILOG: INUM:      368 PC: 0x0060 REG: 6 VALUE: 0x0000
INST:    0110 1110 1111 0100 bnez r6, .addloop  
ARCH:    INUM:      369 PC: 0x0062
VERILOG: INUM:      369 PC: 0x0062
INST:    1100 0110 1111 1111 lbi r6, -1  
ARCH:    INUM:      370 PC: 0x0064 REG: 6 VALUE: 0xffff
VERILOG: INUM:      370 PC: 0x0064 REG: 6 VALUE: 0xffff
INST:    1101 1000 1100 0010 xor r0, r0, r6  
ARCH:    INUM:      371 PC: 0x0066 REG: 0 VALUE: 0xd6a6
VERILOG: INUM:      371 PC: 0x0066 REG: 0 VALUE: 0xd6a6
INST:    1101 1001 1100 0110 xor r1, r1, r6  
ARCH:    INUM:      372 PC: 0x0068 REG: 1 VALUE: 0x99e2
VERILOG: INUM:      372 PC: 0x0068 REG: 1 VALUE: 0x99e2
INST:    1100 0101 0000 0000 lbi r5, 0  
ARCH:    INUM:      373 PC: 0x006a REG: 5 VALUE: 0x0000
VERILOG: INUM:      373 PC: 0x006a REG: 5 VALUE: 0x0000
INST:    1100 0110 0001 0000 lbi r6, 0x10  
ARCH:    INUM:      374 PC: 0x006c REG: 6 VALUE: 0x0010
VERILOG: INUM:      374 PC: 0x006c REG: 6 VALUE: 0x0010
INST:    1000 1101 0100 0000 ld r2, r5, 0  
ARCH:    INUM:      375 PC: 0x006e REG: 2 VALUE: 0xc010 ADDR: 0x0000
VERILOG: INUM:      375 PC: 0x006e REG: 2 VALUE: 0xc010 ADDR: 0x0000
INST:    1000 1101 0110 0010 ld r3, r5, 2  
ARCH:    INUM:      376 PC: 0x0070 REG: 3 VALUE: 0xc101 ADDR: 0x0002
VERILOG: INUM:      376 PC: 0x0070 REG: 3 VALUE: 0xc101 ADDR: 0x0002
INST:    0100 0101 1010 0100 addi r5, r5, 4  
ARCH:    INUM:      377 PC: 0x0072 REG: 5 VALUE: 0x0004
VERILOG: INUM:      377 PC: 0x0072 REG: 5 VALUE: 0x0004
INST:    0011 0000 0000 1110 jal .Add32  
ARCH:    INUM:      378 PC: 0x0074 REG: 7 VALUE: 0x0076
VERILOG: INUM:      378 PC: 0x0074 REG: 7 VALUE: 0x0076
INST:    1111 1001 0111 0000 sco r4, r1, r3  
ARCH:    INUM:      379 PC: 0x0084 REG: 4 VALUE: 0x0001
VERILOG: INUM:      379 PC: 0x0084 REG: 4 VALUE: 0x0001
INST:    1101 1001 0110 0100 add r1, r1, r3  
ARCH:    INUM:      380 PC: 0x0086 REG: 1 VALUE: 0x5ae3
VERILOG: INUM:      380 PC: 0x0086 REG: 1 VALUE: 0x5ae3
INST:    1101 1000 0100 0000 add r0, r0, r2  
ARCH:    INUM:      381 PC: 0x0088 REG: 0 VALUE: 0x96b6
VERILOG: INUM:      381 PC: 0x0088 REG: 0 VALUE: 0x96b6
INST:    1101 1000 1000 0000 add r0, r0, r4  
ARCH:    INUM:      382 PC: 0x008a REG: 0 VALUE: 0x96b7
VERILOG: INUM:      382 PC: 0x008a REG: 0 VALUE: 0x96b7
INST:    0010 1111 0000 0000 jr r7, 0  
ARCH:    INUM:      383 PC: 0x008c
VERILOG: INUM:      383 PC: 0x008c
INST:    0100 0110 1101 1111 addi r6, r6, -1  
ARCH:    INUM:      384 PC: 0x0076 REG: 6 VALUE: 0x000f
VERILOG: INUM:      384 PC: 0x0076 REG: 6 VALUE: 0x000f
INST:    0110 1110 1111 0100 bnez r6, .subloop  
ARCH:    INUM:      385 PC: 0x0078
VERILOG: INUM:      385 PC: 0x0078
INST:    1000 1101 0100 0000 ld r2, r5, 0  
ARCH:    INUM:      386 PC: 0x006e REG: 2 VALUE: 0xc202 ADDR: 0x0004
VERILOG: INUM:      386 PC: 0x006e REG: 2 VALUE: 0xc202 ADDR: 0x0004
INST:    1000 1101 0110 0010 ld r3, r5, 2  
ARCH:    INUM:      387 PC: 0x0070 REG: 3 VALUE: 0xc304 ADDR: 0x0006
VERILOG: INUM:      387 PC: 0x0070 REG: 3 VALUE: 0xc304 ADDR: 0x0006
INST:    0100 0101 1010 0100 addi r5, r5, 4  
ARCH:    INUM:      388 PC: 0x0072 REG: 5 VALUE: 0x0008
VERILOG: INUM:      388 PC: 0x0072 REG: 5 VALUE: 0x0008
INST:    0011 0000 0000 1110 jal .Add32  
ARCH:    INUM:      389 PC: 0x0074 REG: 7 VALUE: 0x0076
VERILOG: INUM:      389 PC: 0x0074 REG: 7 VALUE: 0x0076
INST:    1111 1001 0111 0000 sco r4, r1, r3  
ARCH:    INUM:      390 PC: 0x0084 REG: 4 VALUE: 0x0001
VERILOG: INUM:      390 PC: 0x0084 REG: 4 VALUE: 0x0001
INST:    1101 1001 0110 0100 add r1, r1, r3  
ARCH:    INUM:      391 PC: 0x0086 REG: 1 VALUE: 0x1de7
VERILOG: INUM:      391 PC: 0x0086 REG: 1 VALUE: 0x1de7
INST:    1101 1000 0100 0000 add r0, r0, r2  
ARCH:    INUM:      392 PC: 0x0088 REG: 0 VALUE: 0x58b9
VERILOG: INUM:      392 PC: 0x0088 REG: 0 VALUE: 0x58b9
INST:    1101 1000 1000 0000 add r0, r0, r4  
ARCH:    INUM:      393 PC: 0x008a REG: 0 VALUE: 0x58ba
VERILOG: INUM:      393 PC: 0x008a REG: 0 VALUE: 0x58ba
INST:    0010 1111 0000 0000 jr r7, 0  
ARCH:    INUM:      394 PC: 0x008c
VERILOG: INUM:      394 PC: 0x008c
INST:    0100 0110 1101 1111 addi r6, r6, -1  
ARCH:    INUM:      395 PC: 0x0076 REG: 6 VALUE: 0x000e
VERILOG: INUM:      395 PC: 0x0076 REG: 6 VALUE: 0x000e
INST:    0110 1110 1111 0100 bnez r6, .subloop  
ARCH:    INUM:      396 PC: 0x0078
VERILOG: INUM:      396 PC: 0x0078
INST:    1000 1101 0100 0000 ld r2, r5, 0  
ARCH:    INUM:      397 PC: 0x006e REG: 2 VALUE: 0xc408 ADDR: 0x0008
VERILOG: INUM:      397 PC: 0x006e REG: 2 VALUE: 0xc408 ADDR: 0x0008
INST:    1000 1101 0110 0010 ld r3, r5, 2  
ARCH:    INUM:      398 PC: 0x0070 REG: 3 VALUE: 0xc510 ADDR: 0x000a
VERILOG: INUM:      398 PC: 0x0070 REG: 3 VALUE: 0xc510 ADDR: 0x000a
INST:    0100 0101 1010 0100 addi r5, r5, 4  
ARCH:    INUM:      399 PC: 0x0072 REG: 5 VALUE: 0x000c
VERILOG: INUM:      399 PC: 0x0072 REG: 5 VALUE: 0x000c
INST:    0011 0000 0000 1110 jal .Add32  
ARCH:    INUM:      400 PC: 0x0074 REG: 7 VALUE: 0x0076
VERILOG: INUM:      400 PC: 0x0074 REG: 7 VALUE: 0x0076
INST:    1111 1001 0111 0000 sco r4, r1, r3  
ARCH:    INUM:      401 PC: 0x0084 REG: 4 VALUE: 0x0000
VERILOG: INUM:      401 PC: 0x0084 REG: 4 VALUE: 0x0000
INST:    1101 1001 0110 0100 add r1, r1, r3  
ARCH:    INUM:      402 PC: 0x0086 REG: 1 VALUE: 0xe2f7
VERILOG: INUM:      402 PC: 0x0086 REG: 1 VALUE: 0xe2f7
INST:    1101 1000 0100 0000 add r0, r0, r2  
ARCH:    INUM:      403 PC: 0x0088 REG: 0 VALUE: 0x1cc2
VERILOG: INUM:      403 PC: 0x0088 REG: 0 VALUE: 0x1cc2
INST:    1101 1000 1000 0000 add r0, r0, r4  
ARCH:    INUM:      404 PC: 0x008a REG: 0 VALUE: 0x1cc2
VERILOG: INUM:      404 PC: 0x008a REG: 0 VALUE: 0x1cc2
INST:    0010 1111 0000 0000 jr r7, 0  
ARCH:    INUM:      405 PC: 0x008c
VERILOG: INUM:      405 PC: 0x008c
INST:    0100 0110 1101 1111 addi r6, r6, -1  
ARCH:    INUM:      406 PC: 0x0076 REG: 6 VALUE: 0x000d
VERILOG: INUM:      406 PC: 0x0076 REG: 6 VALUE: 0x000d
INST:    0110 1110 1111 0100 bnez r6, .subloop  
ARCH:    INUM:      407 PC: 0x0078
VERILOG: INUM:      407 PC: 0x0078
INST:    1000 1101 0100 0000 ld r2, r5, 0  
ARCH:    INUM:      408 PC: 0x006e REG: 2 VALUE: 0xd106 ADDR: 0x000c
VERILOG: INUM:      408 PC: 0x006e REG: 2 VALUE: 0xd106 ADDR: 0x000c
INST:    1000 1101 0110 0010 ld r3, r5, 2  
ARCH:    INUM:      409 PC: 0x0070 REG: 3 VALUE: 0xd20a ADDR: 0x000e
VERILOG: INUM:      409 PC: 0x0070 REG: 3 VALUE: 0xd20a ADDR: 0x000e
INST:    0100 0101 1010 0100 addi r5, r5, 4  
ARCH:    INUM:      410 PC: 0x0072 REG: 5 VALUE: 0x0010
VERILOG: INUM:      410 PC: 0x0072 REG: 5 VALUE: 0x0010
INST:    0011 0000 0000 1110 jal .Add32  
ARCH:    INUM:      411 PC: 0x0074 REG: 7 VALUE: 0x0076
VERILOG: INUM:      411 PC: 0x0074 REG: 7 VALUE: 0x0076
INST:    1111 1001 0111 0000 sco r4, r1, r3  
ARCH:    INUM:      412 PC: 0x0084 REG: 4 VALUE: 0x0001
VERILOG: INUM:      412 PC: 0x0084 REG: 4 VALUE: 0x0001
INST:    1101 1001 0110 0100 add r1, r1, r3  
ARCH:    INUM:      413 PC: 0x0086 REG: 1 VALUE: 0xb501
VERILOG: INUM:      413 PC: 0x0086 REG: 1 VALUE: 0xb501
INST:    1101 1000 0100 0000 add r0, r0, r2  
ARCH:    INUM:      414 PC: 0x0088 REG: 0 VALUE: 0xedc8
VERILOG: INUM:      414 PC: 0x0088 REG: 0 VALUE: 0xedc8
INST:    1101 1000 1000 0000 add r0, r0, r4  
ARCH:    INUM:      415 PC: 0x008a REG: 0 VALUE: 0xedc9
VERILOG: INUM:      415 PC: 0x008a REG: 0 VALUE: 0xedc9
INST:    0010 1111 0000 0000 jr r7, 0  
ARCH:    INUM:      416 PC: 0x008c
VERILOG: INUM:      416 PC: 0x008c
INST:    0100 0110 1101 1111 addi r6, r6, -1  
ARCH:    INUM:      417 PC: 0x0076 REG: 6 VALUE: 0x000c
VERILOG: INUM:      417 PC: 0x0076 REG: 6 VALUE: 0x000c
INST:    0110 1110 1111 0100 bnez r6, .subloop  
ARCH:    INUM:      418 PC: 0x0078
VERILOG: INUM:      418 PC: 0x0078
INST:    1000 1101 0100 0000 ld r2, r5, 0  
ARCH:    INUM:      419 PC: 0x006e REG: 2 VALUE: 0xd30e ADDR: 0x0010
VERILOG: INUM:      419 PC: 0x006e REG: 2 VALUE: 0xd30e ADDR: 0x0010
INST:    1000 1101 0110 0010 ld r3, r5, 2  
ARCH:    INUM:      420 PC: 0x0070 REG: 3 VALUE: 0xd412 ADDR: 0x0012
VERILOG: INUM:      420 PC: 0x0070 REG: 3 VALUE: 0xd412 ADDR: 0x0012
INST:    0100 0101 1010 0100 addi r5, r5, 4  
ARCH:    INUM:      421 PC: 0x0072 REG: 5 VALUE: 0x0014
VERILOG: INUM:      421 PC: 0x0072 REG: 5 VALUE: 0x0014
INST:    0011 0000 0000 1110 jal .Add32  
ARCH:    INUM:      422 PC: 0x0074 REG: 7 VALUE: 0x0076
VERILOG: INUM:      422 PC: 0x0074 REG: 7 VALUE: 0x0076
INST:    1111 1001 0111 0000 sco r4, r1, r3  
ARCH:    INUM:      423 PC: 0x0084 REG: 4 VALUE: 0x0001
VERILOG: INUM:      423 PC: 0x0084 REG: 4 VALUE: 0x0001
INST:    1101 1001 0110 0100 add r1, r1, r3  
ARCH:    INUM:      424 PC: 0x0086 REG: 1 VALUE: 0x8913
VERILOG: INUM:      424 PC: 0x0086 REG: 1 VALUE: 0x8913
INST:    1101 1000 0100 0000 add r0, r0, r2  
ARCH:    INUM:      425 PC: 0x0088 REG: 0 VALUE: 0xc0d7
VERILOG: INUM:      425 PC: 0x0088 REG: 0 VALUE: 0xc0d7
INST:    1101 1000 1000 0000 add r0, r0, r4  
ARCH:    INUM:      426 PC: 0x008a REG: 0 VALUE: 0xc0d8
VERILOG: INUM:      426 PC: 0x008a REG: 0 VALUE: 0xc0d8
INST:    0010 1111 0000 0000 jr r7, 0  
ARCH:    INUM:      427 PC: 0x008c
VERILOG: INUM:      427 PC: 0x008c
INST:    0100 0110 1101 1111 addi r6, r6, -1  
ARCH:    INUM:      428 PC: 0x0076 REG: 6 VALUE: 0x000b
VERILOG: INUM:      428 PC: 0x0076 REG: 6 VALUE: 0x000b
INST:    0110 1110 1111 0100 bnez r6, .subloop  
ARCH:    INUM:      429 PC: 0x0078
VERILOG: INUM:      429 PC: 0x0078
INST:    1000 1101 0100 0000 ld r2, r5, 0  
ARCH:    INUM:      430 PC: 0x006e REG: 2 VALUE: 0xd516 ADDR: 0x0014
VERILOG: INUM:      430 PC: 0x006e REG: 2 VALUE: 0xd516 ADDR: 0x0014
INST:    1000 1101 0110 0010 ld r3, r5, 2  
ARCH:    INUM:      431 PC: 0x0070 REG: 3 VALUE: 0x401f ADDR: 0x0016
VERILOG: INUM:      431 PC: 0x0070 REG: 3 VALUE: 0x401f ADDR: 0x0016
INST:    0100 0101 1010 0100 addi r5, r5, 4  
ARCH:    INUM:      432 PC: 0x0072 REG: 5 VALUE: 0x0018
VERILOG: INUM:      432 PC: 0x0072 REG: 5 VALUE: 0x0018
INST:    0011 0000 0000 1110 jal .Add32  
ARCH:    INUM:      433 PC: 0x0074 REG: 7 VALUE: 0x0076
VERILOG: INUM:      433 PC: 0x0074 REG: 7 VALUE: 0x0076
INST:    1111 1001 0111 0000 sco r4, r1, r3  
ARCH:    INUM:      434 PC: 0x0084 REG: 4 VALUE: 0x0000
VERILOG: INUM:      434 PC: 0x0084 REG: 4 VALUE: 0x0000
INST:    1101 1001 0110 0100 add r1, r1, r3  
ARCH:    INUM:      435 PC: 0x0086 REG: 1 VALUE: 0xc932
VERILOG: INUM:      435 PC: 0x0086 REG: 1 VALUE: 0xc932
INST:    1101 1000 0100 0000 add r0, r0, r2  
ARCH:    INUM:      436 PC: 0x0088 REG: 0 VALUE: 0x95ee
VERILOG: INUM:      436 PC: 0x0088 REG: 0 VALUE: 0x95ee
INST:    1101 1000 1000 0000 add r0, r0, r4  
ARCH:    INUM:      437 PC: 0x008a REG: 0 VALUE: 0x95ee
VERILOG: INUM:      437 PC: 0x008a REG: 0 VALUE: 0x95ee
INST:    0010 1111 0000 0000 jr r7, 0  
ARCH:    INUM:      438 PC: 0x008c
VERILOG: INUM:      438 PC: 0x008c
INST:    0100 0110 1101 1111 addi r6, r6, -1  
ARCH:    INUM:      439 PC: 0x0076 REG: 6 VALUE: 0x000a
VERILOG: INUM:      439 PC: 0x0076 REG: 6 VALUE: 0x000a
INST:    0110 1110 1111 0100 bnez r6, .subloop  
ARCH:    INUM:      440 PC: 0x0078
VERILOG: INUM:      440 PC: 0x0078
INST:    1000 1101 0100 0000 ld r2, r5, 0  
ARCH:    INUM:      441 PC: 0x006e REG: 2 VALUE: 0x68f2 ADDR: 0x0018
VERILOG: INUM:      441 PC: 0x006e REG: 2 VALUE: 0x68f2 ADDR: 0x0018
INST:    1000 1101 0110 0010 ld r3, r5, 2  
ARCH:    INUM:      442 PC: 0x0070 REG: 3 VALUE: 0xa128 ADDR: 0x001a
VERILOG: INUM:      442 PC: 0x0070 REG: 3 VALUE: 0xa128 ADDR: 0x001a
INST:    0100 0101 1010 0100 addi r5, r5, 4  
ARCH:    INUM:      443 PC: 0x0072 REG: 5 VALUE: 0x001c
VERILOG: INUM:      443 PC: 0x0072 REG: 5 VALUE: 0x001c
INST:    0011 0000 0000 1110 jal .Add32  
ARCH:    INUM:      444 PC: 0x0074 REG: 7 VALUE: 0x0076
VERILOG: INUM:      444 PC: 0x0074 REG: 7 VALUE: 0x0076
INST:    1111 1001 0111 0000 sco r4, r1, r3  
ARCH:    INUM:      445 PC: 0x0084 REG: 4 VALUE: 0x0001
VERILOG: INUM:      445 PC: 0x0084 REG: 4 VALUE: 0x0001
INST:    1101 1001 0110 0100 add r1, r1, r3  
ARCH:    INUM:      446 PC: 0x0086 REG: 1 VALUE: 0x6a5a
VERILOG: INUM:      446 PC: 0x0086 REG: 1 VALUE: 0x6a5a
INST:    1101 1000 0100 0000 add r0, r0, r2  
ARCH:    INUM:      447 PC: 0x0088 REG: 0 VALUE: 0xfee0
VERILOG: INUM:      447 PC: 0x0088 REG: 0 VALUE: 0xfee0
INST:    1101 1000 1000 0000 add r0, r0, r4  
ARCH:    INUM:      448 PC: 0x008a REG: 0 VALUE: 0xfee1
VERILOG: INUM:      448 PC: 0x008a REG: 0 VALUE: 0xfee1
INST:    0010 1111 0000 0000 jr r7, 0  
ARCH:    INUM:      449 PC: 0x008c
VERILOG: INUM:      449 PC: 0x008c
INST:    0100 0110 1101 1111 addi r6, r6, -1  
ARCH:    INUM:      450 PC: 0x0076 REG: 6 VALUE: 0x0009
VERILOG: INUM:      450 PC: 0x0076 REG: 6 VALUE: 0x0009
INST:    0110 1110 1111 0100 bnez r6, .subloop  
ARCH:    INUM:      451 PC: 0x0078
VERILOG: INUM:      451 PC: 0x0078
INST:    1000 1101 0100 0000 ld r2, r5, 0  
ARCH:    INUM:      452 PC: 0x006e REG: 2 VALUE: 0xa248 ADDR: 0x001c
VERILOG: INUM:      452 PC: 0x006e REG: 2 VALUE: 0xa248 ADDR: 0x001c
INST:    1000 1101 0110 0010 ld r3, r5, 2  
ARCH:    INUM:      453 PC: 0x0070 REG: 3 VALUE: 0xa368 ADDR: 0x001e
VERILOG: INUM:      453 PC: 0x0070 REG: 3 VALUE: 0xa368 ADDR: 0x001e
INST:    0100 0101 1010 0100 addi r5, r5, 4  
ARCH:    INUM:      454 PC: 0x0072 REG: 5 VALUE: 0x0020
VERILOG: INUM:      454 PC: 0x0072 REG: 5 VALUE: 0x0020
INST:    0011 0000 0000 1110 jal .Add32  
ARCH:    INUM:      455 PC: 0x0074 REG: 7 VALUE: 0x0076
VERILOG: INUM:      455 PC: 0x0074 REG: 7 VALUE: 0x0076
INST:    1111 1001 0111 0000 sco r4, r1, r3  
ARCH:    INUM:      456 PC: 0x0084 REG: 4 VALUE: 0x0001
VERILOG: INUM:      456 PC: 0x0084 REG: 4 VALUE: 0x0001
INST:    1101 1001 0110 0100 add r1, r1, r3  
ARCH:    INUM:      457 PC: 0x0086 REG: 1 VALUE: 0x0dc2
VERILOG: INUM:      457 PC: 0x0086 REG: 1 VALUE: 0x0dc2
INST:    1101 1000 0100 0000 add r0, r0, r2  
ARCH:    INUM:      458 PC: 0x0088 REG: 0 VALUE: 0xa129
VERILOG: INUM:      458 PC: 0x0088 REG: 0 VALUE: 0xa129
INST:    1101 1000 1000 0000 add r0, r0, r4  
ARCH:    INUM:      459 PC: 0x008a REG: 0 VALUE: 0xa12a
VERILOG: INUM:      459 PC: 0x008a REG: 0 VALUE: 0xa12a
INST:    0010 1111 0000 0000 jr r7, 0  
ARCH:    INUM:      460 PC: 0x008c
VERILOG: INUM:      460 PC: 0x008c
INST:    0100 0110 1101 1111 addi r6, r6, -1  
ARCH:    INUM:      461 PC: 0x0076 REG: 6 VALUE: 0x0008
VERILOG: INUM:      461 PC: 0x0076 REG: 6 VALUE: 0x0008
INST:    0110 1110 1111 0100 bnez r6, .subloop  
ARCH:    INUM:      462 PC: 0x0078
VERILOG: INUM:      462 PC: 0x0078
INST:    1000 1101 0100 0000 ld r2, r5, 0  
ARCH:    INUM:      463 PC: 0x006e REG: 2 VALUE: 0xa488 ADDR: 0x0020
VERILOG: INUM:      463 PC: 0x006e REG: 2 VALUE: 0xa488 ADDR: 0x0020
INST:    1000 1101 0110 0010 ld r3, r5, 2  
ARCH:    INUM:      464 PC: 0x0070 REG: 3 VALUE: 0xa5a8 ADDR: 0x0022
VERILOG: INUM:      464 PC: 0x0070 REG: 3 VALUE: 0xa5a8 ADDR: 0x0022
INST:    0100 0101 1010 0100 addi r5, r5, 4  
ARCH:    INUM:      465 PC: 0x0072 REG: 5 VALUE: 0x0024
VERILOG: INUM:      465 PC: 0x0072 REG: 5 VALUE: 0x0024
INST:    0011 0000 0000 1110 jal .Add32  
ARCH:    INUM:      466 PC: 0x0074 REG: 7 VALUE: 0x0076
VERILOG: INUM:      466 PC: 0x0074 REG: 7 VALUE: 0x0076
INST:    1111 1001 0111 0000 sco r4, r1, r3  
ARCH:    INUM:      467 PC: 0x0084 REG: 4 VALUE: 0x0000
VERILOG: INUM:      467 PC: 0x0084 REG: 4 VALUE: 0x0000
INST:    1101 1001 0110 0100 add r1, r1, r3  
ARCH:    INUM:      468 PC: 0x0086 REG: 1 VALUE: 0xb36a
VERILOG: INUM:      468 PC: 0x0086 REG: 1 VALUE: 0xb36a
INST:    1101 1000 0100 0000 add r0, r0, r2  
ARCH:    INUM:      469 PC: 0x0088 REG: 0 VALUE: 0x45b2
VERILOG: INUM:      469 PC: 0x0088 REG: 0 VALUE: 0x45b2
INST:    1101 1000 1000 0000 add r0, r0, r4  
ARCH:    INUM:      470 PC: 0x008a REG: 0 VALUE: 0x45b2
VERILOG: INUM:      470 PC: 0x008a REG: 0 VALUE: 0x45b2
INST:    0010 1111 0000 0000 jr r7, 0  
ARCH:    INUM:      471 PC: 0x008c
VERILOG: INUM:      471 PC: 0x008c
INST:    0100 0110 1101 1111 addi r6, r6, -1  
ARCH:    INUM:      472 PC: 0x0076 REG: 6 VALUE: 0x0007
VERILOG: INUM:      472 PC: 0x0076 REG: 6 VALUE: 0x0007
INST:    0110 1110 1111 0100 bnez r6, .subloop  
ARCH:    INUM:      473 PC: 0x0078
VERILOG: INUM:      473 PC: 0x0078
INST:    1000 1101 0100 0000 ld r2, r5, 0  
ARCH:    INUM:      474 PC: 0x006e REG: 2 VALUE: 0xd944 ADDR: 0x0024
VERILOG: INUM:      474 PC: 0x006e REG: 2 VALUE: 0xd944 ADDR: 0x0024
INST:    1000 1101 0110 0010 ld r3, r5, 2  
ARCH:    INUM:      475 PC: 0x0070 REG: 3 VALUE: 0xd964 ADDR: 0x0026
VERILOG: INUM:      475 PC: 0x0070 REG: 3 VALUE: 0xd964 ADDR: 0x0026
INST:    0100 0101 1010 0100 addi r5, r5, 4  
ARCH:    INUM:      476 PC: 0x0072 REG: 5 VALUE: 0x0028
VERILOG: INUM:      476 PC: 0x0072 REG: 5 VALUE: 0x0028
INST:    0011 0000 0000 1110 jal .Add32  
ARCH:    INUM:      477 PC: 0x0074 REG: 7 VALUE: 0x0076
VERILOG: INUM:      477 PC: 0x0074 REG: 7 VALUE: 0x0076
INST:    1111 1001 0111 0000 sco r4, r1, r3  
ARCH:    INUM:      478 PC: 0x0084 REG: 4 VALUE: 0x0001
VERILOG: INUM:      478 PC: 0x0084 REG: 4 VALUE: 0x0001
INST:    1101 1001 0110 0100 add r1, r1, r3  
ARCH:    INUM:      479 PC: 0x0086 REG: 1 VALUE: 0x8cce
VERILOG: INUM:      479 PC: 0x0086 REG: 1 VALUE: 0x8cce
INST:    1101 1000 0100 0000 add r0, r0, r2  
ARCH:    INUM:      480 PC: 0x0088 REG: 0 VALUE: 0x1ef6
VERILOG: INUM:      480 PC: 0x0088 REG: 0 VALUE: 0x1ef6
INST:    1101 1000 1000 0000 add r0, r0, r4  
ARCH:    INUM:      481 PC: 0x008a REG: 0 VALUE: 0x1ef7
VERILOG: INUM:      481 PC: 0x008a REG: 0 VALUE: 0x1ef7
INST:    0010 1111 0000 0000 jr r7, 0  
ARCH:    INUM:      482 PC: 0x008c
VERILOG: INUM:      482 PC: 0x008c
INST:    0100 0110 1101 1111 addi r6, r6, -1  
ARCH:    INUM:      483 PC: 0x0076 REG: 6 VALUE: 0x0006
VERILOG: INUM:      483 PC: 0x0076 REG: 6 VALUE: 0x0006
INST:    0110 1110 1111 0100 bnez r6, .subloop  
ARCH:    INUM:      484 PC: 0x0078
VERILOG: INUM:      484 PC: 0x0078
INST:    1000 1101 0100 0000 ld r2, r5, 0  
ARCH:    INUM:      485 PC: 0x006e REG: 2 VALUE: 0xd984 ADDR: 0x0028
VERILOG: INUM:      485 PC: 0x006e REG: 2 VALUE: 0xd984 ADDR: 0x0028
INST:    1000 1101 0110 0010 ld r3, r5, 2  
ARCH:    INUM:      486 PC: 0x0070 REG: 3 VALUE: 0xd9a4 ADDR: 0x002a
VERILOG: INUM:      486 PC: 0x0070 REG: 3 VALUE: 0xd9a4 ADDR: 0x002a
INST:    0100 0101 1010 0100 addi r5, r5, 4  
ARCH:    INUM:      487 PC: 0x0072 REG: 5 VALUE: 0x002c
VERILOG: INUM:      487 PC: 0x0072 REG: 5 VALUE: 0x002c
INST:    0011 0000 0000 1110 jal .Add32  
ARCH:    INUM:      488 PC: 0x0074 REG: 7 VALUE: 0x0076
VERILOG: INUM:      488 PC: 0x0074 REG: 7 VALUE: 0x0076
INST:    1111 1001 0111 0000 sco r4, r1, r3  
ARCH:    INUM:      489 PC: 0x0084 REG: 4 VALUE: 0x0001
VERILOG: INUM:      489 PC: 0x0084 REG: 4 VALUE: 0x0001
INST:    1101 1001 0110 0100 add r1, r1, r3  
ARCH:    INUM:      490 PC: 0x0086 REG: 1 VALUE: 0x6672
VERILOG: INUM:      490 PC: 0x0086 REG: 1 VALUE: 0x6672
INST:    1101 1000 0100 0000 add r0, r0, r2  
ARCH:    INUM:      491 PC: 0x0088 REG: 0 VALUE: 0xf87b
VERILOG: INUM:      491 PC: 0x0088 REG: 0 VALUE: 0xf87b
INST:    1101 1000 1000 0000 add r0, r0, r4  
ARCH:    INUM:      492 PC: 0x008a REG: 0 VALUE: 0xf87c
VERILOG: INUM:      492 PC: 0x008a REG: 0 VALUE: 0xf87c
INST:    0010 1111 0000 0000 jr r7, 0  
ARCH:    INUM:      493 PC: 0x008c
VERILOG: INUM:      493 PC: 0x008c
INST:    0100 0110 1101 1111 addi r6, r6, -1  
ARCH:    INUM:      494 PC: 0x0076 REG: 6 VALUE: 0x0005
VERILOG: INUM:      494 PC: 0x0076 REG: 6 VALUE: 0x0005
INST:    0110 1110 1111 0100 bnez r6, .subloop  
ARCH:    INUM:      495 PC: 0x0078
VERILOG: INUM:      495 PC: 0x0078
INST:    1000 1101 0100 0000 ld r2, r5, 0  
ARCH:    INUM:      496 PC: 0x006e REG: 2 VALUE: 0x4121 ADDR: 0x002c
VERILOG: INUM:      496 PC: 0x006e REG: 2 VALUE: 0x4121 ADDR: 0x002c
INST:    1000 1101 0110 0010 ld r3, r5, 2  
ARCH:    INUM:      497 PC: 0x0070 REG: 3 VALUE: 0xa12b ADDR: 0x002e
VERILOG: INUM:      497 PC: 0x0070 REG: 3 VALUE: 0xa12b ADDR: 0x002e
INST:    0100 0101 1010 0100 addi r5, r5, 4  
ARCH:    INUM:      498 PC: 0x0072 REG: 5 VALUE: 0x0030
VERILOG: INUM:      498 PC: 0x0072 REG: 5 VALUE: 0x0030
INST:    0011 0000 0000 1110 jal .Add32  
ARCH:    INUM:      499 PC: 0x0074 REG: 7 VALUE: 0x0076
VERILOG: INUM:      499 PC: 0x0074 REG: 7 VALUE: 0x0076
INST:    1111 1001 0111 0000 sco r4, r1, r3  
ARCH:    INUM:      500 PC: 0x0084 REG: 4 VALUE: 0x0001
VERILOG: INUM:      500 PC: 0x0084 REG: 4 VALUE: 0x0001
INST:    1101 1001 0110 0100 add r1, r1, r3  
ARCH:    INUM:      501 PC: 0x0086 REG: 1 VALUE: 0x079d
VERILOG: INUM:      501 PC: 0x0086 REG: 1 VALUE: 0x079d
INST:    1101 1000 0100 0000 add r0, r0, r2  
ARCH:    INUM:      502 PC: 0x0088 REG: 0 VALUE: 0x399d
VERILOG: INUM:      502 PC: 0x0088 REG: 0 VALUE: 0x399d
INST:    1101 1000 1000 0000 add r0, r0, r4  
ARCH:    INUM:      503 PC: 0x008a REG: 0 VALUE: 0x399e
VERILOG: INUM:      503 PC: 0x008a REG: 0 VALUE: 0x399e
INST:    0010 1111 0000 0000 jr r7, 0  
ARCH:    INUM:      504 PC: 0x008c
VERILOG: INUM:      504 PC: 0x008c
INST:    0100 0110 1101 1111 addi r6, r6, -1  
ARCH:    INUM:      505 PC: 0x0076 REG: 6 VALUE: 0x0004
VERILOG: INUM:      505 PC: 0x0076 REG: 6 VALUE: 0x0004
INST:    0110 1110 1111 0100 bnez r6, .subloop  
ARCH:    INUM:      506 PC: 0x0078
VERILOG: INUM:      506 PC: 0x0078
INST:    1000 1101 0100 0000 ld r2, r5, 0  
ARCH:    INUM:      507 PC: 0x006e REG: 2 VALUE: 0xc000 ADDR: 0x0030
VERILOG: INUM:      507 PC: 0x006e REG: 2 VALUE: 0xc000 ADDR: 0x0030
INST:    1000 1101 0110 0010 ld r3, r5, 2  
ARCH:    INUM:      508 PC: 0x0070 REG: 3 VALUE: 0x9094 ADDR: 0x0032
VERILOG: INUM:      508 PC: 0x0070 REG: 3 VALUE: 0x9094 ADDR: 0x0032
INST:    0100 0101 1010 0100 addi r5, r5, 4  
ARCH:    INUM:      509 PC: 0x0072 REG: 5 VALUE: 0x0034
VERILOG: INUM:      509 PC: 0x0072 REG: 5 VALUE: 0x0034
INST:    0011 0000 0000 1110 jal .Add32  
ARCH:    INUM:      510 PC: 0x0074 REG: 7 VALUE: 0x0076
VERILOG: INUM:      510 PC: 0x0074 REG: 7 VALUE: 0x0076
INST:    1111 1001 0111 0000 sco r4, r1, r3  
ARCH:    INUM:      511 PC: 0x0084 REG: 4 VALUE: 0x0000
VERILOG: INUM:      511 PC: 0x0084 REG: 4 VALUE: 0x0000
INST:    1101 1001 0110 0100 add r1, r1, r3  
ARCH:    INUM:      512 PC: 0x0086 REG: 1 VALUE: 0x9831
VERILOG: INUM:      512 PC: 0x0086 REG: 1 VALUE: 0x9831
INST:    1101 1000 0100 0000 add r0, r0, r2  
ARCH:    INUM:      513 PC: 0x0088 REG: 0 VALUE: 0xf99e
VERILOG: INUM:      513 PC: 0x0088 REG: 0 VALUE: 0xf99e
INST:    1101 1000 1000 0000 add r0, r0, r4  
ARCH:    INUM:      514 PC: 0x008a REG: 0 VALUE: 0xf99e
VERILOG: INUM:      514 PC: 0x008a REG: 0 VALUE: 0xf99e
INST:    0010 1111 0000 0000 jr r7, 0  
ARCH:    INUM:      515 PC: 0x008c
VERILOG: INUM:      515 PC: 0x008c
INST:    0100 0110 1101 1111 addi r6, r6, -1  
ARCH:    INUM:      516 PC: 0x0076 REG: 6 VALUE: 0x0003
VERILOG: INUM:      516 PC: 0x0076 REG: 6 VALUE: 0x0003
INST:    0110 1110 1111 0100 bnez r6, .subloop  
ARCH:    INUM:      517 PC: 0x0078
VERILOG: INUM:      517 PC: 0x0078
INST:    1000 1101 0100 0000 ld r2, r5, 0  
ARCH:    INUM:      518 PC: 0x006e REG: 2 VALUE: 0x8020 ADDR: 0x0034
VERILOG: INUM:      518 PC: 0x006e REG: 2 VALUE: 0x8020 ADDR: 0x0034
INST:    1000 1101 0110 0010 ld r3, r5, 2  
ARCH:    INUM:      519 PC: 0x0070 REG: 3 VALUE: 0xc106 ADDR: 0x0036
VERILOG: INUM:      519 PC: 0x0070 REG: 3 VALUE: 0xc106 ADDR: 0x0036
INST:    0100 0101 1010 0100 addi r5, r5, 4  
ARCH:    INUM:      520 PC: 0x0072 REG: 5 VALUE: 0x0038
VERILOG: INUM:      520 PC: 0x0072 REG: 5 VALUE: 0x0038
INST:    0011 0000 0000 1110 jal .Add32  
ARCH:    INUM:      521 PC: 0x0074 REG: 7 VALUE: 0x0076
VERILOG: INUM:      521 PC: 0x0074 REG: 7 VALUE: 0x0076
INST:    1111 1001 0111 0000 sco r4, r1, r3  
ARCH:    INUM:      522 PC: 0x0084 REG: 4 VALUE: 0x0001
VERILOG: INUM:      522 PC: 0x0084 REG: 4 VALUE: 0x0001
INST:    1101 1001 0110 0100 add r1, r1, r3  
ARCH:    INUM:      523 PC: 0x0086 REG: 1 VALUE: 0x5937
VERILOG: INUM:      523 PC: 0x0086 REG: 1 VALUE: 0x5937
INST:    1101 1000 0100 0000 add r0, r0, r2  
ARCH:    INUM:      524 PC: 0x0088 REG: 0 VALUE: 0x79be
VERILOG: INUM:      524 PC: 0x0088 REG: 0 VALUE: 0x79be
INST:    1101 1000 1000 0000 add r0, r0, r4  
ARCH:    INUM:      525 PC: 0x008a REG: 0 VALUE: 0x79bf
VERILOG: INUM:      525 PC: 0x008a REG: 0 VALUE: 0x79bf
INST:    0010 1111 0000 0000 jr r7, 0  
ARCH:    INUM:      526 PC: 0x008c
VERILOG: INUM:      526 PC: 0x008c
INST:    0100 0110 1101 1111 addi r6, r6, -1  
ARCH:    INUM:      527 PC: 0x0076 REG: 6 VALUE: 0x0002
VERILOG: INUM:      527 PC: 0x0076 REG: 6 VALUE: 0x0002
INST:    0110 1110 1111 0100 bnez r6, .subloop  
ARCH:    INUM:      528 PC: 0x0078
VERILOG: INUM:      528 PC: 0x0078
INST:    1000 1101 0100 0000 ld r2, r5, 0  
ARCH:    INUM:      529 PC: 0x006e REG: 2 VALUE: 0x4180 ADDR: 0x0038
VERILOG: INUM:      529 PC: 0x006e REG: 2 VALUE: 0x4180 ADDR: 0x0038
INST:    1000 1101 0110 0010 ld r3, r5, 2  
ARCH:    INUM:      530 PC: 0x0070 REG: 3 VALUE: 0x41be ADDR: 0x003a
VERILOG: INUM:      530 PC: 0x0070 REG: 3 VALUE: 0x41be ADDR: 0x003a
INST:    0100 0101 1010 0100 addi r5, r5, 4  
ARCH:    INUM:      531 PC: 0x0072 REG: 5 VALUE: 0x003c
VERILOG: INUM:      531 PC: 0x0072 REG: 5 VALUE: 0x003c
INST:    0011 0000 0000 1110 jal .Add32  
ARCH:    INUM:      532 PC: 0x0074 REG: 7 VALUE: 0x0076
VERILOG: INUM:      532 PC: 0x0074 REG: 7 VALUE: 0x0076
INST:    1111 1001 0111 0000 sco r4, r1, r3  
ARCH:    INUM:      533 PC: 0x0084 REG: 4 VALUE: 0x0000
VERILOG: INUM:      533 PC: 0x0084 REG: 4 VALUE: 0x0000
INST:    1101 1001 0110 0100 add r1, r1, r3  
ARCH:    INUM:      534 PC: 0x0086 REG: 1 VALUE: 0x9af5
VERILOG: INUM:      534 PC: 0x0086 REG: 1 VALUE: 0x9af5
INST:    1101 1000 0100 0000 add r0, r0, r2  
ARCH:    INUM:      535 PC: 0x0088 REG: 0 VALUE: 0xbb3f
VERILOG: INUM:      535 PC: 0x0088 REG: 0 VALUE: 0xbb3f
INST:    1101 1000 1000 0000 add r0, r0, r4  
ARCH:    INUM:      536 PC: 0x008a REG: 0 VALUE: 0xbb3f
VERILOG: INUM:      536 PC: 0x008a REG: 0 VALUE: 0xbb3f
INST:    0010 1111 0000 0000 jr r7, 0  
ARCH:    INUM:      537 PC: 0x008c
VERILOG: INUM:      537 PC: 0x008c
INST:    0100 0110 1101 1111 addi r6, r6, -1  
ARCH:    INUM:      538 PC: 0x0076 REG: 6 VALUE: 0x0001
VERILOG: INUM:      538 PC: 0x0076 REG: 6 VALUE: 0x0001
INST:    0110 1110 1111 0100 bnez r6, .subloop  
ARCH:    INUM:      539 PC: 0x0078
VERILOG: INUM:      539 PC: 0x0078
INST:    1000 1101 0100 0000 ld r2, r5, 0  
ARCH:    INUM:      540 PC: 0x006e REG: 2 VALUE: 0x44c0 ADDR: 0x003c
VERILOG: INUM:      540 PC: 0x006e REG: 2 VALUE: 0x44c0 ADDR: 0x003c
INST:    1000 1101 0110 0010 ld r3, r5, 2  
ARCH:    INUM:      541 PC: 0x0070 REG: 3 VALUE: 0x650a ADDR: 0x003e
VERILOG: INUM:      541 PC: 0x0070 REG: 3 VALUE: 0x650a ADDR: 0x003e
INST:    0100 0101 1010 0100 addi r5, r5, 4  
ARCH:    INUM:      542 PC: 0x0072 REG: 5 VALUE: 0x0040
VERILOG: INUM:      542 PC: 0x0072 REG: 5 VALUE: 0x0040
INST:    0011 0000 0000 1110 jal .Add32  
ARCH:    INUM:      543 PC: 0x0074 REG: 7 VALUE: 0x0076
VERILOG: INUM:      543 PC: 0x0074 REG: 7 VALUE: 0x0076
INST:    1111 1001 0111 0000 sco r4, r1, r3  
ARCH:    INUM:      544 PC: 0x0084 REG: 4 VALUE: 0x0000
VERILOG: INUM:      544 PC: 0x0084 REG: 4 VALUE: 0x0000
INST:    1101 1001 0110 0100 add r1, r1, r3  
ARCH:    INUM:      545 PC: 0x0086 REG: 1 VALUE: 0xffff
VERILOG: INUM:      545 PC: 0x0086 REG: 1 VALUE: 0xffff
INST:    1101 1000 0100 0000 add r0, r0, r2  
ARCH:    INUM:      546 PC: 0x0088 REG: 0 VALUE: 0xffff
VERILOG: INUM:      546 PC: 0x0088 REG: 0 VALUE: 0xffff
INST:    1101 1000 1000 0000 add r0, r0, r4  
ARCH:    INUM:      547 PC: 0x008a REG: 0 VALUE: 0xffff
VERILOG: INUM:      547 PC: 0x008a REG: 0 VALUE: 0xffff
INST:    0010 1111 0000 0000 jr r7, 0  
ARCH:    INUM:      548 PC: 0x008c
VERILOG: INUM:      548 PC: 0x008c
INST:    0100 0110 1101 1111 addi r6, r6, -1  
ARCH:    INUM:      549 PC: 0x0076 REG: 6 VALUE: 0x0000
VERILOG: INUM:      549 PC: 0x0076 REG: 6 VALUE: 0x0000
INST:    0110 1110 1111 0100 bnez r6, .subloop  
ARCH:    INUM:      550 PC: 0x0078
VERILOG: INUM:      550 PC: 0x0078
INST:    1100 0111 0000 0000 lbi r7, U.DataArea  
ARCH:    INUM:      551 PC: 0x007a REG: 7 VALUE: 0x0000
VERILOG: INUM:      551 PC: 0x007a REG: 7 VALUE: 0x0000
INST:    1001 0111 1001 0100 slbi r7, L.DataArea  
ARCH:    INUM:      552 PC: 0x007c REG: 7 VALUE: 0x0094
VERILOG: INUM:      552 PC: 0x007c REG: 7 VALUE: 0x0094
INST:    1000 0111 0000 0100 st r0, r7, 4  
ARCH:    INUM:      553 PC: 0x007e ADDR: 0x0098 VALUE: 0xffff
VERILOG: INUM:      553 PC: 0x007e ADDR: 0x0098 VALUE: 0xffff
INST:    1000 0111 0010 0110 st r1, r7, 6  
ARCH:    INUM:      554 PC: 0x0080 ADDR: 0x009a VALUE: 0xffff
VERILOG: INUM:      554 PC: 0x0080 ADDR: 0x009a VALUE: 0xffff
INST:    0000 0000 0000 0000 halt  
ARCH:    INUM:      555 PC: 0x0082
VERILOG: INUM:      555 PC: 0x0082
