INUM:        0 PC: 0x0000 REG: 0 VALUE: 0x0010
INUM:        1 PC: 0x0002 REG: 1 VALUE: 0x0001
INUM:        2 PC: 0x0004 REG: 2 VALUE: 0x0002
INUM:        3 PC: 0x0006 REG: 3 VALUE: 0x0004
INUM:        4 PC: 0x0008 REG: 4 VALUE: 0x0008
INUM:        5 PC: 0x000a REG: 5 VALUE: 0x0010
INUM:        6 PC: 0x000c REG: 1 VALUE: 0x0001
INUM:        7 PC: 0x000e REG: 2 VALUE: 0x0002
INUM:        8 PC: 0x0010 REG: 3 VALUE: 0x0004
INUM:        9 PC: 0x0012 REG: 4 VALUE: 0x0008
INUM:       10 PC: 0x0014 REG: 5 VALUE: 0x0010
INUM:       11 PC: 0x0016 REG: 0 VALUE: 0x000f
INUM:       12 PC: 0x0018
INUM:       13 PC: 0x000c REG: 1 VALUE: 0x8000
INUM:       14 PC: 0x000e REG: 2 VALUE: 0x0001
INUM:       15 PC: 0x0010 REG: 3 VALUE: 0x0002
INUM:       16 PC: 0x0012 REG: 4 VALUE: 0x0004
INUM:       17 PC: 0x0014 REG: 5 VALUE: 0x0008
INUM:       18 PC: 0x0016 REG: 0 VALUE: 0x000e
INUM:       19 PC: 0x0018
INUM:       20 PC: 0x000c REG: 1 VALUE: 0x2000
INUM:       21 PC: 0x000e REG: 2 VALUE: 0x4000
INUM:       22 PC: 0x0010 REG: 3 VALUE: 0x8000
INUM:       23 PC: 0x0012 REG: 4 VALUE: 0x0001
INUM:       24 PC: 0x0014 REG: 5 VALUE: 0x0002
INUM:       25 PC: 0x0016 REG: 0 VALUE: 0x000d
INUM:       26 PC: 0x0018
INUM:       27 PC: 0x000c REG: 1 VALUE: 0x0400
INUM:       28 PC: 0x000e REG: 2 VALUE: 0x0800
INUM:       29 PC: 0x0010 REG: 3 VALUE: 0x1000
INUM:       30 PC: 0x0012 REG: 4 VALUE: 0x2000
INUM:       31 PC: 0x0014 REG: 5 VALUE: 0x4000
INUM:       32 PC: 0x0016 REG: 0 VALUE: 0x000c
INUM:       33 PC: 0x0018
INUM:       34 PC: 0x000c REG: 1 VALUE: 0x0040
INUM:       35 PC: 0x000e REG: 2 VALUE: 0x0080
INUM:       36 PC: 0x0010 REG: 3 VALUE: 0x0100
INUM:       37 PC: 0x0012 REG: 4 VALUE: 0x0200
INUM:       38 PC: 0x0014 REG: 5 VALUE: 0x0400
INUM:       39 PC: 0x0016 REG: 0 VALUE: 0x000b
INUM:       40 PC: 0x0018
INUM:       41 PC: 0x000c REG: 1 VALUE: 0x0002
INUM:       42 PC: 0x000e REG: 2 VALUE: 0x0004
INUM:       43 PC: 0x0010 REG: 3 VALUE: 0x0008
INUM:       44 PC: 0x0012 REG: 4 VALUE: 0x0010
INUM:       45 PC: 0x0014 REG: 5 VALUE: 0x0020
INUM:       46 PC: 0x0016 REG: 0 VALUE: 0x000a
INUM:       47 PC: 0x0018
INUM:       48 PC: 0x000c REG: 1 VALUE: 0x0800
INUM:       49 PC: 0x000e REG: 2 VALUE: 0x1000
INUM:       50 PC: 0x0010 REG: 3 VALUE: 0x2000
INUM:       51 PC: 0x0012 REG: 4 VALUE: 0x4000
INUM:       52 PC: 0x0014 REG: 5 VALUE: 0x8000
INUM:       53 PC: 0x0016 REG: 0 VALUE: 0x0009
INUM:       54 PC: 0x0018
INUM:       55 PC: 0x000c REG: 1 VALUE: 0x0010
INUM:       56 PC: 0x000e REG: 2 VALUE: 0x0020
INUM:       57 PC: 0x0010 REG: 3 VALUE: 0x0040
INUM:       58 PC: 0x0012 REG: 4 VALUE: 0x0080
INUM:       59 PC: 0x0014 REG: 5 VALUE: 0x0100
INUM:       60 PC: 0x0016 REG: 0 VALUE: 0x0008
INUM:       61 PC: 0x0018
INUM:       62 PC: 0x000c REG: 1 VALUE: 0x1000
INUM:       63 PC: 0x000e REG: 2 VALUE: 0x2000
INUM:       64 PC: 0x0010 REG: 3 VALUE: 0x4000
INUM:       65 PC: 0x0012 REG: 4 VALUE: 0x8000
INUM:       66 PC: 0x0014 REG: 5 VALUE: 0x0001
INUM:       67 PC: 0x0016 REG: 0 VALUE: 0x0007
INUM:       68 PC: 0x0018
INUM:       69 PC: 0x000c REG: 1 VALUE: 0x0008
INUM:       70 PC: 0x000e REG: 2 VALUE: 0x0010
INUM:       71 PC: 0x0010 REG: 3 VALUE: 0x0020
INUM:       72 PC: 0x0012 REG: 4 VALUE: 0x0040
INUM:       73 PC: 0x0014 REG: 5 VALUE: 0x0080
INUM:       74 PC: 0x0016 REG: 0 VALUE: 0x0006
INUM:       75 PC: 0x0018
INUM:       76 PC: 0x000c REG: 1 VALUE: 0x0200
INUM:       77 PC: 0x000e REG: 2 VALUE: 0x0400
INUM:       78 PC: 0x0010 REG: 3 VALUE: 0x0800
INUM:       79 PC: 0x0012 REG: 4 VALUE: 0x1000
INUM:       80 PC: 0x0014 REG: 5 VALUE: 0x2000
INUM:       81 PC: 0x0016 REG: 0 VALUE: 0x0005
INUM:       82 PC: 0x0018
INUM:       83 PC: 0x000c REG: 1 VALUE: 0x4000
INUM:       84 PC: 0x000e REG: 2 VALUE: 0x8000
INUM:       85 PC: 0x0010 REG: 3 VALUE: 0x0001
INUM:       86 PC: 0x0012 REG: 4 VALUE: 0x0002
INUM:       87 PC: 0x0014 REG: 5 VALUE: 0x0004
INUM:       88 PC: 0x0016 REG: 0 VALUE: 0x0004
INUM:       89 PC: 0x0018
INUM:       90 PC: 0x000c REG: 1 VALUE: 0x0004
INUM:       91 PC: 0x000e REG: 2 VALUE: 0x0008
INUM:       92 PC: 0x0010 REG: 3 VALUE: 0x0010
INUM:       93 PC: 0x0012 REG: 4 VALUE: 0x0020
INUM:       94 PC: 0x0014 REG: 5 VALUE: 0x0040
INUM:       95 PC: 0x0016 REG: 0 VALUE: 0x0003
INUM:       96 PC: 0x0018
INUM:       97 PC: 0x000c REG: 1 VALUE: 0x0020
INUM:       98 PC: 0x000e REG: 2 VALUE: 0x0040
INUM:       99 PC: 0x0010 REG: 3 VALUE: 0x0080
INUM:      100 PC: 0x0012 REG: 4 VALUE: 0x0100
INUM:      101 PC: 0x0014 REG: 5 VALUE: 0x0200
INUM:      102 PC: 0x0016 REG: 0 VALUE: 0x0002
INUM:      103 PC: 0x0018
INUM:      104 PC: 0x000c REG: 1 VALUE: 0x0080
INUM:      105 PC: 0x000e REG: 2 VALUE: 0x0100
INUM:      106 PC: 0x0010 REG: 3 VALUE: 0x0200
INUM:      107 PC: 0x0012 REG: 4 VALUE: 0x0400
INUM:      108 PC: 0x0014 REG: 5 VALUE: 0x0800
INUM:      109 PC: 0x0016 REG: 0 VALUE: 0x0001
INUM:      110 PC: 0x0018
INUM:      111 PC: 0x000c REG: 1 VALUE: 0x0100
INUM:      112 PC: 0x000e REG: 2 VALUE: 0x0200
INUM:      113 PC: 0x0010 REG: 3 VALUE: 0x0400
INUM:      114 PC: 0x0012 REG: 4 VALUE: 0x0800
INUM:      115 PC: 0x0014 REG: 5 VALUE: 0x1000
INUM:      116 PC: 0x0016 REG: 0 VALUE: 0x0000
INUM:      117 PC: 0x0018
INUM:      118 PC: 0x001a REG: 1 VALUE: 0x0001
INUM:      119 PC: 0x001c REG: 2 VALUE: 0x0002
INUM:      120 PC: 0x001e REG: 3 VALUE: 0x0004
INUM:      121 PC: 0x0020 REG: 4 VALUE: 0x0008
INUM:      122 PC: 0x0022 REG: 5 VALUE: 0x0010
INUM:      123 PC: 0x0024 REG: 1 VALUE: 0x0003
INUM:      124 PC: 0x0026 REG: 1 VALUE: 0x0007
INUM:      125 PC: 0x0028 REG: 1 VALUE: 0x000f
INUM:      126 PC: 0x002a REG: 1 VALUE: 0x001f
INUM:      127 PC: 0x002c REG: 1 VALUE: 0x0020
INUM:      128 PC: 0x002e REG: 1 VALUE: 0x0001
INUM:      129 PC: 0x0030 REG: 0 VALUE: 0x0000
INUM:      130 PC: 0x0032 REG: 0 VALUE: 0x0094
INUM:      131 PC: 0x0034 ADDR: 0x0094 VALUE: 0x0001
INUM:      132 PC: 0x0036 REG: 1 VALUE: 0x0006
INUM:      133 PC: 0x0038 REG: 4 VALUE: 0x0006
INUM:      134 PC: 0x003a REG: 5 VALUE: 0x0004
INUM:      135 PC: 0x003c REG: 6 VALUE: 0x0006
INUM:      136 PC: 0x003e
INUM:      137 PC: 0x0040 REG: 4 VALUE: 0x000c
INUM:      138 PC: 0x0042 REG: 5 VALUE: 0x0003
INUM:      139 PC: 0x0044
INUM:      140 PC: 0x0040 REG: 4 VALUE: 0x0012
INUM:      141 PC: 0x0042 REG: 5 VALUE: 0x0002
INUM:      142 PC: 0x0044
INUM:      143 PC: 0x0040 REG: 4 VALUE: 0x0018
INUM:      144 PC: 0x0042 REG: 5 VALUE: 0x0001
INUM:      145 PC: 0x0044
INUM:      146 PC: 0x0040 REG: 4 VALUE: 0x001e
INUM:      147 PC: 0x0042 REG: 5 VALUE: 0x0000
INUM:      148 PC: 0x0044
INUM:      149 PC: 0x0046 REG: 1 VALUE: 0x0005
INUM:      150 PC: 0x0048
INUM:      151 PC: 0x003a REG: 5 VALUE: 0x0003
INUM:      152 PC: 0x003c REG: 6 VALUE: 0x001e
INUM:      153 PC: 0x003e
INUM:      154 PC: 0x0040 REG: 4 VALUE: 0x003c
INUM:      155 PC: 0x0042 REG: 5 VALUE: 0x0002
INUM:      156 PC: 0x0044
INUM:      157 PC: 0x0040 REG: 4 VALUE: 0x005a
INUM:      158 PC: 0x0042 REG: 5 VALUE: 0x0001
INUM:      159 PC: 0x0044
INUM:      160 PC: 0x0040 REG: 4 VALUE: 0x0078
INUM:      161 PC: 0x0042 REG: 5 VALUE: 0x0000
INUM:      162 PC: 0x0044
INUM:      163 PC: 0x0046 REG: 1 VALUE: 0x0004
INUM:      164 PC: 0x0048
INUM:      165 PC: 0x003a REG: 5 VALUE: 0x0002
INUM:      166 PC: 0x003c REG: 6 VALUE: 0x0078
INUM:      167 PC: 0x003e
INUM:      168 PC: 0x0040 REG: 4 VALUE: 0x00f0
INUM:      169 PC: 0x0042 REG: 5 VALUE: 0x0001
INUM:      170 PC: 0x0044
INUM:      171 PC: 0x0040 REG: 4 VALUE: 0x0168
INUM:      172 PC: 0x0042 REG: 5 VALUE: 0x0000
INUM:      173 PC: 0x0044
INUM:      174 PC: 0x0046 REG: 1 VALUE: 0x0003
INUM:      175 PC: 0x0048
INUM:      176 PC: 0x003a REG: 5 VALUE: 0x0001
INUM:      177 PC: 0x003c REG: 6 VALUE: 0x0168
INUM:      178 PC: 0x003e
INUM:      179 PC: 0x0040 REG: 4 VALUE: 0x02d0
INUM:      180 PC: 0x0042 REG: 5 VALUE: 0x0000
INUM:      181 PC: 0x0044
INUM:      182 PC: 0x0046 REG: 1 VALUE: 0x0002
INUM:      183 PC: 0x0048
INUM:      184 PC: 0x003a REG: 5 VALUE: 0x0000
INUM:      185 PC: 0x003c REG: 6 VALUE: 0x02d0
INUM:      186 PC: 0x003e
INUM:      187 PC: 0x004a REG: 7 VALUE: 0x0000
INUM:      188 PC: 0x004c REG: 7 VALUE: 0x0094
INUM:      189 PC: 0x004e ADDR: 0x0096 VALUE: 0x02d0
INUM:      190 PC: 0x0050 REG: 5 VALUE: 0x0000
INUM:      191 PC: 0x0052 REG: 6 VALUE: 0x0010
INUM:      192 PC: 0x0054 REG: 0 VALUE: 0x0000
INUM:      193 PC: 0x0056 REG: 1 VALUE: 0x0000
INUM:      194 PC: 0x0058 REG: 2 VALUE: 0xc010 ADDR: 0x0000
INUM:      195 PC: 0x005a REG: 3 VALUE: 0xc101 ADDR: 0x0002
INUM:      196 PC: 0x005c REG: 5 VALUE: 0x0004
INUM:      197 PC: 0x005e REG: 7 VALUE: 0x0060
INUM:      198 PC: 0x0084 REG: 4 VALUE: 0x0000
INUM:      199 PC: 0x0086 REG: 1 VALUE: 0xc101
INUM:      200 PC: 0x0088 REG: 0 VALUE: 0xc010
INUM:      201 PC: 0x008a REG: 0 VALUE: 0xc010
INUM:      202 PC: 0x008c
INUM:      203 PC: 0x0060 REG: 6 VALUE: 0x000f
INUM:      204 PC: 0x0062
INUM:      205 PC: 0x0058 REG: 2 VALUE: 0xc202 ADDR: 0x0004
INUM:      206 PC: 0x005a REG: 3 VALUE: 0xc304 ADDR: 0x0006
INUM:      207 PC: 0x005c REG: 5 VALUE: 0x0008
INUM:      208 PC: 0x005e REG: 7 VALUE: 0x0060
INUM:      209 PC: 0x0084 REG: 4 VALUE: 0x0001
INUM:      210 PC: 0x0086 REG: 1 VALUE: 0x8405
INUM:      211 PC: 0x0088 REG: 0 VALUE: 0x8212
INUM:      212 PC: 0x008a REG: 0 VALUE: 0x8213
INUM:      213 PC: 0x008c
INUM:      214 PC: 0x0060 REG: 6 VALUE: 0x000e
INUM:      215 PC: 0x0062
INUM:      216 PC: 0x0058 REG: 2 VALUE: 0xc408 ADDR: 0x0008
INUM:      217 PC: 0x005a REG: 3 VALUE: 0xc510 ADDR: 0x000a
INUM:      218 PC: 0x005c REG: 5 VALUE: 0x000c
INUM:      219 PC: 0x005e REG: 7 VALUE: 0x0060
INUM:      220 PC: 0x0084 REG: 4 VALUE: 0x0001
INUM:      221 PC: 0x0086 REG: 1 VALUE: 0x4915
INUM:      222 PC: 0x0088 REG: 0 VALUE: 0x461b
INUM:      223 PC: 0x008a REG: 0 VALUE: 0x461c
INUM:      224 PC: 0x008c
INUM:      225 PC: 0x0060 REG: 6 VALUE: 0x000d
INUM:      226 PC: 0x0062
INUM:      227 PC: 0x0058 REG: 2 VALUE: 0xd106 ADDR: 0x000c
INUM:      228 PC: 0x005a REG: 3 VALUE: 0xd20a ADDR: 0x000e
INUM:      229 PC: 0x005c REG: 5 VALUE: 0x0010
INUM:      230 PC: 0x005e REG: 7 VALUE: 0x0060
INUM:      231 PC: 0x0084 REG: 4 VALUE: 0x0001
INUM:      232 PC: 0x0086 REG: 1 VALUE: 0x1b1f
INUM:      233 PC: 0x0088 REG: 0 VALUE: 0x1722
INUM:      234 PC: 0x008a REG: 0 VALUE: 0x1723
INUM:      235 PC: 0x008c
INUM:      236 PC: 0x0060 REG: 6 VALUE: 0x000c
INUM:      237 PC: 0x0062
INUM:      238 PC: 0x0058 REG: 2 VALUE: 0xd30e ADDR: 0x0010
INUM:      239 PC: 0x005a REG: 3 VALUE: 0xd412 ADDR: 0x0012
INUM:      240 PC: 0x005c REG: 5 VALUE: 0x0014
INUM:      241 PC: 0x005e REG: 7 VALUE: 0x0060
INUM:      242 PC: 0x0084 REG: 4 VALUE: 0x0000
INUM:      243 PC: 0x0086 REG: 1 VALUE: 0xef31
INUM:      244 PC: 0x0088 REG: 0 VALUE: 0xea31
INUM:      245 PC: 0x008a REG: 0 VALUE: 0xea31
INUM:      246 PC: 0x008c
INUM:      247 PC: 0x0060 REG: 6 VALUE: 0x000b
INUM:      248 PC: 0x0062
INUM:      249 PC: 0x0058 REG: 2 VALUE: 0xd516 ADDR: 0x0014
INUM:      250 PC: 0x005a REG: 3 VALUE: 0x401f ADDR: 0x0016
INUM:      251 PC: 0x005c REG: 5 VALUE: 0x0018
INUM:      252 PC: 0x005e REG: 7 VALUE: 0x0060
INUM:      253 PC: 0x0084 REG: 4 VALUE: 0x0001
INUM:      254 PC: 0x0086 REG: 1 VALUE: 0x2f50
INUM:      255 PC: 0x0088 REG: 0 VALUE: 0xbf47
INUM:      256 PC: 0x008a REG: 0 VALUE: 0xbf48
INUM:      257 PC: 0x008c
INUM:      258 PC: 0x0060 REG: 6 VALUE: 0x000a
INUM:      259 PC: 0x0062
INUM:      260 PC: 0x0058 REG: 2 VALUE: 0x68f2 ADDR: 0x0018
INUM:      261 PC: 0x005a REG: 3 VALUE: 0xa128 ADDR: 0x001a
INUM:      262 PC: 0x005c REG: 5 VALUE: 0x001c
INUM:      263 PC: 0x005e REG: 7 VALUE: 0x0060
INUM:      264 PC: 0x0084 REG: 4 VALUE: 0x0000
INUM:      265 PC: 0x0086 REG: 1 VALUE: 0xd078
INUM:      266 PC: 0x0088 REG: 0 VALUE: 0x283a
INUM:      267 PC: 0x008a REG: 0 VALUE: 0x283a
INUM:      268 PC: 0x008c
INUM:      269 PC: 0x0060 REG: 6 VALUE: 0x0009
INUM:      270 PC: 0x0062
INUM:      271 PC: 0x0058 REG: 2 VALUE: 0xa248 ADDR: 0x001c
INUM:      272 PC: 0x005a REG: 3 VALUE: 0xa368 ADDR: 0x001e
INUM:      273 PC: 0x005c REG: 5 VALUE: 0x0020
INUM:      274 PC: 0x005e REG: 7 VALUE: 0x0060
INUM:      275 PC: 0x0084 REG: 4 VALUE: 0x0001
INUM:      276 PC: 0x0086 REG: 1 VALUE: 0x73e0
INUM:      277 PC: 0x0088 REG: 0 VALUE: 0xca82
INUM:      278 PC: 0x008a REG: 0 VALUE: 0xca83
INUM:      279 PC: 0x008c
INUM:      280 PC: 0x0060 REG: 6 VALUE: 0x0008
INUM:      281 PC: 0x0062
INUM:      282 PC: 0x0058 REG: 2 VALUE: 0xa488 ADDR: 0x0020
INUM:      283 PC: 0x005a REG: 3 VALUE: 0xa5a8 ADDR: 0x0022
INUM:      284 PC: 0x005c REG: 5 VALUE: 0x0024
INUM:      285 PC: 0x005e REG: 7 VALUE: 0x0060
INUM:      286 PC: 0x0084 REG: 4 VALUE: 0x0001
INUM:      287 PC: 0x0086 REG: 1 VALUE: 0x1988
INUM:      288 PC: 0x0088 REG: 0 VALUE: 0x6f0b
INUM:      289 PC: 0x008a REG: 0 VALUE: 0x6f0c
INUM:      290 PC: 0x008c
INUM:      291 PC: 0x0060 REG: 6 VALUE: 0x0007
INUM:      292 PC: 0x0062
INUM:      293 PC: 0x0058 REG: 2 VALUE: 0xd944 ADDR: 0x0024
INUM:      294 PC: 0x005a REG: 3 VALUE: 0xd964 ADDR: 0x0026
INUM:      295 PC: 0x005c REG: 5 VALUE: 0x0028
INUM:      296 PC: 0x005e REG: 7 VALUE: 0x0060
INUM:      297 PC: 0x0084 REG: 4 VALUE: 0x0000
INUM:      298 PC: 0x0086 REG: 1 VALUE: 0xf2ec
INUM:      299 PC: 0x0088 REG: 0 VALUE: 0x4850
INUM:      300 PC: 0x008a REG: 0 VALUE: 0x4850
INUM:      301 PC: 0x008c
INUM:      302 PC: 0x0060 REG: 6 VALUE: 0x0006
INUM:      303 PC: 0x0062
INUM:      304 PC: 0x0058 REG: 2 VALUE: 0xd984 ADDR: 0x0028
INUM:      305 PC: 0x005a REG: 3 VALUE: 0xd9a4 ADDR: 0x002a
INUM:      306 PC: 0x005c REG: 5 VALUE: 0x002c
INUM:      307 PC: 0x005e REG: 7 VALUE: 0x0060
INUM:      308 PC: 0x0084 REG: 4 VALUE: 0x0001
INUM:      309 PC: 0x0086 REG: 1 VALUE: 0xcc90
INUM:      310 PC: 0x0088 REG: 0 VALUE: 0x21d4
INUM:      311 PC: 0x008a REG: 0 VALUE: 0x21d5
INUM:      312 PC: 0x008c
INUM:      313 PC: 0x0060 REG: 6 VALUE: 0x0005
INUM:      314 PC: 0x0062
INUM:      315 PC: 0x0058 REG: 2 VALUE: 0x4121 ADDR: 0x002c
INUM:      316 PC: 0x005a REG: 3 VALUE: 0xa12b ADDR: 0x002e
INUM:      317 PC: 0x005c REG: 5 VALUE: 0x0030
INUM:      318 PC: 0x005e REG: 7 VALUE: 0x0060
INUM:      319 PC: 0x0084 REG: 4 VALUE: 0x0001
INUM:      320 PC: 0x0086 REG: 1 VALUE: 0x6dbb
INUM:      321 PC: 0x0088 REG: 0 VALUE: 0x62f6
INUM:      322 PC: 0x008a REG: 0 VALUE: 0x62f7
INUM:      323 PC: 0x008c
INUM:      324 PC: 0x0060 REG: 6 VALUE: 0x0004
INUM:      325 PC: 0x0062
INUM:      326 PC: 0x0058 REG: 2 VALUE: 0xc000 ADDR: 0x0030
INUM:      327 PC: 0x005a REG: 3 VALUE: 0x9094 ADDR: 0x0032
INUM:      328 PC: 0x005c REG: 5 VALUE: 0x0034
INUM:      329 PC: 0x005e REG: 7 VALUE: 0x0060
INUM:      330 PC: 0x0084 REG: 4 VALUE: 0x0000
INUM:      331 PC: 0x0086 REG: 1 VALUE: 0xfe4f
INUM:      332 PC: 0x0088 REG: 0 VALUE: 0x22f7
INUM:      333 PC: 0x008a REG: 0 VALUE: 0x22f7
INUM:      334 PC: 0x008c
INUM:      335 PC: 0x0060 REG: 6 VALUE: 0x0003
INUM:      336 PC: 0x0062
INUM:      337 PC: 0x0058 REG: 2 VALUE: 0x8020 ADDR: 0x0034
INUM:      338 PC: 0x005a REG: 3 VALUE: 0xc106 ADDR: 0x0036
INUM:      339 PC: 0x005c REG: 5 VALUE: 0x0038
INUM:      340 PC: 0x005e REG: 7 VALUE: 0x0060
INUM:      341 PC: 0x0084 REG: 4 VALUE: 0x0001
INUM:      342 PC: 0x0086 REG: 1 VALUE: 0xbf55
INUM:      343 PC: 0x0088 REG: 0 VALUE: 0xa317
INUM:      344 PC: 0x008a REG: 0 VALUE: 0xa318
INUM:      345 PC: 0x008c
INUM:      346 PC: 0x0060 REG: 6 VALUE: 0x0002
INUM:      347 PC: 0x0062
INUM:      348 PC: 0x0058 REG: 2 VALUE: 0x4180 ADDR: 0x0038
INUM:      349 PC: 0x005a REG: 3 VALUE: 0x41be ADDR: 0x003a
INUM:      350 PC: 0x005c REG: 5 VALUE: 0x003c
INUM:      351 PC: 0x005e REG: 7 VALUE: 0x0060
INUM:      352 PC: 0x0084 REG: 4 VALUE: 0x0001
INUM:      353 PC: 0x0086 REG: 1 VALUE: 0x0113
INUM:      354 PC: 0x0088 REG: 0 VALUE: 0xe498
INUM:      355 PC: 0x008a REG: 0 VALUE: 0xe499
INUM:      356 PC: 0x008c
INUM:      357 PC: 0x0060 REG: 6 VALUE: 0x0001
INUM:      358 PC: 0x0062
INUM:      359 PC: 0x0058 REG: 2 VALUE: 0x44c0 ADDR: 0x003c
INUM:      360 PC: 0x005a REG: 3 VALUE: 0x650a ADDR: 0x003e
INUM:      361 PC: 0x005c REG: 5 VALUE: 0x0040
INUM:      362 PC: 0x005e REG: 7 VALUE: 0x0060
INUM:      363 PC: 0x0084 REG: 4 VALUE: 0x0000
INUM:      364 PC: 0x0086 REG: 1 VALUE: 0x661d
INUM:      365 PC: 0x0088 REG: 0 VALUE: 0x2959
INUM:      366 PC: 0x008a REG: 0 VALUE: 0x2959
INUM:      367 PC: 0x008c
INUM:      368 PC: 0x0060 REG: 6 VALUE: 0x0000
INUM:      369 PC: 0x0062
INUM:      370 PC: 0x0064 REG: 6 VALUE: 0xffff
INUM:      371 PC: 0x0066 REG: 0 VALUE: 0xd6a6
INUM:      372 PC: 0x0068 REG: 1 VALUE: 0x99e2
INUM:      373 PC: 0x006a REG: 5 VALUE: 0x0000
INUM:      374 PC: 0x006c REG: 6 VALUE: 0x0010
INUM:      375 PC: 0x006e REG: 2 VALUE: 0xc010 ADDR: 0x0000
INUM:      376 PC: 0x0070 REG: 3 VALUE: 0xc101 ADDR: 0x0002
INUM:      377 PC: 0x0072 REG: 5 VALUE: 0x0004
INUM:      378 PC: 0x0074 REG: 7 VALUE: 0x0076
INUM:      379 PC: 0x0084 REG: 4 VALUE: 0x0001
INUM:      380 PC: 0x0086 REG: 1 VALUE: 0x5ae3
INUM:      381 PC: 0x0088 REG: 0 VALUE: 0x96b6
INUM:      382 PC: 0x008a REG: 0 VALUE: 0x96b7
INUM:      383 PC: 0x008c
INUM:      384 PC: 0x0076 REG: 6 VALUE: 0x000f
INUM:      385 PC: 0x0078
INUM:      386 PC: 0x006e REG: 2 VALUE: 0xc202 ADDR: 0x0004
INUM:      387 PC: 0x0070 REG: 3 VALUE: 0xc304 ADDR: 0x0006
INUM:      388 PC: 0x0072 REG: 5 VALUE: 0x0008
INUM:      389 PC: 0x0074 REG: 7 VALUE: 0x0076
INUM:      390 PC: 0x0084 REG: 4 VALUE: 0x0001
INUM:      391 PC: 0x0086 REG: 1 VALUE: 0x1de7
INUM:      392 PC: 0x0088 REG: 0 VALUE: 0x58b9
INUM:      393 PC: 0x008a REG: 0 VALUE: 0x58ba
INUM:      394 PC: 0x008c
INUM:      395 PC: 0x0076 REG: 6 VALUE: 0x000e
INUM:      396 PC: 0x0078
INUM:      397 PC: 0x006e REG: 2 VALUE: 0xc408 ADDR: 0x0008
INUM:      398 PC: 0x0070 REG: 3 VALUE: 0xc510 ADDR: 0x000a
INUM:      399 PC: 0x0072 REG: 5 VALUE: 0x000c
INUM:      400 PC: 0x0074 REG: 7 VALUE: 0x0076
INUM:      401 PC: 0x0084 REG: 4 VALUE: 0x0000
INUM:      402 PC: 0x0086 REG: 1 VALUE: 0xe2f7
INUM:      403 PC: 0x0088 REG: 0 VALUE: 0x1cc2
INUM:      404 PC: 0x008a REG: 0 VALUE: 0x1cc2
INUM:      405 PC: 0x008c
INUM:      406 PC: 0x0076 REG: 6 VALUE: 0x000d
INUM:      407 PC: 0x0078
INUM:      408 PC: 0x006e REG: 2 VALUE: 0xd106 ADDR: 0x000c
INUM:      409 PC: 0x0070 REG: 3 VALUE: 0xd20a ADDR: 0x000e
INUM:      410 PC: 0x0072 REG: 5 VALUE: 0x0010
INUM:      411 PC: 0x0074 REG: 7 VALUE: 0x0076
INUM:      412 PC: 0x0084 REG: 4 VALUE: 0x0001
INUM:      413 PC: 0x0086 REG: 1 VALUE: 0xb501
INUM:      414 PC: 0x0088 REG: 0 VALUE: 0xedc8
INUM:      415 PC: 0x008a REG: 0 VALUE: 0xedc9
INUM:      416 PC: 0x008c
INUM:      417 PC: 0x0076 REG: 6 VALUE: 0x000c
INUM:      418 PC: 0x0078
INUM:      419 PC: 0x006e REG: 2 VALUE: 0xd30e ADDR: 0x0010
INUM:      420 PC: 0x0070 REG: 3 VALUE: 0xd412 ADDR: 0x0012
INUM:      421 PC: 0x0072 REG: 5 VALUE: 0x0014
INUM:      422 PC: 0x0074 REG: 7 VALUE: 0x0076
INUM:      423 PC: 0x0084 REG: 4 VALUE: 0x0001
INUM:      424 PC: 0x0086 REG: 1 VALUE: 0x8913
INUM:      425 PC: 0x0088 REG: 0 VALUE: 0xc0d7
INUM:      426 PC: 0x008a REG: 0 VALUE: 0xc0d8
INUM:      427 PC: 0x008c
INUM:      428 PC: 0x0076 REG: 6 VALUE: 0x000b
INUM:      429 PC: 0x0078
INUM:      430 PC: 0x006e REG: 2 VALUE: 0xd516 ADDR: 0x0014
INUM:      431 PC: 0x0070 REG: 3 VALUE: 0x401f ADDR: 0x0016
INUM:      432 PC: 0x0072 REG: 5 VALUE: 0x0018
INUM:      433 PC: 0x0074 REG: 7 VALUE: 0x0076
INUM:      434 PC: 0x0084 REG: 4 VALUE: 0x0000
INUM:      435 PC: 0x0086 REG: 1 VALUE: 0xc932
INUM:      436 PC: 0x0088 REG: 0 VALUE: 0x95ee
INUM:      437 PC: 0x008a REG: 0 VALUE: 0x95ee
INUM:      438 PC: 0x008c
INUM:      439 PC: 0x0076 REG: 6 VALUE: 0x000a
INUM:      440 PC: 0x0078
INUM:      441 PC: 0x006e REG: 2 VALUE: 0x68f2 ADDR: 0x0018
INUM:      442 PC: 0x0070 REG: 3 VALUE: 0xa128 ADDR: 0x001a
INUM:      443 PC: 0x0072 REG: 5 VALUE: 0x001c
INUM:      444 PC: 0x0074 REG: 7 VALUE: 0x0076
INUM:      445 PC: 0x0084 REG: 4 VALUE: 0x0001
INUM:      446 PC: 0x0086 REG: 1 VALUE: 0x6a5a
INUM:      447 PC: 0x0088 REG: 0 VALUE: 0xfee0
INUM:      448 PC: 0x008a REG: 0 VALUE: 0xfee1
INUM:      449 PC: 0x008c
INUM:      450 PC: 0x0076 REG: 6 VALUE: 0x0009
INUM:      451 PC: 0x0078
INUM:      452 PC: 0x006e REG: 2 VALUE: 0xa248 ADDR: 0x001c
INUM:      453 PC: 0x0070 REG: 3 VALUE: 0xa368 ADDR: 0x001e
INUM:      454 PC: 0x0072 REG: 5 VALUE: 0x0020
INUM:      455 PC: 0x0074 REG: 7 VALUE: 0x0076
INUM:      456 PC: 0x0084 REG: 4 VALUE: 0x0001
INUM:      457 PC: 0x0086 REG: 1 VALUE: 0x0dc2
INUM:      458 PC: 0x0088 REG: 0 VALUE: 0xa129
INUM:      459 PC: 0x008a REG: 0 VALUE: 0xa12a
INUM:      460 PC: 0x008c
INUM:      461 PC: 0x0076 REG: 6 VALUE: 0x0008
INUM:      462 PC: 0x0078
INUM:      463 PC: 0x006e REG: 2 VALUE: 0xa488 ADDR: 0x0020
INUM:      464 PC: 0x0070 REG: 3 VALUE: 0xa5a8 ADDR: 0x0022
INUM:      465 PC: 0x0072 REG: 5 VALUE: 0x0024
INUM:      466 PC: 0x0074 REG: 7 VALUE: 0x0076
INUM:      467 PC: 0x0084 REG: 4 VALUE: 0x0000
INUM:      468 PC: 0x0086 REG: 1 VALUE: 0xb36a
INUM:      469 PC: 0x0088 REG: 0 VALUE: 0x45b2
INUM:      470 PC: 0x008a REG: 0 VALUE: 0x45b2
INUM:      471 PC: 0x008c
INUM:      472 PC: 0x0076 REG: 6 VALUE: 0x0007
INUM:      473 PC: 0x0078
INUM:      474 PC: 0x006e REG: 2 VALUE: 0xd944 ADDR: 0x0024
INUM:      475 PC: 0x0070 REG: 3 VALUE: 0xd964 ADDR: 0x0026
INUM:      476 PC: 0x0072 REG: 5 VALUE: 0x0028
INUM:      477 PC: 0x0074 REG: 7 VALUE: 0x0076
INUM:      478 PC: 0x0084 REG: 4 VALUE: 0x0001
INUM:      479 PC: 0x0086 REG: 1 VALUE: 0x8cce
INUM:      480 PC: 0x0088 REG: 0 VALUE: 0x1ef6
INUM:      481 PC: 0x008a REG: 0 VALUE: 0x1ef7
INUM:      482 PC: 0x008c
INUM:      483 PC: 0x0076 REG: 6 VALUE: 0x0006
INUM:      484 PC: 0x0078
INUM:      485 PC: 0x006e REG: 2 VALUE: 0xd984 ADDR: 0x0028
INUM:      486 PC: 0x0070 REG: 3 VALUE: 0xd9a4 ADDR: 0x002a
INUM:      487 PC: 0x0072 REG: 5 VALUE: 0x002c
INUM:      488 PC: 0x0074 REG: 7 VALUE: 0x0076
INUM:      489 PC: 0x0084 REG: 4 VALUE: 0x0001
INUM:      490 PC: 0x0086 REG: 1 VALUE: 0x6672
INUM:      491 PC: 0x0088 REG: 0 VALUE: 0xf87b
INUM:      492 PC: 0x008a REG: 0 VALUE: 0xf87c
INUM:      493 PC: 0x008c
INUM:      494 PC: 0x0076 REG: 6 VALUE: 0x0005
INUM:      495 PC: 0x0078
INUM:      496 PC: 0x006e REG: 2 VALUE: 0x4121 ADDR: 0x002c
INUM:      497 PC: 0x0070 REG: 3 VALUE: 0xa12b ADDR: 0x002e
INUM:      498 PC: 0x0072 REG: 5 VALUE: 0x0030
INUM:      499 PC: 0x0074 REG: 7 VALUE: 0x0076
INUM:      500 PC: 0x0084 REG: 4 VALUE: 0x0001
INUM:      501 PC: 0x0086 REG: 1 VALUE: 0x079d
INUM:      502 PC: 0x0088 REG: 0 VALUE: 0x399d
INUM:      503 PC: 0x008a REG: 0 VALUE: 0x399e
INUM:      504 PC: 0x008c
INUM:      505 PC: 0x0076 REG: 6 VALUE: 0x0004
INUM:      506 PC: 0x0078
INUM:      507 PC: 0x006e REG: 2 VALUE: 0xc000 ADDR: 0x0030
INUM:      508 PC: 0x0070 REG: 3 VALUE: 0x9094 ADDR: 0x0032
INUM:      509 PC: 0x0072 REG: 5 VALUE: 0x0034
INUM:      510 PC: 0x0074 REG: 7 VALUE: 0x0076
INUM:      511 PC: 0x0084 REG: 4 VALUE: 0x0000
INUM:      512 PC: 0x0086 REG: 1 VALUE: 0x9831
INUM:      513 PC: 0x0088 REG: 0 VALUE: 0xf99e
INUM:      514 PC: 0x008a REG: 0 VALUE: 0xf99e
INUM:      515 PC: 0x008c
INUM:      516 PC: 0x0076 REG: 6 VALUE: 0x0003
INUM:      517 PC: 0x0078
INUM:      518 PC: 0x006e REG: 2 VALUE: 0x8020 ADDR: 0x0034
INUM:      519 PC: 0x0070 REG: 3 VALUE: 0xc106 ADDR: 0x0036
INUM:      520 PC: 0x0072 REG: 5 VALUE: 0x0038
INUM:      521 PC: 0x0074 REG: 7 VALUE: 0x0076
INUM:      522 PC: 0x0084 REG: 4 VALUE: 0x0001
INUM:      523 PC: 0x0086 REG: 1 VALUE: 0x5937
INUM:      524 PC: 0x0088 REG: 0 VALUE: 0x79be
INUM:      525 PC: 0x008a REG: 0 VALUE: 0x79bf
INUM:      526 PC: 0x008c
INUM:      527 PC: 0x0076 REG: 6 VALUE: 0x0002
INUM:      528 PC: 0x0078
INUM:      529 PC: 0x006e REG: 2 VALUE: 0x4180 ADDR: 0x0038
INUM:      530 PC: 0x0070 REG: 3 VALUE: 0x41be ADDR: 0x003a
INUM:      531 PC: 0x0072 REG: 5 VALUE: 0x003c
INUM:      532 PC: 0x0074 REG: 7 VALUE: 0x0076
INUM:      533 PC: 0x0084 REG: 4 VALUE: 0x0000
INUM:      534 PC: 0x0086 REG: 1 VALUE: 0x9af5
INUM:      535 PC: 0x0088 REG: 0 VALUE: 0xbb3f
INUM:      536 PC: 0x008a REG: 0 VALUE: 0xbb3f
INUM:      537 PC: 0x008c
INUM:      538 PC: 0x0076 REG: 6 VALUE: 0x0001
INUM:      539 PC: 0x0078
INUM:      540 PC: 0x006e REG: 2 VALUE: 0x44c0 ADDR: 0x003c
INUM:      541 PC: 0x0070 REG: 3 VALUE: 0x650a ADDR: 0x003e
INUM:      542 PC: 0x0072 REG: 5 VALUE: 0x0040
INUM:      543 PC: 0x0074 REG: 7 VALUE: 0x0076
INUM:      544 PC: 0x0084 REG: 4 VALUE: 0x0000
INUM:      545 PC: 0x0086 REG: 1 VALUE: 0xffff
INUM:      546 PC: 0x0088 REG: 0 VALUE: 0xffff
INUM:      547 PC: 0x008a REG: 0 VALUE: 0xffff
INUM:      548 PC: 0x008c
INUM:      549 PC: 0x0076 REG: 6 VALUE: 0x0000
INUM:      550 PC: 0x0078
INUM:      551 PC: 0x007a REG: 7 VALUE: 0x0000
INUM:      552 PC: 0x007c REG: 7 VALUE: 0x0094
INUM:      553 PC: 0x007e ADDR: 0x0098 VALUE: 0xffff
INUM:      554 PC: 0x0080 ADDR: 0x009a VALUE: 0xffff
INUM:      555 PC: 0x0082
